0.1.1.0
2021-12-27 14:13:06| ! ! Синхронизация по расписанию ВКЛЮЧЕНА ! !
2021-12-27 14:13:22| --------------\*/ Синхронизация НАЧАЛО (ручной режим) \*/---------------
2021-12-27 14:13:22| ******************************< 26 >***********************************
2021-12-27 14:13:22| Обновляется сервер Ставрополь АВ [815] ip:172.27.1.5
2021-12-27 14:13:22| проверка необходимости в обновлении сервера
2021-12-27 14:13:22| +Определение доступности Центрального сервера
2021-12-27 14:13:22| Проверка сервера на блокировку
2021-12-27 14:13:22| Блокируем сервер 815
2021-12-27 14:13:22| =============================sync_data========================================
2021-12-27 14:13:22| - Успешно получен список синхронизируемых справочников.
2021-12-27 14:13:22| Таблица №9 из 57 | av_shedule - записей добавлено: 39
2021-12-27 14:13:22| Таблица №10 из 57 | av_shedule_atp - записей добавлено: 10
2021-12-27 14:13:22| Таблица №11 из 57 | av_shedule_ats - записей добавлено: 82
2021-12-27 14:13:22| Таблица №12 из 57 | av_shedule_bron - записей добавлено: 5
2021-12-27 14:13:22| Таблица №14 из 57 | av_shedule_fio - записей добавлено: 2
2021-12-27 14:13:22| Таблица №18 из 57 | av_shedule_price - записей добавлено: 33
2021-12-27 14:13:22| Таблица №20 из 57 | av_shedule_sezon - записей добавлено: 5
2021-12-27 14:13:22| Таблица №21 из 57 | av_shedule_sostav - записей добавлено: 52
2021-12-27 14:13:22| Таблица №22 из 57 | av_shedule_tarif - записей добавлено: 97
2021-12-27 14:13:22| Таблица №23 из 57 | av_shedule_tel - записей добавлено: 1
2021-12-27 14:13:23| Таблица №29 из 57 | av_spr_kontr_ats - записей добавлено: 2
2021-12-27 14:13:23| Таблица №31 из 57 | av_spr_kontr_fio - записей добавлено: 1
2021-12-27 14:13:23| :::::::::::::: УДАЛЕНИЕ НЕАКТУАЛЬНЫХ ЗАПИСЕЙ В ТАБЛИЦАХ :::::::::::::::::::::
2021-12-27 14:13:23| *** НЕАКТУАЛЬНЫХ ЗАПИСЕЙ НЕ ОБНАРУЖЕНО для таблицы av_arm_menu
2021-12-27 14:13:24| *** НЕАКТУАЛЬНЫХ ЗАПИСЕЙ НЕ ОБНАРУЖЕНО для таблицы av_arm_options
2021-12-27 14:13:24| *** НЕАКТУАЛЬНЫХ ЗАПИСЕЙ НЕ ОБНАРУЖЕНО для таблицы av_group
2021-12-27 14:13:24| *** НЕАКТУАЛЬНЫХ ЗАПИСЕЙ НЕ ОБНАРУЖЕНО для таблицы av_pdp_dest_point
2021-12-27 14:13:24| *** НЕАКТУАЛЬНЫХ ЗАПИСЕЙ НЕ ОБНАРУЖЕНО для таблицы av_route
2021-12-27 14:13:24| *** НЕАКТУАЛЬНЫХ ЗАПИСЕЙ НЕ ОБНАРУЖЕНО для таблицы av_servers
2021-12-27 14:13:24| *** НЕАКТУАЛЬНЫХ ЗАПИСЕЙ НЕ ОБНАРУЖЕНО для таблицы av_servers_access
2021-12-27 14:13:24| *** НЕАКТУАЛЬНЫХ ЗАПИСЕЙ НЕ ОБНАРУЖЕНО для таблицы av_servers_denyuser
2021-12-27 14:13:24| --- 32 НЕАКТУАЛЬНЫХ ЗАПИСЕЙ УДАЛЕНО из таблицы av_shedule
2021-12-27 14:13:24| --- 5 НЕАКТУАЛЬНЫХ ЗАПИСЕЙ УДАЛЕНО из таблицы av_shedule_atp
2021-12-27 14:13:24| --- 28 НЕАКТУАЛЬНЫХ ЗАПИСЕЙ УДАЛЕНО из таблицы av_shedule_ats
2021-12-27 14:13:24| --- 3 НЕАКТУАЛЬНЫХ ЗАПИСЕЙ УДАЛЕНО из таблицы av_shedule_bron
2021-12-27 14:13:24| *** НЕАКТУАЛЬНЫХ ЗАПИСЕЙ НЕ ОБНАРУЖЕНО для таблицы av_shedule_denyuser
2021-12-27 14:13:24| *** НЕАКТУАЛЬНЫХ ЗАПИСЕЙ НЕ ОБНАРУЖЕНО для таблицы av_shedule_fio
2021-12-27 14:13:24| *** НЕАКТУАЛЬНЫХ ЗАПИСЕЙ НЕ ОБНАРУЖЕНО для таблицы av_shedule_hard_bron
2021-12-27 14:13:24| *** НЕАКТУАЛЬНЫХ ЗАПИСЕЙ НЕ ОБНАРУЖЕНО для таблицы av_shedule_invisible
2021-12-27 14:13:24| *** НЕАКТУАЛЬНЫХ ЗАПИСЕЙ НЕ ОБНАРУЖЕНО для таблицы av_shedule_lgot
2021-12-27 14:13:24| --- 29 НЕАКТУАЛЬНЫХ ЗАПИСЕЙ УДАЛЕНО из таблицы av_shedule_price
2021-12-27 14:13:24| *** НЕАКТУАЛЬНЫХ ЗАПИСЕЙ НЕ ОБНАРУЖЕНО для таблицы av_shedule_remote_sale_permition
2021-12-27 14:13:24| --- 1 НЕАКТУАЛЬНЫХ ЗАПИСЕЙ УДАЛЕНО из таблицы av_shedule_sezon
2021-12-27 14:13:25| --- 9 НЕАКТУАЛЬНЫХ ЗАПИСЕЙ УДАЛЕНО из таблицы av_shedule_sostav
2021-12-27 14:13:25| --- 39 НЕАКТУАЛЬНЫХ ЗАПИСЕЙ УДАЛЕНО из таблицы av_shedule_tarif
2021-12-27 14:13:25| *** НЕАКТУАЛЬНЫХ ЗАПИСЕЙ НЕ ОБНАРУЖЕНО для таблицы av_shedule_tel
2021-12-27 14:13:25| *** НЕАКТУАЛЬНЫХ ЗАПИСЕЙ НЕ ОБНАРУЖЕНО для таблицы av_shedule_uslugi
2021-12-27 14:13:25| *** НЕАКТУАЛЬНЫХ ЗАПИСЕЙ НЕ ОБНАРУЖЕНО для таблицы av_shedule_voin_deny
2021-12-27 14:13:25| *** НЕАКТУАЛЬНЫХ ЗАПИСЕЙ НЕ ОБНАРУЖЕНО для таблицы av_spr_arenda
2021-12-27 14:13:25| *** НЕАКТУАЛЬНЫХ ЗАПИСЕЙ НЕ ОБНАРУЖЕНО для таблицы av_spr_ats
2021-12-27 14:13:26| *** НЕАКТУАЛЬНЫХ ЗАПИСЕЙ НЕ ОБНАРУЖЕНО для таблицы av_spr_kontragent
2021-12-27 14:13:26| *** НЕАКТУАЛЬНЫХ ЗАПИСЕЙ НЕ ОБНАРУЖЕНО для таблицы av_spr_kontr_ats
2021-12-27 14:13:26| *** НЕАКТУАЛЬНЫХ ЗАПИСЕЙ НЕ ОБНАРУЖЕНО для таблицы av_spr_kontr_dog
2021-12-27 14:13:26| *** НЕАКТУАЛЬНЫХ ЗАПИСЕЙ НЕ ОБНАРУЖЕНО для таблицы av_spr_kontr_fio
2021-12-27 14:13:26| *** НЕАКТУАЛЬНЫХ ЗАПИСЕЙ НЕ ОБНАРУЖЕНО для таблицы av_spr_kontr_license
2021-12-27 14:13:26| *** НЕАКТУАЛЬНЫХ ЗАПИСЕЙ НЕ ОБНАРУЖЕНО для таблицы av_spr_kontr_viddog
2021-12-27 14:13:26| *** НЕАКТУАЛЬНЫХ ЗАПИСЕЙ НЕ ОБНАРУЖЕНО для таблицы av_spr_lgot
2021-12-27 14:13:26| *** НЕАКТУАЛЬНЫХ ЗАПИСЕЙ НЕ ОБНАРУЖЕНО для таблицы av_spr_locality
2021-12-27 14:13:26| *** НЕАКТУАЛЬНЫХ ЗАПИСЕЙ НЕ ОБНАРУЖЕНО для таблицы av_spr_night
2021-12-27 14:13:26| *** НЕАКТУАЛЬНЫХ ЗАПИСЕЙ НЕ ОБНАРУЖЕНО для таблицы av_spr_path
2021-12-27 14:13:26| *** НЕАКТУАЛЬНЫХ ЗАПИСЕЙ НЕ ОБНАРУЖЕНО для таблицы av_spr_point
2021-12-27 14:13:26| *** НЕАКТУАЛЬНЫХ ЗАПИСЕЙ НЕ ОБНАРУЖЕНО для таблицы av_spr_point_group
2021-12-27 14:13:26| *** НЕАКТУАЛЬНЫХ ЗАПИСЕЙ НЕ ОБНАРУЖЕНО для таблицы av_spr_taxi
2021-12-27 14:13:26| *** НЕАКТУАЛЬНЫХ ЗАПИСЕЙ НЕ ОБНАРУЖЕНО для таблицы av_spr_uslugi
2021-12-27 14:13:26| *** НЕАКТУАЛЬНЫХ ЗАПИСЕЙ НЕ ОБНАРУЖЕНО для таблицы av_tarif
2021-12-27 14:13:26| *** НЕАКТУАЛЬНЫХ ЗАПИСЕЙ НЕ ОБНАРУЖЕНО для таблицы av_tarif_bagag
2021-12-27 14:13:26| *** НЕАКТУАЛЬНЫХ ЗАПИСЕЙ НЕ ОБНАРУЖЕНО для таблицы av_tarif_lgot
2021-12-27 14:13:26| *** НЕАКТУАЛЬНЫХ ЗАПИСЕЙ НЕ ОБНАРУЖЕНО для таблицы av_tarif_local
2021-12-27 14:13:26| *** НЕАКТУАЛЬНЫХ ЗАПИСЕЙ НЕ ОБНАРУЖЕНО для таблицы av_tarif_predv
2021-12-27 14:13:26| *** НЕАКТУАЛЬНЫХ ЗАПИСЕЙ НЕ ОБНАРУЖЕНО для таблицы av_tarif_uslugi
2021-12-27 14:13:26| *** НЕАКТУАЛЬНЫХ ЗАПИСЕЙ НЕ ОБНАРУЖЕНО для таблицы av_tick_addition
2021-12-27 14:13:27| *** НЕАКТУАЛЬНЫХ ЗАПИСЕЙ НЕ ОБНАРУЖЕНО для таблицы av_tick_shablon
2021-12-27 14:13:27| *** НЕАКТУАЛЬНЫХ ЗАПИСЕЙ НЕ ОБНАРУЖЕНО для таблицы av_tick_vars
2021-12-27 14:13:27| *** НЕАКТУАЛЬНЫХ ЗАПИСЕЙ НЕ ОБНАРУЖЕНО для таблицы av_users
2021-12-27 14:13:27| *** НЕАКТУАЛЬНЫХ ЗАПИСЕЙ НЕ ОБНАРУЖЕНО для таблицы av_users_arm
2021-12-27 14:13:27| *** НЕАКТУАЛЬНЫХ ЗАПИСЕЙ НЕ ОБНАРУЖЕНО для таблицы av_users_arm_options
2021-12-27 14:13:27| *** НЕАКТУАЛЬНЫХ ЗАПИСЕЙ НЕ ОБНАРУЖЕНО для таблицы av_users_group
2021-12-27 14:13:27| *** НЕАКТУАЛЬНЫХ ЗАПИСЕЙ НЕ ОБНАРУЖЕНО для таблицы av_users_menu_perm
2021-12-27 14:13:27| *** НЕАКТУАЛЬНЫХ ЗАПИСЕЙ НЕ ОБНАРУЖЕНО для таблицы av_users_podr
2021-12-27 14:13:27| *** НЕАКТУАЛЬНЫХ ЗАПИСЕЙ НЕ ОБНАРУЖЕНО для таблицы av_users_servers
2021-12-27 14:13:27| =============================Sync_local_real====================================
2021-12-27 14:13:27| +-+-+ Определение доступности Локального сервера [815] -+-+-
2021-12-27 14:13:27| -*- Заполнение таблицы av_trip локальных отрезков расписаний данными...
2021-12-27 14:13:28| +++ Таблица av_trip УСПЕШНО обновлена! Добавлено записей: 1044
2021-12-27 14:13:28| | Обновление таблицы av_trip_atp_ats [ПЕРЕВОЗЧИК + АТС]
2021-12-27 14:13:28| *** Для таблицы av-trip-atp-ats обнаружены НОВЫЕ записи в кол-ве: 1
2021-12-27 14:13:28| new atp-> 2958; 3076; Гончаров О.И.; 1795; Мерседес Спринтер ГН: В 402 РВ-26; 1; 20; 0; 
2021-12-27 14:13:28| !info! в таблице av_trip_atp_ats сейчас 1443 записей.
2021-12-27 14:13:28| _НЕАКТУАЛЬНЫХ записей в таблице не обнаружено 
2021-12-27 14:13:29| +++ В таблицу [ПЕРЕВОЗЧИК + АТС] УСПЕШНО добавлено новых записей в кол-ве: 1
2021-12-27 14:13:30| :info: в таблице av_trip_atp_ats сейчас 1444 записей.
2021-12-27 14:13:30| | Обновление таблицы av-trip-dog-lic данных по рейсам [ДОГОВОРА И ЛИЦЕНЗИИ + ПЕРЕВОЗЧИК]
2021-12-27 14:13:31| _НЕ обнаружено новых данных в таблице [ДОГОВОРА И ЛИЦЕНЗИИ + ПЕРЕВОЗЧИК]
2021-12-27 14:13:31| :info: в таблице av_trip_dog_lic сейчас 750 записей.
2021-12-27 14:13:31| ********* Успешно завершена запись журнала на Центральный сервер  *************
2021-12-27 14:13:31| *******************************************************************************
2021-12-27 14:13:31| ******************************< 27 >***********************************
2021-12-27 14:13:31| Обновляется сервер Ставрополь АС 1 [816] ip:172.27.4.5
2021-12-27 14:13:31| проверка необходимости в обновлении сервера
2021-12-27 14:13:31| +Определение доступности Центрального сервера
2021-12-27 14:13:31| Проверка сервера на блокировку
2021-12-27 14:13:31| Блокируем сервер 816
2021-12-27 14:13:31| =============================sync_data========================================
2021-12-27 14:13:31| - Успешно получен список синхронизируемых справочников.
2021-12-27 14:13:32| Таблица №9 из 57 | av_shedule - записей добавлено: 39
2021-12-27 14:13:33| Таблица №10 из 57 | av_shedule_atp - записей добавлено: 10
2021-12-27 14:13:33| Таблица №11 из 57 | av_shedule_ats - записей добавлено: 82
2021-12-27 14:13:33| Таблица №12 из 57 | av_shedule_bron - записей добавлено: 5
2021-12-27 14:13:33| Таблица №14 из 57 | av_shedule_fio - записей добавлено: 2
2021-12-27 14:13:34| Таблица №18 из 57 | av_shedule_price - записей добавлено: 33
2021-12-27 14:13:34| Таблица №20 из 57 | av_shedule_sezon - записей добавлено: 5
2021-12-27 14:13:34| Таблица №21 из 57 | av_shedule_sostav - записей добавлено: 52
2021-12-27 14:13:35| Таблица №22 из 57 | av_shedule_tarif - записей добавлено: 97
2021-12-27 14:13:35| Таблица №23 из 57 | av_shedule_tel - записей добавлено: 1
2021-12-27 14:13:36| Таблица №29 из 57 | av_spr_kontr_ats - записей добавлено: 2
2021-12-27 14:13:36| Таблица №31 из 57 | av_spr_kontr_fio - записей добавлено: 1
2021-12-27 14:13:39| :::::::::::::: УДАЛЕНИЕ НЕАКТУАЛЬНЫХ ЗАПИСЕЙ В ТАБЛИЦАХ :::::::::::::::::::::
2021-12-27 14:13:39| *** НЕАКТУАЛЬНЫХ ЗАПИСЕЙ НЕ ОБНАРУЖЕНО для таблицы av_arm_menu
2021-12-27 14:13:40| *** НЕАКТУАЛЬНЫХ ЗАПИСЕЙ НЕ ОБНАРУЖЕНО для таблицы av_arm_options
2021-12-27 14:13:40| *** НЕАКТУАЛЬНЫХ ЗАПИСЕЙ НЕ ОБНАРУЖЕНО для таблицы av_group
2021-12-27 14:13:40| *** НЕАКТУАЛЬНЫХ ЗАПИСЕЙ НЕ ОБНАРУЖЕНО для таблицы av_pdp_dest_point
2021-12-27 14:13:40| *** НЕАКТУАЛЬНЫХ ЗАПИСЕЙ НЕ ОБНАРУЖЕНО для таблицы av_route
2021-12-27 14:13:41| *** НЕАКТУАЛЬНЫХ ЗАПИСЕЙ НЕ ОБНАРУЖЕНО для таблицы av_servers
2021-12-27 14:13:41| *** НЕАКТУАЛЬНЫХ ЗАПИСЕЙ НЕ ОБНАРУЖЕНО для таблицы av_servers_access
2021-12-27 14:13:41| *** НЕАКТУАЛЬНЫХ ЗАПИСЕЙ НЕ ОБНАРУЖЕНО для таблицы av_servers_denyuser
2021-12-27 14:13:41| --- 32 НЕАКТУАЛЬНЫХ ЗАПИСЕЙ УДАЛЕНО из таблицы av_shedule
2021-12-27 14:13:41| --- 5 НЕАКТУАЛЬНЫХ ЗАПИСЕЙ УДАЛЕНО из таблицы av_shedule_atp
2021-12-27 14:13:42| --- 28 НЕАКТУАЛЬНЫХ ЗАПИСЕЙ УДАЛЕНО из таблицы av_shedule_ats
2021-12-27 14:13:42| --- 3 НЕАКТУАЛЬНЫХ ЗАПИСЕЙ УДАЛЕНО из таблицы av_shedule_bron
2021-12-27 14:13:43| *** НЕАКТУАЛЬНЫХ ЗАПИСЕЙ НЕ ОБНАРУЖЕНО для таблицы av_shedule_denyuser
2021-12-27 14:13:43| *** НЕАКТУАЛЬНЫХ ЗАПИСЕЙ НЕ ОБНАРУЖЕНО для таблицы av_shedule_fio
2021-12-27 14:13:43| *** НЕАКТУАЛЬНЫХ ЗАПИСЕЙ НЕ ОБНАРУЖЕНО для таблицы av_shedule_hard_bron
2021-12-27 14:13:43| *** НЕАКТУАЛЬНЫХ ЗАПИСЕЙ НЕ ОБНАРУЖЕНО для таблицы av_shedule_invisible
2021-12-27 14:13:43| *** НЕАКТУАЛЬНЫХ ЗАПИСЕЙ НЕ ОБНАРУЖЕНО для таблицы av_shedule_lgot
2021-12-27 14:13:44| --- 29 НЕАКТУАЛЬНЫХ ЗАПИСЕЙ УДАЛЕНО из таблицы av_shedule_price
2021-12-27 14:13:44| *** НЕАКТУАЛЬНЫХ ЗАПИСЕЙ НЕ ОБНАРУЖЕНО для таблицы av_shedule_remote_sale_permition
2021-12-27 14:13:44| --- 1 НЕАКТУАЛЬНЫХ ЗАПИСЕЙ УДАЛЕНО из таблицы av_shedule_sezon
2021-12-27 14:13:45| --- 9 НЕАКТУАЛЬНЫХ ЗАПИСЕЙ УДАЛЕНО из таблицы av_shedule_sostav
2021-12-27 14:13:46| --- 39 НЕАКТУАЛЬНЫХ ЗАПИСЕЙ УДАЛЕНО из таблицы av_shedule_tarif
2021-12-27 14:13:46| *** НЕАКТУАЛЬНЫХ ЗАПИСЕЙ НЕ ОБНАРУЖЕНО для таблицы av_shedule_tel
2021-12-27 14:13:46| *** НЕАКТУАЛЬНЫХ ЗАПИСЕЙ НЕ ОБНАРУЖЕНО для таблицы av_shedule_uslugi
2021-12-27 14:13:46| *** НЕАКТУАЛЬНЫХ ЗАПИСЕЙ НЕ ОБНАРУЖЕНО для таблицы av_shedule_voin_deny
2021-12-27 14:13:46| *** НЕАКТУАЛЬНЫХ ЗАПИСЕЙ НЕ ОБНАРУЖЕНО для таблицы av_spr_arenda
2021-12-27 14:13:47| *** НЕАКТУАЛЬНЫХ ЗАПИСЕЙ НЕ ОБНАРУЖЕНО для таблицы av_spr_ats
2021-12-27 14:13:48| *** НЕАКТУАЛЬНЫХ ЗАПИСЕЙ НЕ ОБНАРУЖЕНО для таблицы av_spr_kontragent
2021-12-27 14:13:48| *** НЕАКТУАЛЬНЫХ ЗАПИСЕЙ НЕ ОБНАРУЖЕНО для таблицы av_spr_kontr_ats
2021-12-27 14:13:48| *** НЕАКТУАЛЬНЫХ ЗАПИСЕЙ НЕ ОБНАРУЖЕНО для таблицы av_spr_kontr_dog
2021-12-27 14:13:48| *** НЕАКТУАЛЬНЫХ ЗАПИСЕЙ НЕ ОБНАРУЖЕНО для таблицы av_spr_kontr_fio
2021-12-27 14:13:49| *** НЕАКТУАЛЬНЫХ ЗАПИСЕЙ НЕ ОБНАРУЖЕНО для таблицы av_spr_kontr_license
2021-12-27 14:13:49| *** НЕАКТУАЛЬНЫХ ЗАПИСЕЙ НЕ ОБНАРУЖЕНО для таблицы av_spr_kontr_viddog
2021-12-27 14:13:49| *** НЕАКТУАЛЬНЫХ ЗАПИСЕЙ НЕ ОБНАРУЖЕНО для таблицы av_spr_lgot
2021-12-27 14:13:49| *** НЕАКТУАЛЬНЫХ ЗАПИСЕЙ НЕ ОБНАРУЖЕНО для таблицы av_spr_locality
2021-12-27 14:13:49| *** НЕАКТУАЛЬНЫХ ЗАПИСЕЙ НЕ ОБНАРУЖЕНО для таблицы av_spr_night
2021-12-27 14:13:50| *** НЕАКТУАЛЬНЫХ ЗАПИСЕЙ НЕ ОБНАРУЖЕНО для таблицы av_spr_path
2021-12-27 14:13:50| *** НЕАКТУАЛЬНЫХ ЗАПИСЕЙ НЕ ОБНАРУЖЕНО для таблицы av_spr_point
2021-12-27 14:13:50| *** НЕАКТУАЛЬНЫХ ЗАПИСЕЙ НЕ ОБНАРУЖЕНО для таблицы av_spr_point_group
2021-12-27 14:13:50| *** НЕАКТУАЛЬНЫХ ЗАПИСЕЙ НЕ ОБНАРУЖЕНО для таблицы av_spr_taxi
2021-12-27 14:13:50| *** НЕАКТУАЛЬНЫХ ЗАПИСЕЙ НЕ ОБНАРУЖЕНО для таблицы av_spr_uslugi
2021-12-27 14:13:51| *** НЕАКТУАЛЬНЫХ ЗАПИСЕЙ НЕ ОБНАРУЖЕНО для таблицы av_tarif
2021-12-27 14:13:51| *** НЕАКТУАЛЬНЫХ ЗАПИСЕЙ НЕ ОБНАРУЖЕНО для таблицы av_tarif_bagag
2021-12-27 14:13:51| *** НЕАКТУАЛЬНЫХ ЗАПИСЕЙ НЕ ОБНАРУЖЕНО для таблицы av_tarif_lgot
2021-12-27 14:13:51| *** НЕАКТУАЛЬНЫХ ЗАПИСЕЙ НЕ ОБНАРУЖЕНО для таблицы av_tarif_local
2021-12-27 14:13:52| *** НЕАКТУАЛЬНЫХ ЗАПИСЕЙ НЕ ОБНАРУЖЕНО для таблицы av_tarif_predv
2021-12-27 14:13:52| *** НЕАКТУАЛЬНЫХ ЗАПИСЕЙ НЕ ОБНАРУЖЕНО для таблицы av_tarif_uslugi
2021-12-27 14:13:52| *** НЕАКТУАЛЬНЫХ ЗАПИСЕЙ НЕ ОБНАРУЖЕНО для таблицы av_tick_addition
2021-12-27 14:13:52| *** НЕАКТУАЛЬНЫХ ЗАПИСЕЙ НЕ ОБНАРУЖЕНО для таблицы av_tick_shablon
2021-12-27 14:13:52| *** НЕАКТУАЛЬНЫХ ЗАПИСЕЙ НЕ ОБНАРУЖЕНО для таблицы av_tick_vars
2021-12-27 14:13:53| *** НЕАКТУАЛЬНЫХ ЗАПИСЕЙ НЕ ОБНАРУЖЕНО для таблицы av_users
2021-12-27 14:13:53| *** НЕАКТУАЛЬНЫХ ЗАПИСЕЙ НЕ ОБНАРУЖЕНО для таблицы av_users_arm
2021-12-27 14:13:53| *** НЕАКТУАЛЬНЫХ ЗАПИСЕЙ НЕ ОБНАРУЖЕНО для таблицы av_users_arm_options
2021-12-27 14:13:53| *** НЕАКТУАЛЬНЫХ ЗАПИСЕЙ НЕ ОБНАРУЖЕНО для таблицы av_users_group
2021-12-27 14:13:54| *** НЕАКТУАЛЬНЫХ ЗАПИСЕЙ НЕ ОБНАРУЖЕНО для таблицы av_users_menu_perm
2021-12-27 14:13:54| *** НЕАКТУАЛЬНЫХ ЗАПИСЕЙ НЕ ОБНАРУЖЕНО для таблицы av_users_podr
2021-12-27 14:13:54| *** НЕАКТУАЛЬНЫХ ЗАПИСЕЙ НЕ ОБНАРУЖЕНО для таблицы av_users_servers
2021-12-27 14:13:54| =============================Sync_local_real====================================
2021-12-27 14:13:54| +-+-+ Определение доступности Локального сервера [816] -+-+-
2021-12-27 14:13:54| -*- Заполнение таблицы av_trip локальных отрезков расписаний данными...
2021-12-27 14:13:55| +++ Таблица av_trip УСПЕШНО обновлена! Добавлено записей: 360
2021-12-27 14:13:55| | Обновление таблицы av_trip_atp_ats [ПЕРЕВОЗЧИК + АТС]
2021-12-27 14:13:55| *** Для таблицы av-trip-atp-ats обнаружены НОВЫЕ записи в кол-ве: 1
2021-12-27 14:13:55| new atp-> 2959; 6554; Маймулина Н.В.; 1404; ГАЗ-32212 ГН: М 370 ТХ 26; 1; 12; 0; 
2021-12-27 14:13:55| !info! в таблице av_trip_atp_ats сейчас 311 записей.
2021-12-27 14:13:55| _НЕАКТУАЛЬНЫХ записей в таблице не обнаружено 
2021-12-27 14:13:55| +++ В таблицу [ПЕРЕВОЗЧИК + АТС] УСПЕШНО добавлено новых записей в кол-ве: 1
2021-12-27 14:13:55| :info: в таблице av_trip_atp_ats сейчас 312 записей.
2021-12-27 14:13:55| | Обновление таблицы av-trip-dog-lic данных по рейсам [ДОГОВОРА И ЛИЦЕНЗИИ + ПЕРЕВОЗЧИК]
2021-12-27 14:13:56| _НЕ обнаружено новых данных в таблице [ДОГОВОРА И ЛИЦЕНЗИИ + ПЕРЕВОЗЧИК]
2021-12-27 14:13:56| :info: в таблице av_trip_dog_lic сейчас 277 записей.
2021-12-27 14:13:56| ********* Успешно завершена запись журнала на Центральный сервер  *************
2021-12-27 14:13:56| *******************************************************************************
2021-12-27 14:13:56| --------------/*\ Синхронизация ЗАВЕРШЕНА !  /*\---------------
2021-12-27 14:13:56| -----------------\*/______________________\*/------------------
2021-12-27 14:16:25|  \-таймер авто обновления-/ 
2021-12-27 14:19:45|  \-таймер авто обновления-/ 
2021-12-27 14:23:05|  \-таймер авто обновления-/ 
2021-12-27 15:01:52| ! ! Синхронизация по расписанию ВКЛЮЧЕНА ! !
2021-12-27 15:01:58| --------------\*/ Синхронизация НАЧАЛО (ручной режим) \*/---------------
2021-12-27 15:01:58| ******************************< 27 >***********************************
2021-12-27 15:01:58| Обновляется сервер Ставрополь АС 1 [816] ip:172.27.4.5
2021-12-27 15:01:58| проверка необходимости в обновлении сервера
2021-12-27 15:01:58| +Определение доступности Центрального сервера
2021-12-27 15:01:58| Проверка сервера на блокировку
2021-12-27 15:01:58| Блокируем сервер 816
2021-12-27 15:01:58| =============================sync_data========================================
2021-12-27 15:01:58| - Успешно получен список синхронизируемых справочников.
2021-12-27 15:01:59| Таблица №9 из 57 | av_shedule - записей добавлено: 23
2021-12-27 15:02:00| Таблица №10 из 57 | av_shedule_atp - записей добавлено: 22
2021-12-27 15:02:02| Таблица №11 из 57 | av_shedule_ats - записей добавлено: 824
2021-12-27 15:02:03| Таблица №27 из 57 | av_spr_ats - записей добавлено: 1
2021-12-27 15:02:03| Таблица №29 из 57 | av_spr_kontr_ats - записей добавлено: 1
2021-12-27 15:02:06| :::::::::::::: УДАЛЕНИЕ НЕАКТУАЛЬНЫХ ЗАПИСЕЙ В ТАБЛИЦАХ :::::::::::::::::::::
2021-12-27 15:02:06| *** НЕАКТУАЛЬНЫХ ЗАПИСЕЙ НЕ ОБНАРУЖЕНО для таблицы av_arm_menu
2021-12-27 15:02:06| *** НЕАКТУАЛЬНЫХ ЗАПИСЕЙ НЕ ОБНАРУЖЕНО для таблицы av_arm_options
2021-12-27 15:02:06| *** НЕАКТУАЛЬНЫХ ЗАПИСЕЙ НЕ ОБНАРУЖЕНО для таблицы av_group
2021-12-27 15:02:07| *** НЕАКТУАЛЬНЫХ ЗАПИСЕЙ НЕ ОБНАРУЖЕНО для таблицы av_pdp_dest_point
2021-12-27 15:02:07| *** НЕАКТУАЛЬНЫХ ЗАПИСЕЙ НЕ ОБНАРУЖЕНО для таблицы av_route
2021-12-27 15:02:07| *** НЕАКТУАЛЬНЫХ ЗАПИСЕЙ НЕ ОБНАРУЖЕНО для таблицы av_servers
2021-12-27 15:02:07| *** НЕАКТУАЛЬНЫХ ЗАПИСЕЙ НЕ ОБНАРУЖЕНО для таблицы av_servers_access
2021-12-27 15:02:08| *** НЕАКТУАЛЬНЫХ ЗАПИСЕЙ НЕ ОБНАРУЖЕНО для таблицы av_servers_denyuser
2021-12-27 15:02:08| --- 23 НЕАКТУАЛЬНЫХ ЗАПИСЕЙ УДАЛЕНО из таблицы av_shedule
2021-12-27 15:02:08| --- 16 НЕАКТУАЛЬНЫХ ЗАПИСЕЙ УДАЛЕНО из таблицы av_shedule_atp
2021-12-27 15:02:08| --- 616 НЕАКТУАЛЬНЫХ ЗАПИСЕЙ УДАЛЕНО из таблицы av_shedule_ats
2021-12-27 15:02:09| *** НЕАКТУАЛЬНЫХ ЗАПИСЕЙ НЕ ОБНАРУЖЕНО для таблицы av_shedule_bron
2021-12-27 15:02:09| *** НЕАКТУАЛЬНЫХ ЗАПИСЕЙ НЕ ОБНАРУЖЕНО для таблицы av_shedule_denyuser
2021-12-27 15:02:09| *** НЕАКТУАЛЬНЫХ ЗАПИСЕЙ НЕ ОБНАРУЖЕНО для таблицы av_shedule_fio
2021-12-27 15:02:09| *** НЕАКТУАЛЬНЫХ ЗАПИСЕЙ НЕ ОБНАРУЖЕНО для таблицы av_shedule_hard_bron
2021-12-27 15:02:10| *** НЕАКТУАЛЬНЫХ ЗАПИСЕЙ НЕ ОБНАРУЖЕНО для таблицы av_shedule_invisible
2021-12-27 15:02:10| *** НЕАКТУАЛЬНЫХ ЗАПИСЕЙ НЕ ОБНАРУЖЕНО для таблицы av_shedule_lgot
2021-12-27 15:02:10| *** НЕАКТУАЛЬНЫХ ЗАПИСЕЙ НЕ ОБНАРУЖЕНО для таблицы av_shedule_price
2021-12-27 15:02:10| *** НЕАКТУАЛЬНЫХ ЗАПИСЕЙ НЕ ОБНАРУЖЕНО для таблицы av_shedule_remote_sale_permition
2021-12-27 15:02:10| *** НЕАКТУАЛЬНЫХ ЗАПИСЕЙ НЕ ОБНАРУЖЕНО для таблицы av_shedule_sezon
2021-12-27 15:02:11| *** НЕАКТУАЛЬНЫХ ЗАПИСЕЙ НЕ ОБНАРУЖЕНО для таблицы av_shedule_sostav
2021-12-27 15:02:12| *** НЕАКТУАЛЬНЫХ ЗАПИСЕЙ НЕ ОБНАРУЖЕНО для таблицы av_shedule_tarif
2021-12-27 15:02:12| *** НЕАКТУАЛЬНЫХ ЗАПИСЕЙ НЕ ОБНАРУЖЕНО для таблицы av_shedule_tel
2021-12-27 15:02:12| *** НЕАКТУАЛЬНЫХ ЗАПИСЕЙ НЕ ОБНАРУЖЕНО для таблицы av_shedule_uslugi
2021-12-27 15:02:12| *** НЕАКТУАЛЬНЫХ ЗАПИСЕЙ НЕ ОБНАРУЖЕНО для таблицы av_shedule_voin_deny
2021-12-27 15:02:12| *** НЕАКТУАЛЬНЫХ ЗАПИСЕЙ НЕ ОБНАРУЖЕНО для таблицы av_spr_arenda
2021-12-27 15:02:13| *** НЕАКТУАЛЬНЫХ ЗАПИСЕЙ НЕ ОБНАРУЖЕНО для таблицы av_spr_ats
2021-12-27 15:02:13| *** НЕАКТУАЛЬНЫХ ЗАПИСЕЙ НЕ ОБНАРУЖЕНО для таблицы av_spr_kontragent
2021-12-27 15:02:14| *** НЕАКТУАЛЬНЫХ ЗАПИСЕЙ НЕ ОБНАРУЖЕНО для таблицы av_spr_kontr_ats
2021-12-27 15:02:14| *** НЕАКТУАЛЬНЫХ ЗАПИСЕЙ НЕ ОБНАРУЖЕНО для таблицы av_spr_kontr_dog
2021-12-27 15:02:14| *** НЕАКТУАЛЬНЫХ ЗАПИСЕЙ НЕ ОБНАРУЖЕНО для таблицы av_spr_kontr_fio
2021-12-27 15:02:14| *** НЕАКТУАЛЬНЫХ ЗАПИСЕЙ НЕ ОБНАРУЖЕНО для таблицы av_spr_kontr_license
2021-12-27 15:02:15| *** НЕАКТУАЛЬНЫХ ЗАПИСЕЙ НЕ ОБНАРУЖЕНО для таблицы av_spr_kontr_viddog
2021-12-27 15:02:15| *** НЕАКТУАЛЬНЫХ ЗАПИСЕЙ НЕ ОБНАРУЖЕНО для таблицы av_spr_lgot
2021-12-27 15:02:15| *** НЕАКТУАЛЬНЫХ ЗАПИСЕЙ НЕ ОБНАРУЖЕНО для таблицы av_spr_locality
2021-12-27 15:02:15| *** НЕАКТУАЛЬНЫХ ЗАПИСЕЙ НЕ ОБНАРУЖЕНО для таблицы av_spr_night
2021-12-27 15:02:16| *** НЕАКТУАЛЬНЫХ ЗАПИСЕЙ НЕ ОБНАРУЖЕНО для таблицы av_spr_path
2021-12-27 15:02:16| *** НЕАКТУАЛЬНЫХ ЗАПИСЕЙ НЕ ОБНАРУЖЕНО для таблицы av_spr_point
2021-12-27 15:02:16| *** НЕАКТУАЛЬНЫХ ЗАПИСЕЙ НЕ ОБНАРУЖЕНО для таблицы av_spr_point_group
2021-12-27 15:02:16| *** НЕАКТУАЛЬНЫХ ЗАПИСЕЙ НЕ ОБНАРУЖЕНО для таблицы av_spr_taxi
2021-12-27 15:02:16| *** НЕАКТУАЛЬНЫХ ЗАПИСЕЙ НЕ ОБНАРУЖЕНО для таблицы av_spr_uslugi
2021-12-27 15:02:17| *** НЕАКТУАЛЬНЫХ ЗАПИСЕЙ НЕ ОБНАРУЖЕНО для таблицы av_tarif
2021-12-27 15:02:17| *** НЕАКТУАЛЬНЫХ ЗАПИСЕЙ НЕ ОБНАРУЖЕНО для таблицы av_tarif_bagag
2021-12-27 15:02:17| *** НЕАКТУАЛЬНЫХ ЗАПИСЕЙ НЕ ОБНАРУЖЕНО для таблицы av_tarif_lgot
2021-12-27 15:02:17| *** НЕАКТУАЛЬНЫХ ЗАПИСЕЙ НЕ ОБНАРУЖЕНО для таблицы av_tarif_local
2021-12-27 15:02:18| *** НЕАКТУАЛЬНЫХ ЗАПИСЕЙ НЕ ОБНАРУЖЕНО для таблицы av_tarif_predv
2021-12-27 15:02:18| *** НЕАКТУАЛЬНЫХ ЗАПИСЕЙ НЕ ОБНАРУЖЕНО для таблицы av_tarif_uslugi
2021-12-27 15:02:18| *** НЕАКТУАЛЬНЫХ ЗАПИСЕЙ НЕ ОБНАРУЖЕНО для таблицы av_tick_addition
2021-12-27 15:02:18| *** НЕАКТУАЛЬНЫХ ЗАПИСЕЙ НЕ ОБНАРУЖЕНО для таблицы av_tick_shablon
2021-12-27 15:02:19| *** НЕАКТУАЛЬНЫХ ЗАПИСЕЙ НЕ ОБНАРУЖЕНО для таблицы av_tick_vars
2021-12-27 15:02:19| *** НЕАКТУАЛЬНЫХ ЗАПИСЕЙ НЕ ОБНАРУЖЕНО для таблицы av_users
2021-12-27 15:02:19| *** НЕАКТУАЛЬНЫХ ЗАПИСЕЙ НЕ ОБНАРУЖЕНО для таблицы av_users_arm
2021-12-27 15:02:19| *** НЕАКТУАЛЬНЫХ ЗАПИСЕЙ НЕ ОБНАРУЖЕНО для таблицы av_users_arm_options
2021-12-27 15:02:19| *** НЕАКТУАЛЬНЫХ ЗАПИСЕЙ НЕ ОБНАРУЖЕНО для таблицы av_users_group
2021-12-27 15:02:20| *** НЕАКТУАЛЬНЫХ ЗАПИСЕЙ НЕ ОБНАРУЖЕНО для таблицы av_users_menu_perm
2021-12-27 15:02:20| *** НЕАКТУАЛЬНЫХ ЗАПИСЕЙ НЕ ОБНАРУЖЕНО для таблицы av_users_podr
2021-12-27 15:02:20| *** НЕАКТУАЛЬНЫХ ЗАПИСЕЙ НЕ ОБНАРУЖЕНО для таблицы av_users_servers
2021-12-27 15:02:20| =============================Sync_local_real====================================
2021-12-27 15:02:20| +-+-+ Определение доступности Локального сервера [816] -+-+-
2021-12-27 15:02:21| -*- Заполнение таблицы av_trip локальных отрезков расписаний данными...
2021-12-27 15:02:21| +++ Таблица av_trip УСПЕШНО обновлена! Добавлено записей: 360
2021-12-27 15:02:21| | Обновление таблицы av_trip_atp_ats [ПЕРЕВОЗЧИК + АТС]
2021-12-27 15:02:21| _НЕ обнаружено новых данных в таблице [ПЕРЕВОЗЧИК + АТС]
2021-12-27 15:02:21| :info: в таблице av_trip_atp_ats сейчас 312 записей.
2021-12-27 15:02:21| | Обновление таблицы av-trip-dog-lic данных по рейсам [ДОГОВОРА И ЛИЦЕНЗИИ + ПЕРЕВОЗЧИК]
2021-12-27 15:02:21| _НЕ обнаружено новых данных в таблице [ДОГОВОРА И ЛИЦЕНЗИИ + ПЕРЕВОЗЧИК]
2021-12-27 15:02:21| :info: в таблице av_trip_dog_lic сейчас 277 записей.
2021-12-27 15:02:21| ********* Успешно завершена запись журнала на Центральный сервер  *************
2021-12-27 15:02:21| *******************************************************************************
2021-12-27 15:02:21| --------------/*\ Синхронизация ЗАВЕРШЕНА !  /*\---------------
2021-12-27 15:02:21| -----------------\*/______________________\*/------------------
2021-12-27 15:05:12|  \-таймер авто обновления-/ 
2021-12-27 15:08:32|  \-таймер авто обновления-/ 
2021-12-27 15:11:52|  \-таймер авто обновления-/ 
2021-12-27 16:14:20| ! ! Синхронизация по расписанию ВКЛЮЧЕНА ! !
2021-12-27 16:14:23| ! В Н И М А Н И Е ! Выключена автоматическая синхронизация данных по расписанию !
