0.1.1.0
2021-12-29 08:44:26| ! ! Синхронизация по расписанию ВКЛЮЧЕНА ! !
2021-12-29 14:05:05| ! ! Синхронизация по расписанию ВКЛЮЧЕНА ! !
2021-12-29 14:05:10| --------------\*/ Синхронизация НАЧАЛО (ручной режим) \*/---------------
2021-12-29 14:05:10| ******************************< 26 >***********************************
2021-12-29 14:05:10| Обновляется сервер Ставрополь АВ [815] ip:172.27.1.5
2021-12-29 14:05:10| проверка необходимости в обновлении сервера
2021-12-29 14:05:10| +Определение доступности Центрального сервера
2021-12-29 14:05:10| Проверка сервера на блокировку
2021-12-29 14:05:10| Блокируем сервер 815
2021-12-29 14:05:10| =============================sync_data========================================
2021-12-29 14:05:10| - Успешно получен список синхронизируемых справочников.
2021-12-29 14:05:10| Таблица №9 из 57 | av_shedule - записей добавлено: 10
2021-12-29 14:05:10| Таблица №10 из 57 | av_shedule_atp - записей добавлено: 2
2021-12-29 14:05:11| Таблица №11 из 57 | av_shedule_ats - записей добавлено: 50
2021-12-29 14:05:11| Таблица №12 из 57 | av_shedule_bron - записей добавлено: 4
2021-12-29 14:05:11| Таблица №18 из 57 | av_shedule_price - записей добавлено: 9
2021-12-29 14:05:11| Таблица №20 из 57 | av_shedule_sezon - записей добавлено: 2
2021-12-29 14:05:11| Таблица №22 из 57 | av_shedule_tarif - записей добавлено: 16
2021-12-29 14:05:11| Таблица №27 из 57 | av_spr_ats - записей добавлено: 3
2021-12-29 14:05:11| Таблица №29 из 57 | av_spr_kontr_ats - записей добавлено: 2
2021-12-29 14:05:12| :::::::::::::: УДАЛЕНИЕ НЕАКТУАЛЬНЫХ ЗАПИСЕЙ В ТАБЛИЦАХ :::::::::::::::::::::
2021-12-29 14:05:12| *** НЕАКТУАЛЬНЫХ ЗАПИСЕЙ НЕ ОБНАРУЖЕНО для таблицы av_arm_menu
2021-12-29 14:05:12| *** НЕАКТУАЛЬНЫХ ЗАПИСЕЙ НЕ ОБНАРУЖЕНО для таблицы av_arm_options
2021-12-29 14:05:12| *** НЕАКТУАЛЬНЫХ ЗАПИСЕЙ НЕ ОБНАРУЖЕНО для таблицы av_group
2021-12-29 14:05:12| *** НЕАКТУАЛЬНЫХ ЗАПИСЕЙ НЕ ОБНАРУЖЕНО для таблицы av_pdp_dest_point
2021-12-29 14:05:12| *** НЕАКТУАЛЬНЫХ ЗАПИСЕЙ НЕ ОБНАРУЖЕНО для таблицы av_route
2021-12-29 14:05:12| *** НЕАКТУАЛЬНЫХ ЗАПИСЕЙ НЕ ОБНАРУЖЕНО для таблицы av_servers
2021-12-29 14:05:12| *** НЕАКТУАЛЬНЫХ ЗАПИСЕЙ НЕ ОБНАРУЖЕНО для таблицы av_servers_access
2021-12-29 14:05:12| *** НЕАКТУАЛЬНЫХ ЗАПИСЕЙ НЕ ОБНАРУЖЕНО для таблицы av_servers_denyuser
2021-12-29 14:05:12| --- 9 НЕАКТУАЛЬНЫХ ЗАПИСЕЙ УДАЛЕНО из таблицы av_shedule
2021-12-29 14:05:12| --- 2 НЕАКТУАЛЬНЫХ ЗАПИСЕЙ УДАЛЕНО из таблицы av_shedule_atp
2021-12-29 14:05:12| --- 47 НЕАКТУАЛЬНЫХ ЗАПИСЕЙ УДАЛЕНО из таблицы av_shedule_ats
2021-12-29 14:05:12| --- 4 НЕАКТУАЛЬНЫХ ЗАПИСЕЙ УДАЛЕНО из таблицы av_shedule_bron
2021-12-29 14:05:12| *** НЕАКТУАЛЬНЫХ ЗАПИСЕЙ НЕ ОБНАРУЖЕНО для таблицы av_shedule_denyuser
2021-12-29 14:05:12| *** НЕАКТУАЛЬНЫХ ЗАПИСЕЙ НЕ ОБНАРУЖЕНО для таблицы av_shedule_fio
2021-12-29 14:05:12| *** НЕАКТУАЛЬНЫХ ЗАПИСЕЙ НЕ ОБНАРУЖЕНО для таблицы av_shedule_hard_bron
2021-12-29 14:05:12| *** НЕАКТУАЛЬНЫХ ЗАПИСЕЙ НЕ ОБНАРУЖЕНО для таблицы av_shedule_invisible
2021-12-29 14:05:12| *** НЕАКТУАЛЬНЫХ ЗАПИСЕЙ НЕ ОБНАРУЖЕНО для таблицы av_shedule_lgot
2021-12-29 14:05:13| --- 6 НЕАКТУАЛЬНЫХ ЗАПИСЕЙ УДАЛЕНО из таблицы av_shedule_price
2021-12-29 14:05:13| *** НЕАКТУАЛЬНЫХ ЗАПИСЕЙ НЕ ОБНАРУЖЕНО для таблицы av_shedule_remote_sale_permition
2021-12-29 14:05:13| --- 1 НЕАКТУАЛЬНЫХ ЗАПИСЕЙ УДАЛЕНО из таблицы av_shedule_sezon
2021-12-29 14:05:13| *** НЕАКТУАЛЬНЫХ ЗАПИСЕЙ НЕ ОБНАРУЖЕНО для таблицы av_shedule_sostav
2021-12-29 14:05:13| --- 3 НЕАКТУАЛЬНЫХ ЗАПИСЕЙ УДАЛЕНО из таблицы av_shedule_tarif
2021-12-29 14:05:13| *** НЕАКТУАЛЬНЫХ ЗАПИСЕЙ НЕ ОБНАРУЖЕНО для таблицы av_shedule_tel
2021-12-29 14:05:13| *** НЕАКТУАЛЬНЫХ ЗАПИСЕЙ НЕ ОБНАРУЖЕНО для таблицы av_shedule_uslugi
2021-12-29 14:05:13| *** НЕАКТУАЛЬНЫХ ЗАПИСЕЙ НЕ ОБНАРУЖЕНО для таблицы av_shedule_voin_deny
2021-12-29 14:05:13| *** НЕАКТУАЛЬНЫХ ЗАПИСЕЙ НЕ ОБНАРУЖЕНО для таблицы av_spr_arenda
2021-12-29 14:05:13| *** НЕАКТУАЛЬНЫХ ЗАПИСЕЙ НЕ ОБНАРУЖЕНО для таблицы av_spr_ats
2021-12-29 14:05:14| *** НЕАКТУАЛЬНЫХ ЗАПИСЕЙ НЕ ОБНАРУЖЕНО для таблицы av_spr_kontragent
2021-12-29 14:05:14| *** НЕАКТУАЛЬНЫХ ЗАПИСЕЙ НЕ ОБНАРУЖЕНО для таблицы av_spr_kontr_ats
2021-12-29 14:05:14| *** НЕАКТУАЛЬНЫХ ЗАПИСЕЙ НЕ ОБНАРУЖЕНО для таблицы av_spr_kontr_dog
2021-12-29 14:05:14| *** НЕАКТУАЛЬНЫХ ЗАПИСЕЙ НЕ ОБНАРУЖЕНО для таблицы av_spr_kontr_fio
2021-12-29 14:05:14| *** НЕАКТУАЛЬНЫХ ЗАПИСЕЙ НЕ ОБНАРУЖЕНО для таблицы av_spr_kontr_license
2021-12-29 14:05:14| *** НЕАКТУАЛЬНЫХ ЗАПИСЕЙ НЕ ОБНАРУЖЕНО для таблицы av_spr_kontr_viddog
2021-12-29 14:05:14| *** НЕАКТУАЛЬНЫХ ЗАПИСЕЙ НЕ ОБНАРУЖЕНО для таблицы av_spr_lgot
2021-12-29 14:05:14| *** НЕАКТУАЛЬНЫХ ЗАПИСЕЙ НЕ ОБНАРУЖЕНО для таблицы av_spr_locality
2021-12-29 14:05:14| *** НЕАКТУАЛЬНЫХ ЗАПИСЕЙ НЕ ОБНАРУЖЕНО для таблицы av_spr_night
2021-12-29 14:05:14| *** НЕАКТУАЛЬНЫХ ЗАПИСЕЙ НЕ ОБНАРУЖЕНО для таблицы av_spr_path
2021-12-29 14:05:14| *** НЕАКТУАЛЬНЫХ ЗАПИСЕЙ НЕ ОБНАРУЖЕНО для таблицы av_spr_point
2021-12-29 14:05:14| *** НЕАКТУАЛЬНЫХ ЗАПИСЕЙ НЕ ОБНАРУЖЕНО для таблицы av_spr_point_group
2021-12-29 14:05:14| *** НЕАКТУАЛЬНЫХ ЗАПИСЕЙ НЕ ОБНАРУЖЕНО для таблицы av_spr_taxi
2021-12-29 14:05:14| *** НЕАКТУАЛЬНЫХ ЗАПИСЕЙ НЕ ОБНАРУЖЕНО для таблицы av_spr_uslugi
2021-12-29 14:05:14| *** НЕАКТУАЛЬНЫХ ЗАПИСЕЙ НЕ ОБНАРУЖЕНО для таблицы av_tarif
2021-12-29 14:05:15| *** НЕАКТУАЛЬНЫХ ЗАПИСЕЙ НЕ ОБНАРУЖЕНО для таблицы av_tarif_bagag
2021-12-29 14:05:15| *** НЕАКТУАЛЬНЫХ ЗАПИСЕЙ НЕ ОБНАРУЖЕНО для таблицы av_tarif_lgot
2021-12-29 14:05:15| *** НЕАКТУАЛЬНЫХ ЗАПИСЕЙ НЕ ОБНАРУЖЕНО для таблицы av_tarif_local
2021-12-29 14:05:15| *** НЕАКТУАЛЬНЫХ ЗАПИСЕЙ НЕ ОБНАРУЖЕНО для таблицы av_tarif_predv
2021-12-29 14:05:15| *** НЕАКТУАЛЬНЫХ ЗАПИСЕЙ НЕ ОБНАРУЖЕНО для таблицы av_tarif_uslugi
2021-12-29 14:05:15| *** НЕАКТУАЛЬНЫХ ЗАПИСЕЙ НЕ ОБНАРУЖЕНО для таблицы av_tick_addition
2021-12-29 14:05:15| *** НЕАКТУАЛЬНЫХ ЗАПИСЕЙ НЕ ОБНАРУЖЕНО для таблицы av_tick_shablon
2021-12-29 14:05:15| *** НЕАКТУАЛЬНЫХ ЗАПИСЕЙ НЕ ОБНАРУЖЕНО для таблицы av_tick_vars
2021-12-29 14:05:15| *** НЕАКТУАЛЬНЫХ ЗАПИСЕЙ НЕ ОБНАРУЖЕНО для таблицы av_users
2021-12-29 14:05:15| *** НЕАКТУАЛЬНЫХ ЗАПИСЕЙ НЕ ОБНАРУЖЕНО для таблицы av_users_arm
2021-12-29 14:05:15| *** НЕАКТУАЛЬНЫХ ЗАПИСЕЙ НЕ ОБНАРУЖЕНО для таблицы av_users_arm_options
2021-12-29 14:05:15| *** НЕАКТУАЛЬНЫХ ЗАПИСЕЙ НЕ ОБНАРУЖЕНО для таблицы av_users_group
2021-12-29 14:05:15| *** НЕАКТУАЛЬНЫХ ЗАПИСЕЙ НЕ ОБНАРУЖЕНО для таблицы av_users_menu_perm
2021-12-29 14:05:15| *** НЕАКТУАЛЬНЫХ ЗАПИСЕЙ НЕ ОБНАРУЖЕНО для таблицы av_users_podr
2021-12-29 14:05:15| *** НЕАКТУАЛЬНЫХ ЗАПИСЕЙ НЕ ОБНАРУЖЕНО для таблицы av_users_servers
2021-12-29 14:05:15| =============================Sync_local_real====================================
2021-12-29 14:05:15| +-+-+ Определение доступности Локального сервера [815] -+-+-
2021-12-29 14:05:15| -*- Заполнение таблицы av_trip локальных отрезков расписаний данными...
2021-12-29 14:05:16| +++ Таблица av_trip УСПЕШНО обновлена! Добавлено записей: 1046
2021-12-29 14:05:16| | Обновление таблицы av_trip_atp_ats [ПЕРЕВОЗЧИК + АТС]
2021-12-29 14:05:16| *** Для таблицы av-trip-atp-ats обнаружены НОВЫЕ записи в кол-ве: 1
2021-12-29 14:05:16| new atp-> 2896; 1221; БЕРКУТ; 390; Zhon Tong ГН: В 251 НХ-26; 2; 53; 1; 
2021-12-29 14:05:16| !info! в таблице av_trip_atp_ats сейчас 1445 записей.
2021-12-29 14:05:16| - Из таблицы av-trip-atp-ats УДАЛЕНО неактуальных записей в кол-ве: 1
2021-12-29 14:05:18| +++ В таблицу [ПЕРЕВОЗЧИК + АТС] УСПЕШНО добавлено новых записей в кол-ве: 1
2021-12-29 14:05:18| :info: в таблице av_trip_atp_ats сейчас 1445 записей.
2021-12-29 14:05:18| | Обновление таблицы av-trip-dog-lic данных по рейсам [ДОГОВОРА И ЛИЦЕНЗИИ + ПЕРЕВОЗЧИК]
2021-12-29 14:05:19| _НЕ обнаружено новых данных в таблице [ДОГОВОРА И ЛИЦЕНЗИИ + ПЕРЕВОЗЧИК]
2021-12-29 14:05:19| :info: в таблице av_trip_dog_lic сейчас 750 записей.
2021-12-29 14:05:19| ********* Успешно завершена запись журнала на Центральный сервер  *************
2021-12-29 14:05:19| *******************************************************************************
2021-12-29 14:05:19| --------------/*\ Синхронизация ЗАВЕРШЕНА !  /*\---------------
2021-12-29 14:05:19| -----------------\*/______________________\*/------------------
2021-12-29 14:08:25|  \-таймер авто обновления-/ 
2021-12-29 14:11:45|  \-таймер авто обновления-/ 
2021-12-29 14:15:05|  \-таймер авто обновления-/ 
2021-12-29 15:59:48| ! ! Синхронизация по расписанию ВКЛЮЧЕНА ! !
2021-12-29 15:59:55| --------------\*/ Синхронизация НАЧАЛО (ручной режим) \*/---------------
2021-12-29 15:59:55| ******************************< 26 >***********************************
2021-12-29 15:59:55| Обновляется сервер Ставрополь АВ [815] ip:172.27.1.5
2021-12-29 15:59:55| проверка необходимости в обновлении сервера
2021-12-29 15:59:55| +Определение доступности Центрального сервера
2021-12-29 15:59:55| Проверка сервера на блокировку
2021-12-29 15:59:55| Блокируем сервер 815
2021-12-29 15:59:55| =============================sync_data========================================
2021-12-29 15:59:55| - Успешно получен список синхронизируемых справочников.
2021-12-29 15:59:55| Таблица №9 из 57 | av_shedule - записей добавлено: 40
2021-12-29 15:59:55| Таблица №10 из 57 | av_shedule_atp - записей добавлено: 15
2021-12-29 15:59:56| Таблица №11 из 57 | av_shedule_ats - записей добавлено: 528
2021-12-29 15:59:56| Таблица №12 из 57 | av_shedule_bron - записей добавлено: 12
2021-12-29 15:59:56| Таблица №14 из 57 | av_shedule_fio - записей добавлено: 1
2021-12-29 15:59:56| Таблица №15 из 57 | av_shedule_hard_bron - записей добавлено: 2
2021-12-29 15:59:56| Таблица №18 из 57 | av_shedule_price - записей добавлено: 108
2021-12-29 15:59:56| Таблица №20 из 57 | av_shedule_sezon - записей добавлено: 6
2021-12-29 15:59:56| Таблица №21 из 57 | av_shedule_sostav - записей добавлено: 85
2021-12-29 15:59:56| Таблица №22 из 57 | av_shedule_tarif - записей добавлено: 64
2021-12-29 15:59:56| Таблица №23 из 57 | av_shedule_tel - записей добавлено: 1
2021-12-29 15:59:57| Таблица №51 из 57 | av_users - записей добавлено: 1
2021-12-29 15:59:57| Таблица №52 из 57 | av_users_arm - записей добавлено: 3
2021-12-29 15:59:57| Таблица №53 из 57 | av_users_arm_options - записей добавлено: 13
2021-12-29 15:59:57| Таблица №54 из 57 | av_users_group - записей добавлено: 2
2021-12-29 15:59:57| Таблица №55 из 57 | av_users_menu_perm - записей добавлено: 70
2021-12-29 15:59:57| Таблица №57 из 57 | av_users_servers - записей добавлено: 1
2021-12-29 15:59:57| :::::::::::::: УДАЛЕНИЕ НЕАКТУАЛЬНЫХ ЗАПИСЕЙ В ТАБЛИЦАХ :::::::::::::::::::::
2021-12-29 15:59:57| *** НЕАКТУАЛЬНЫХ ЗАПИСЕЙ НЕ ОБНАРУЖЕНО для таблицы av_arm_menu
2021-12-29 15:59:57| *** НЕАКТУАЛЬНЫХ ЗАПИСЕЙ НЕ ОБНАРУЖЕНО для таблицы av_arm_options
2021-12-29 15:59:57| *** НЕАКТУАЛЬНЫХ ЗАПИСЕЙ НЕ ОБНАРУЖЕНО для таблицы av_group
2021-12-29 15:59:57| *** НЕАКТУАЛЬНЫХ ЗАПИСЕЙ НЕ ОБНАРУЖЕНО для таблицы av_pdp_dest_point
2021-12-29 15:59:57| *** НЕАКТУАЛЬНЫХ ЗАПИСЕЙ НЕ ОБНАРУЖЕНО для таблицы av_route
2021-12-29 15:59:57| *** НЕАКТУАЛЬНЫХ ЗАПИСЕЙ НЕ ОБНАРУЖЕНО для таблицы av_servers
2021-12-29 15:59:57| *** НЕАКТУАЛЬНЫХ ЗАПИСЕЙ НЕ ОБНАРУЖЕНО для таблицы av_servers_access
2021-12-29 15:59:57| *** НЕАКТУАЛЬНЫХ ЗАПИСЕЙ НЕ ОБНАРУЖЕНО для таблицы av_servers_denyuser
2021-12-29 15:59:58| --- 37 НЕАКТУАЛЬНЫХ ЗАПИСЕЙ УДАЛЕНО из таблицы av_shedule
2021-12-29 15:59:58| --- 8 НЕАКТУАЛЬНЫХ ЗАПИСЕЙ УДАЛЕНО из таблицы av_shedule_atp
2021-12-29 15:59:58| --- 393 НЕАКТУАЛЬНЫХ ЗАПИСЕЙ УДАЛЕНО из таблицы av_shedule_ats
2021-12-29 15:59:58| --- 10 НЕАКТУАЛЬНЫХ ЗАПИСЕЙ УДАЛЕНО из таблицы av_shedule_bron
2021-12-29 15:59:58| *** НЕАКТУАЛЬНЫХ ЗАПИСЕЙ НЕ ОБНАРУЖЕНО для таблицы av_shedule_denyuser
2021-12-29 15:59:58| *** НЕАКТУАЛЬНЫХ ЗАПИСЕЙ НЕ ОБНАРУЖЕНО для таблицы av_shedule_fio
2021-12-29 15:59:58| *** НЕАКТУАЛЬНЫХ ЗАПИСЕЙ НЕ ОБНАРУЖЕНО для таблицы av_shedule_hard_bron
2021-12-29 15:59:58| *** НЕАКТУАЛЬНЫХ ЗАПИСЕЙ НЕ ОБНАРУЖЕНО для таблицы av_shedule_invisible
2021-12-29 15:59:58| *** НЕАКТУАЛЬНЫХ ЗАПИСЕЙ НЕ ОБНАРУЖЕНО для таблицы av_shedule_lgot
2021-12-29 15:59:58| --- 38 НЕАКТУАЛЬНЫХ ЗАПИСЕЙ УДАЛЕНО из таблицы av_shedule_price
2021-12-29 15:59:58| *** НЕАКТУАЛЬНЫХ ЗАПИСЕЙ НЕ ОБНАРУЖЕНО для таблицы av_shedule_remote_sale_permition
2021-12-29 15:59:58| *** НЕАКТУАЛЬНЫХ ЗАПИСЕЙ НЕ ОБНАРУЖЕНО для таблицы av_shedule_sezon
2021-12-29 15:59:58| --- 29 НЕАКТУАЛЬНЫХ ЗАПИСЕЙ УДАЛЕНО из таблицы av_shedule_sostav
2021-12-29 15:59:59| --- 6 НЕАКТУАЛЬНЫХ ЗАПИСЕЙ УДАЛЕНО из таблицы av_shedule_tarif
2021-12-29 15:59:59| *** НЕАКТУАЛЬНЫХ ЗАПИСЕЙ НЕ ОБНАРУЖЕНО для таблицы av_shedule_tel
2021-12-29 15:59:59| *** НЕАКТУАЛЬНЫХ ЗАПИСЕЙ НЕ ОБНАРУЖЕНО для таблицы av_shedule_uslugi
2021-12-29 15:59:59| *** НЕАКТУАЛЬНЫХ ЗАПИСЕЙ НЕ ОБНАРУЖЕНО для таблицы av_shedule_voin_deny
2021-12-29 15:59:59| *** НЕАКТУАЛЬНЫХ ЗАПИСЕЙ НЕ ОБНАРУЖЕНО для таблицы av_spr_arenda
2021-12-29 15:59:59| *** НЕАКТУАЛЬНЫХ ЗАПИСЕЙ НЕ ОБНАРУЖЕНО для таблицы av_spr_ats
2021-12-29 16:00:00| *** НЕАКТУАЛЬНЫХ ЗАПИСЕЙ НЕ ОБНАРУЖЕНО для таблицы av_spr_kontragent
2021-12-29 16:00:00| *** НЕАКТУАЛЬНЫХ ЗАПИСЕЙ НЕ ОБНАРУЖЕНО для таблицы av_spr_kontr_ats
2021-12-29 16:00:00| *** НЕАКТУАЛЬНЫХ ЗАПИСЕЙ НЕ ОБНАРУЖЕНО для таблицы av_spr_kontr_dog
2021-12-29 16:00:00| *** НЕАКТУАЛЬНЫХ ЗАПИСЕЙ НЕ ОБНАРУЖЕНО для таблицы av_spr_kontr_fio
2021-12-29 16:00:00| *** НЕАКТУАЛЬНЫХ ЗАПИСЕЙ НЕ ОБНАРУЖЕНО для таблицы av_spr_kontr_license
2021-12-29 16:00:00| *** НЕАКТУАЛЬНЫХ ЗАПИСЕЙ НЕ ОБНАРУЖЕНО для таблицы av_spr_kontr_viddog
2021-12-29 16:00:00| *** НЕАКТУАЛЬНЫХ ЗАПИСЕЙ НЕ ОБНАРУЖЕНО для таблицы av_spr_lgot
2021-12-29 16:00:00| *** НЕАКТУАЛЬНЫХ ЗАПИСЕЙ НЕ ОБНАРУЖЕНО для таблицы av_spr_locality
2021-12-29 16:00:00| *** НЕАКТУАЛЬНЫХ ЗАПИСЕЙ НЕ ОБНАРУЖЕНО для таблицы av_spr_night
2021-12-29 16:00:00| *** НЕАКТУАЛЬНЫХ ЗАПИСЕЙ НЕ ОБНАРУЖЕНО для таблицы av_spr_path
2021-12-29 16:00:00| *** НЕАКТУАЛЬНЫХ ЗАПИСЕЙ НЕ ОБНАРУЖЕНО для таблицы av_spr_point
2021-12-29 16:00:00| *** НЕАКТУАЛЬНЫХ ЗАПИСЕЙ НЕ ОБНАРУЖЕНО для таблицы av_spr_point_group
2021-12-29 16:00:00| *** НЕАКТУАЛЬНЫХ ЗАПИСЕЙ НЕ ОБНАРУЖЕНО для таблицы av_spr_taxi
2021-12-29 16:00:00| *** НЕАКТУАЛЬНЫХ ЗАПИСЕЙ НЕ ОБНАРУЖЕНО для таблицы av_spr_uslugi
2021-12-29 16:00:00| *** НЕАКТУАЛЬНЫХ ЗАПИСЕЙ НЕ ОБНАРУЖЕНО для таблицы av_tarif
2021-12-29 16:00:00| *** НЕАКТУАЛЬНЫХ ЗАПИСЕЙ НЕ ОБНАРУЖЕНО для таблицы av_tarif_bagag
2021-12-29 16:00:00| *** НЕАКТУАЛЬНЫХ ЗАПИСЕЙ НЕ ОБНАРУЖЕНО для таблицы av_tarif_lgot
2021-12-29 16:00:00| *** НЕАКТУАЛЬНЫХ ЗАПИСЕЙ НЕ ОБНАРУЖЕНО для таблицы av_tarif_local
2021-12-29 16:00:00| *** НЕАКТУАЛЬНЫХ ЗАПИСЕЙ НЕ ОБНАРУЖЕНО для таблицы av_tarif_predv
2021-12-29 16:00:00| *** НЕАКТУАЛЬНЫХ ЗАПИСЕЙ НЕ ОБНАРУЖЕНО для таблицы av_tarif_uslugi
2021-12-29 16:00:00| *** НЕАКТУАЛЬНЫХ ЗАПИСЕЙ НЕ ОБНАРУЖЕНО для таблицы av_tick_addition
2021-12-29 16:00:00| *** НЕАКТУАЛЬНЫХ ЗАПИСЕЙ НЕ ОБНАРУЖЕНО для таблицы av_tick_shablon
2021-12-29 16:00:00| *** НЕАКТУАЛЬНЫХ ЗАПИСЕЙ НЕ ОБНАРУЖЕНО для таблицы av_tick_vars
2021-12-29 16:00:00| *** НЕАКТУАЛЬНЫХ ЗАПИСЕЙ НЕ ОБНАРУЖЕНО для таблицы av_users
2021-12-29 16:00:00| --- 1 НЕАКТУАЛЬНЫХ ЗАПИСЕЙ УДАЛЕНО из таблицы av_users_arm
2021-12-29 16:00:00| --- 5 НЕАКТУАЛЬНЫХ ЗАПИСЕЙ УДАЛЕНО из таблицы av_users_arm_options
2021-12-29 16:00:00| *** НЕАКТУАЛЬНЫХ ЗАПИСЕЙ НЕ ОБНАРУЖЕНО для таблицы av_users_group
2021-12-29 16:00:00| --- 25 НЕАКТУАЛЬНЫХ ЗАПИСЕЙ УДАЛЕНО из таблицы av_users_menu_perm
2021-12-29 16:00:00| *** НЕАКТУАЛЬНЫХ ЗАПИСЕЙ НЕ ОБНАРУЖЕНО для таблицы av_users_podr
2021-12-29 16:00:00| *** НЕАКТУАЛЬНЫХ ЗАПИСЕЙ НЕ ОБНАРУЖЕНО для таблицы av_users_servers
2021-12-29 16:00:00| =============================Sync_local_real====================================
2021-12-29 16:00:00| +-+-+ Определение доступности Локального сервера [815] -+-+-
2021-12-29 16:00:00| -*- Заполнение таблицы av_trip локальных отрезков расписаний данными...
2021-12-29 16:00:02| +++ Таблица av_trip УСПЕШНО обновлена! Добавлено записей: 1048
2021-12-29 16:00:02| | Обновление таблицы av_trip_atp_ats [ПЕРЕВОЗЧИК + АТС]
2021-12-29 16:00:02| *** Для таблицы av-trip-atp-ats обнаружены НОВЫЕ записи в кол-ве: 1
2021-12-29 16:00:02| new atp-> 2961; 6006; Куренной В.А.; 463; KING LONG ГН: В 689 СТ 26; 2; 47; 0; 
2021-12-29 16:00:02| !info! в таблице av_trip_atp_ats сейчас 1445 записей.
2021-12-29 16:00:02| _НЕАКТУАЛЬНЫХ записей в таблице не обнаружено 
2021-12-29 16:00:03| +++ В таблицу [ПЕРЕВОЗЧИК + АТС] УСПЕШНО добавлено новых записей в кол-ве: 1
2021-12-29 16:00:03| :info: в таблице av_trip_atp_ats сейчас 1446 записей.
2021-12-29 16:00:03| | Обновление таблицы av-trip-dog-lic данных по рейсам [ДОГОВОРА И ЛИЦЕНЗИИ + ПЕРЕВОЗЧИК]
2021-12-29 16:00:04| _НЕ обнаружено новых данных в таблице [ДОГОВОРА И ЛИЦЕНЗИИ + ПЕРЕВОЗЧИК]
2021-12-29 16:00:04| :info: в таблице av_trip_dog_lic сейчас 750 записей.
2021-12-29 16:00:04| ********* Успешно завершена запись журнала на Центральный сервер  *************
2021-12-29 16:00:04| *******************************************************************************
2021-12-29 16:00:04| --------------/*\ Синхронизация ЗАВЕРШЕНА !  /*\---------------
2021-12-29 16:00:04| -----------------\*/______________________\*/------------------
2021-12-29 16:03:08|  \-таймер авто обновления-/ 
2021-12-29 16:06:28|  \-таймер авто обновления-/ 
2021-12-29 16:09:48|  \-таймер авто обновления-/ 
2021-12-29 16:13:08|  \-таймер авто обновления-/ 
2021-12-29 16:16:28|  \-таймер авто обновления-/ 
2021-12-29 16:19:48|  \-таймер авто обновления-/ 
2021-12-29 16:23:08|  \-таймер авто обновления-/ 
2021-12-29 16:26:28|  \-таймер авто обновления-/ 
2021-12-29 16:29:48|  \-таймер авто обновления-/ 
2021-12-29 16:33:08|  \-таймер авто обновления-/ 
2021-12-29 16:36:28|  \-таймер авто обновления-/ 
2021-12-29 16:39:48|  \-таймер авто обновления-/ 
2021-12-29 16:40:34| ! В Н И М А Н И Е ! Выключена автоматическая синхронизация данных по расписанию !
