0.1.1.0
2021-12-22 09:36:28| ! ! Синхронизация по расписанию ВКЛЮЧЕНА ! !
2021-12-22 09:36:33| --------------\*/ Синхронизация НАЧАЛО (ручной режим) \*/---------------
2021-12-22 09:36:33| ******************************< 26 >***********************************
2021-12-22 09:36:33| Обновляется сервер Ставрополь АВ [815] ip:172.27.1.5
2021-12-22 09:36:33| проверка необходимости в обновлении сервера
2021-12-22 09:36:33| +Определение доступности Центрального сервера
2021-12-22 09:36:33| Проверка сервера на блокировку
2021-12-22 09:36:33| Блокируем сервер 815
2021-12-22 09:36:33| =============================sync_data========================================
2021-12-22 09:36:33| - Успешно получен список синхронизируемых справочников.
2021-12-22 09:36:33| Таблица №9 из 57 | av_shedule - записей добавлено: 5
2021-12-22 09:36:33| Таблица №18 из 57 | av_shedule_price - записей добавлено: 2
2021-12-22 09:36:34| :::::::::::::: УДАЛЕНИЕ НЕАКТУАЛЬНЫХ ЗАПИСЕЙ В ТАБЛИЦАХ :::::::::::::::::::::
2021-12-22 09:36:34| *** НЕАКТУАЛЬНЫХ ЗАПИСЕЙ НЕ ОБНАРУЖЕНО для таблицы av_arm_menu
2021-12-22 09:36:34| *** НЕАКТУАЛЬНЫХ ЗАПИСЕЙ НЕ ОБНАРУЖЕНО для таблицы av_arm_options
2021-12-22 09:36:34| *** НЕАКТУАЛЬНЫХ ЗАПИСЕЙ НЕ ОБНАРУЖЕНО для таблицы av_group
2021-12-22 09:36:34| *** НЕАКТУАЛЬНЫХ ЗАПИСЕЙ НЕ ОБНАРУЖЕНО для таблицы av_pdp_dest_point
2021-12-22 09:36:34| *** НЕАКТУАЛЬНЫХ ЗАПИСЕЙ НЕ ОБНАРУЖЕНО для таблицы av_route
2021-12-22 09:36:34| *** НЕАКТУАЛЬНЫХ ЗАПИСЕЙ НЕ ОБНАРУЖЕНО для таблицы av_servers
2021-12-22 09:36:34| *** НЕАКТУАЛЬНЫХ ЗАПИСЕЙ НЕ ОБНАРУЖЕНО для таблицы av_servers_access
2021-12-22 09:36:35| *** НЕАКТУАЛЬНЫХ ЗАПИСЕЙ НЕ ОБНАРУЖЕНО для таблицы av_servers_denyuser
2021-12-22 09:36:35| --- 5 НЕАКТУАЛЬНЫХ ЗАПИСЕЙ УДАЛЕНО из таблицы av_shedule
2021-12-22 09:36:35| *** НЕАКТУАЛЬНЫХ ЗАПИСЕЙ НЕ ОБНАРУЖЕНО для таблицы av_shedule_atp
2021-12-22 09:36:35| *** НЕАКТУАЛЬНЫХ ЗАПИСЕЙ НЕ ОБНАРУЖЕНО для таблицы av_shedule_ats
2021-12-22 09:36:35| *** НЕАКТУАЛЬНЫХ ЗАПИСЕЙ НЕ ОБНАРУЖЕНО для таблицы av_shedule_bron
2021-12-22 09:36:35| *** НЕАКТУАЛЬНЫХ ЗАПИСЕЙ НЕ ОБНАРУЖЕНО для таблицы av_shedule_denyuser
2021-12-22 09:36:35| *** НЕАКТУАЛЬНЫХ ЗАПИСЕЙ НЕ ОБНАРУЖЕНО для таблицы av_shedule_fio
2021-12-22 09:36:35| *** НЕАКТУАЛЬНЫХ ЗАПИСЕЙ НЕ ОБНАРУЖЕНО для таблицы av_shedule_hard_bron
2021-12-22 09:36:35| *** НЕАКТУАЛЬНЫХ ЗАПИСЕЙ НЕ ОБНАРУЖЕНО для таблицы av_shedule_invisible
2021-12-22 09:36:35| *** НЕАКТУАЛЬНЫХ ЗАПИСЕЙ НЕ ОБНАРУЖЕНО для таблицы av_shedule_lgot
2021-12-22 09:36:35| *** НЕАКТУАЛЬНЫХ ЗАПИСЕЙ НЕ ОБНАРУЖЕНО для таблицы av_shedule_price
2021-12-22 09:36:35| *** НЕАКТУАЛЬНЫХ ЗАПИСЕЙ НЕ ОБНАРУЖЕНО для таблицы av_shedule_remote_sale_permition
2021-12-22 09:36:35| *** НЕАКТУАЛЬНЫХ ЗАПИСЕЙ НЕ ОБНАРУЖЕНО для таблицы av_shedule_sezon
2021-12-22 09:36:36| *** НЕАКТУАЛЬНЫХ ЗАПИСЕЙ НЕ ОБНАРУЖЕНО для таблицы av_shedule_sostav
2021-12-22 09:36:36| *** НЕАКТУАЛЬНЫХ ЗАПИСЕЙ НЕ ОБНАРУЖЕНО для таблицы av_shedule_tarif
2021-12-22 09:36:36| *** НЕАКТУАЛЬНЫХ ЗАПИСЕЙ НЕ ОБНАРУЖЕНО для таблицы av_shedule_tel
2021-12-22 09:36:36| *** НЕАКТУАЛЬНЫХ ЗАПИСЕЙ НЕ ОБНАРУЖЕНО для таблицы av_shedule_uslugi
2021-12-22 09:36:36| *** НЕАКТУАЛЬНЫХ ЗАПИСЕЙ НЕ ОБНАРУЖЕНО для таблицы av_shedule_voin_deny
2021-12-22 09:36:36| *** НЕАКТУАЛЬНЫХ ЗАПИСЕЙ НЕ ОБНАРУЖЕНО для таблицы av_spr_arenda
2021-12-22 09:36:36| *** НЕАКТУАЛЬНЫХ ЗАПИСЕЙ НЕ ОБНАРУЖЕНО для таблицы av_spr_ats
2021-12-22 09:36:37| *** НЕАКТУАЛЬНЫХ ЗАПИСЕЙ НЕ ОБНАРУЖЕНО для таблицы av_spr_kontragent
2021-12-22 09:36:37| *** НЕАКТУАЛЬНЫХ ЗАПИСЕЙ НЕ ОБНАРУЖЕНО для таблицы av_spr_kontr_ats
2021-12-22 09:36:37| *** НЕАКТУАЛЬНЫХ ЗАПИСЕЙ НЕ ОБНАРУЖЕНО для таблицы av_spr_kontr_dog
2021-12-22 09:36:37| *** НЕАКТУАЛЬНЫХ ЗАПИСЕЙ НЕ ОБНАРУЖЕНО для таблицы av_spr_kontr_fio
2021-12-22 09:36:37| *** НЕАКТУАЛЬНЫХ ЗАПИСЕЙ НЕ ОБНАРУЖЕНО для таблицы av_spr_kontr_license
2021-12-22 09:36:37| *** НЕАКТУАЛЬНЫХ ЗАПИСЕЙ НЕ ОБНАРУЖЕНО для таблицы av_spr_kontr_viddog
2021-12-22 09:36:37| *** НЕАКТУАЛЬНЫХ ЗАПИСЕЙ НЕ ОБНАРУЖЕНО для таблицы av_spr_lgot
2021-12-22 09:36:37| *** НЕАКТУАЛЬНЫХ ЗАПИСЕЙ НЕ ОБНАРУЖЕНО для таблицы av_spr_locality
2021-12-22 09:36:37| *** НЕАКТУАЛЬНЫХ ЗАПИСЕЙ НЕ ОБНАРУЖЕНО для таблицы av_spr_night
2021-12-22 09:36:37| *** НЕАКТУАЛЬНЫХ ЗАПИСЕЙ НЕ ОБНАРУЖЕНО для таблицы av_spr_path
2021-12-22 09:36:37| *** НЕАКТУАЛЬНЫХ ЗАПИСЕЙ НЕ ОБНАРУЖЕНО для таблицы av_spr_point
2021-12-22 09:36:37| *** НЕАКТУАЛЬНЫХ ЗАПИСЕЙ НЕ ОБНАРУЖЕНО для таблицы av_spr_point_group
2021-12-22 09:36:37| *** НЕАКТУАЛЬНЫХ ЗАПИСЕЙ НЕ ОБНАРУЖЕНО для таблицы av_spr_taxi
2021-12-22 09:36:37| *** НЕАКТУАЛЬНЫХ ЗАПИСЕЙ НЕ ОБНАРУЖЕНО для таблицы av_spr_uslugi
2021-12-22 09:36:37| *** НЕАКТУАЛЬНЫХ ЗАПИСЕЙ НЕ ОБНАРУЖЕНО для таблицы av_tarif
2021-12-22 09:36:37| *** НЕАКТУАЛЬНЫХ ЗАПИСЕЙ НЕ ОБНАРУЖЕНО для таблицы av_tarif_bagag
2021-12-22 09:36:37| *** НЕАКТУАЛЬНЫХ ЗАПИСЕЙ НЕ ОБНАРУЖЕНО для таблицы av_tarif_lgot
2021-12-22 09:36:37| *** НЕАКТУАЛЬНЫХ ЗАПИСЕЙ НЕ ОБНАРУЖЕНО для таблицы av_tarif_local
2021-12-22 09:36:37| *** НЕАКТУАЛЬНЫХ ЗАПИСЕЙ НЕ ОБНАРУЖЕНО для таблицы av_tarif_predv
2021-12-22 09:36:37| *** НЕАКТУАЛЬНЫХ ЗАПИСЕЙ НЕ ОБНАРУЖЕНО для таблицы av_tarif_uslugi
2021-12-22 09:36:37| *** НЕАКТУАЛЬНЫХ ЗАПИСЕЙ НЕ ОБНАРУЖЕНО для таблицы av_tick_addition
2021-12-22 09:36:37| *** НЕАКТУАЛЬНЫХ ЗАПИСЕЙ НЕ ОБНАРУЖЕНО для таблицы av_tick_shablon
2021-12-22 09:36:37| *** НЕАКТУАЛЬНЫХ ЗАПИСЕЙ НЕ ОБНАРУЖЕНО для таблицы av_tick_vars
2021-12-22 09:36:37| *** НЕАКТУАЛЬНЫХ ЗАПИСЕЙ НЕ ОБНАРУЖЕНО для таблицы av_users
2021-12-22 09:36:37| *** НЕАКТУАЛЬНЫХ ЗАПИСЕЙ НЕ ОБНАРУЖЕНО для таблицы av_users_arm
2021-12-22 09:36:37| *** НЕАКТУАЛЬНЫХ ЗАПИСЕЙ НЕ ОБНАРУЖЕНО для таблицы av_users_arm_options
2021-12-22 09:36:37| *** НЕАКТУАЛЬНЫХ ЗАПИСЕЙ НЕ ОБНАРУЖЕНО для таблицы av_users_group
2021-12-22 09:36:38| *** НЕАКТУАЛЬНЫХ ЗАПИСЕЙ НЕ ОБНАРУЖЕНО для таблицы av_users_menu_perm
2021-12-22 09:36:38| *** НЕАКТУАЛЬНЫХ ЗАПИСЕЙ НЕ ОБНАРУЖЕНО для таблицы av_users_podr
2021-12-22 09:36:38| *** НЕАКТУАЛЬНЫХ ЗАПИСЕЙ НЕ ОБНАРУЖЕНО для таблицы av_users_servers
2021-12-22 09:36:38| =============================Sync_local_real====================================
2021-12-22 09:36:38| +-+-+ Определение доступности Локального сервера [815] -+-+-
2021-12-22 09:36:38| -*- Заполнение таблицы av_trip локальных отрезков расписаний данными...
2021-12-22 09:36:39| +++ Таблица av_trip УСПЕШНО обновлена! Добавлено записей: 1045
2021-12-22 09:36:39| | Обновление таблицы av_trip_atp_ats [ПЕРЕВОЗЧИК + АТС]
2021-12-22 09:36:39| _НЕ обнаружено новых данных в таблице [ПЕРЕВОЗЧИК + АТС]
2021-12-22 09:36:39| :info: в таблице av_trip_atp_ats сейчас 1443 записей.
2021-12-22 09:36:39| | Обновление таблицы av-trip-dog-lic данных по рейсам [ДОГОВОРА И ЛИЦЕНЗИИ + ПЕРЕВОЗЧИК]
2021-12-22 09:36:40| _НЕ обнаружено новых данных в таблице [ДОГОВОРА И ЛИЦЕНЗИИ + ПЕРЕВОЗЧИК]
2021-12-22 09:36:40| :info: в таблице av_trip_dog_lic сейчас 750 записей.
2021-12-22 09:36:40| ********* Успешно завершена запись журнала на Центральный сервер  *************
2021-12-22 09:36:40| *******************************************************************************
2021-12-22 09:36:40| --------------/*\ Синхронизация ЗАВЕРШЕНА !  /*\---------------
2021-12-22 09:36:40| -----------------\*/______________________\*/------------------
2021-12-22 11:39:48| ! ! Синхронизация по расписанию ВКЛЮЧЕНА ! !
2021-12-22 11:39:54| --------------\*/ Синхронизация НАЧАЛО (ручной режим) \*/---------------
2021-12-22 11:39:54| ******************************< 26 >***********************************
2021-12-22 11:39:54| Обновляется сервер Ставрополь АВ [815] ip:172.27.1.5
2021-12-22 11:39:54| проверка необходимости в обновлении сервера
2021-12-22 11:39:54| +Определение доступности Центрального сервера
2021-12-22 11:39:54| Проверка сервера на блокировку
2021-12-22 11:39:54| Блокируем сервер 815
2021-12-22 11:39:54| =============================sync_data========================================
2021-12-22 11:39:54| - Успешно получен список синхронизируемых справочников.
2021-12-22 11:39:54| Таблица №9 из 57 | av_shedule - записей добавлено: 3
2021-12-22 11:39:55| Таблица №18 из 57 | av_shedule_price - записей добавлено: 6
2021-12-22 11:39:55| Таблица №20 из 57 | av_shedule_sezon - записей добавлено: 2
2021-12-22 11:39:56| :::::::::::::: УДАЛЕНИЕ НЕАКТУАЛЬНЫХ ЗАПИСЕЙ В ТАБЛИЦАХ :::::::::::::::::::::
2021-12-22 11:39:56| *** НЕАКТУАЛЬНЫХ ЗАПИСЕЙ НЕ ОБНАРУЖЕНО для таблицы av_arm_menu
2021-12-22 11:39:56| *** НЕАКТУАЛЬНЫХ ЗАПИСЕЙ НЕ ОБНАРУЖЕНО для таблицы av_arm_options
2021-12-22 11:39:56| *** НЕАКТУАЛЬНЫХ ЗАПИСЕЙ НЕ ОБНАРУЖЕНО для таблицы av_group
2021-12-22 11:39:56| *** НЕАКТУАЛЬНЫХ ЗАПИСЕЙ НЕ ОБНАРУЖЕНО для таблицы av_pdp_dest_point
2021-12-22 11:39:56| *** НЕАКТУАЛЬНЫХ ЗАПИСЕЙ НЕ ОБНАРУЖЕНО для таблицы av_route
2021-12-22 11:39:56| *** НЕАКТУАЛЬНЫХ ЗАПИСЕЙ НЕ ОБНАРУЖЕНО для таблицы av_servers
2021-12-22 11:39:56| *** НЕАКТУАЛЬНЫХ ЗАПИСЕЙ НЕ ОБНАРУЖЕНО для таблицы av_servers_access
2021-12-22 11:39:56| *** НЕАКТУАЛЬНЫХ ЗАПИСЕЙ НЕ ОБНАРУЖЕНО для таблицы av_servers_denyuser
2021-12-22 11:39:56| --- 3 НЕАКТУАЛЬНЫХ ЗАПИСЕЙ УДАЛЕНО из таблицы av_shedule
2021-12-22 11:39:56| *** НЕАКТУАЛЬНЫХ ЗАПИСЕЙ НЕ ОБНАРУЖЕНО для таблицы av_shedule_atp
2021-12-22 11:39:56| *** НЕАКТУАЛЬНЫХ ЗАПИСЕЙ НЕ ОБНАРУЖЕНО для таблицы av_shedule_ats
2021-12-22 11:39:56| *** НЕАКТУАЛЬНЫХ ЗАПИСЕЙ НЕ ОБНАРУЖЕНО для таблицы av_shedule_bron
2021-12-22 11:39:56| *** НЕАКТУАЛЬНЫХ ЗАПИСЕЙ НЕ ОБНАРУЖЕНО для таблицы av_shedule_denyuser
2021-12-22 11:39:56| *** НЕАКТУАЛЬНЫХ ЗАПИСЕЙ НЕ ОБНАРУЖЕНО для таблицы av_shedule_fio
2021-12-22 11:39:56| *** НЕАКТУАЛЬНЫХ ЗАПИСЕЙ НЕ ОБНАРУЖЕНО для таблицы av_shedule_hard_bron
2021-12-22 11:39:56| *** НЕАКТУАЛЬНЫХ ЗАПИСЕЙ НЕ ОБНАРУЖЕНО для таблицы av_shedule_invisible
2021-12-22 11:39:56| *** НЕАКТУАЛЬНЫХ ЗАПИСЕЙ НЕ ОБНАРУЖЕНО для таблицы av_shedule_lgot
2021-12-22 11:39:56| --- 9 НЕАКТУАЛЬНЫХ ЗАПИСЕЙ УДАЛЕНО из таблицы av_shedule_price
2021-12-22 11:39:56| *** НЕАКТУАЛЬНЫХ ЗАПИСЕЙ НЕ ОБНАРУЖЕНО для таблицы av_shedule_remote_sale_permition
2021-12-22 11:39:57| --- 2 НЕАКТУАЛЬНЫХ ЗАПИСЕЙ УДАЛЕНО из таблицы av_shedule_sezon
2021-12-22 11:39:57| *** НЕАКТУАЛЬНЫХ ЗАПИСЕЙ НЕ ОБНАРУЖЕНО для таблицы av_shedule_sostav
2021-12-22 11:39:57| *** НЕАКТУАЛЬНЫХ ЗАПИСЕЙ НЕ ОБНАРУЖЕНО для таблицы av_shedule_tarif
2021-12-22 11:39:57| *** НЕАКТУАЛЬНЫХ ЗАПИСЕЙ НЕ ОБНАРУЖЕНО для таблицы av_shedule_tel
2021-12-22 11:39:57| *** НЕАКТУАЛЬНЫХ ЗАПИСЕЙ НЕ ОБНАРУЖЕНО для таблицы av_shedule_uslugi
2021-12-22 11:39:57| *** НЕАКТУАЛЬНЫХ ЗАПИСЕЙ НЕ ОБНАРУЖЕНО для таблицы av_shedule_voin_deny
2021-12-22 11:39:57| *** НЕАКТУАЛЬНЫХ ЗАПИСЕЙ НЕ ОБНАРУЖЕНО для таблицы av_spr_arenda
2021-12-22 11:39:57| *** НЕАКТУАЛЬНЫХ ЗАПИСЕЙ НЕ ОБНАРУЖЕНО для таблицы av_spr_ats
2021-12-22 11:39:58| *** НЕАКТУАЛЬНЫХ ЗАПИСЕЙ НЕ ОБНАРУЖЕНО для таблицы av_spr_kontragent
2021-12-22 11:39:58| *** НЕАКТУАЛЬНЫХ ЗАПИСЕЙ НЕ ОБНАРУЖЕНО для таблицы av_spr_kontr_ats
2021-12-22 11:39:58| *** НЕАКТУАЛЬНЫХ ЗАПИСЕЙ НЕ ОБНАРУЖЕНО для таблицы av_spr_kontr_dog
2021-12-22 11:39:58| *** НЕАКТУАЛЬНЫХ ЗАПИСЕЙ НЕ ОБНАРУЖЕНО для таблицы av_spr_kontr_fio
2021-12-22 11:39:58| *** НЕАКТУАЛЬНЫХ ЗАПИСЕЙ НЕ ОБНАРУЖЕНО для таблицы av_spr_kontr_license
2021-12-22 11:39:58| *** НЕАКТУАЛЬНЫХ ЗАПИСЕЙ НЕ ОБНАРУЖЕНО для таблицы av_spr_kontr_viddog
2021-12-22 11:39:58| *** НЕАКТУАЛЬНЫХ ЗАПИСЕЙ НЕ ОБНАРУЖЕНО для таблицы av_spr_lgot
2021-12-22 11:39:58| *** НЕАКТУАЛЬНЫХ ЗАПИСЕЙ НЕ ОБНАРУЖЕНО для таблицы av_spr_locality
2021-12-22 11:39:58| *** НЕАКТУАЛЬНЫХ ЗАПИСЕЙ НЕ ОБНАРУЖЕНО для таблицы av_spr_night
2021-12-22 11:39:58| *** НЕАКТУАЛЬНЫХ ЗАПИСЕЙ НЕ ОБНАРУЖЕНО для таблицы av_spr_path
2021-12-22 11:39:58| *** НЕАКТУАЛЬНЫХ ЗАПИСЕЙ НЕ ОБНАРУЖЕНО для таблицы av_spr_point
2021-12-22 11:39:58| *** НЕАКТУАЛЬНЫХ ЗАПИСЕЙ НЕ ОБНАРУЖЕНО для таблицы av_spr_point_group
2021-12-22 11:39:58| *** НЕАКТУАЛЬНЫХ ЗАПИСЕЙ НЕ ОБНАРУЖЕНО для таблицы av_spr_taxi
2021-12-22 11:39:58| *** НЕАКТУАЛЬНЫХ ЗАПИСЕЙ НЕ ОБНАРУЖЕНО для таблицы av_spr_uslugi
2021-12-22 11:39:58| *** НЕАКТУАЛЬНЫХ ЗАПИСЕЙ НЕ ОБНАРУЖЕНО для таблицы av_tarif
2021-12-22 11:39:58| *** НЕАКТУАЛЬНЫХ ЗАПИСЕЙ НЕ ОБНАРУЖЕНО для таблицы av_tarif_bagag
2021-12-22 11:39:58| *** НЕАКТУАЛЬНЫХ ЗАПИСЕЙ НЕ ОБНАРУЖЕНО для таблицы av_tarif_lgot
2021-12-22 11:39:59| *** НЕАКТУАЛЬНЫХ ЗАПИСЕЙ НЕ ОБНАРУЖЕНО для таблицы av_tarif_local
2021-12-22 11:39:59| *** НЕАКТУАЛЬНЫХ ЗАПИСЕЙ НЕ ОБНАРУЖЕНО для таблицы av_tarif_predv
2021-12-22 11:39:59| *** НЕАКТУАЛЬНЫХ ЗАПИСЕЙ НЕ ОБНАРУЖЕНО для таблицы av_tarif_uslugi
2021-12-22 11:39:59| *** НЕАКТУАЛЬНЫХ ЗАПИСЕЙ НЕ ОБНАРУЖЕНО для таблицы av_tick_addition
2021-12-22 11:39:59| *** НЕАКТУАЛЬНЫХ ЗАПИСЕЙ НЕ ОБНАРУЖЕНО для таблицы av_tick_shablon
2021-12-22 11:39:59| *** НЕАКТУАЛЬНЫХ ЗАПИСЕЙ НЕ ОБНАРУЖЕНО для таблицы av_tick_vars
2021-12-22 11:39:59| *** НЕАКТУАЛЬНЫХ ЗАПИСЕЙ НЕ ОБНАРУЖЕНО для таблицы av_users
2021-12-22 11:39:59| *** НЕАКТУАЛЬНЫХ ЗАПИСЕЙ НЕ ОБНАРУЖЕНО для таблицы av_users_arm
2021-12-22 11:39:59| *** НЕАКТУАЛЬНЫХ ЗАПИСЕЙ НЕ ОБНАРУЖЕНО для таблицы av_users_arm_options
2021-12-22 11:39:59| *** НЕАКТУАЛЬНЫХ ЗАПИСЕЙ НЕ ОБНАРУЖЕНО для таблицы av_users_group
2021-12-22 11:39:59| *** НЕАКТУАЛЬНЫХ ЗАПИСЕЙ НЕ ОБНАРУЖЕНО для таблицы av_users_menu_perm
2021-12-22 11:39:59| *** НЕАКТУАЛЬНЫХ ЗАПИСЕЙ НЕ ОБНАРУЖЕНО для таблицы av_users_podr
2021-12-22 11:39:59| *** НЕАКТУАЛЬНЫХ ЗАПИСЕЙ НЕ ОБНАРУЖЕНО для таблицы av_users_servers
2021-12-22 11:39:59| =============================Sync_local_real====================================
2021-12-22 11:39:59| +-+-+ Определение доступности Локального сервера [815] -+-+-
2021-12-22 11:39:59| -*- Заполнение таблицы av_trip локальных отрезков расписаний данными...
2021-12-22 11:40:00| _НЕ обнаружено новых данных в таблице локальных отрезков расписаний
2021-12-22 11:40:00| | Обновление таблицы av_trip_atp_ats [ПЕРЕВОЗЧИК + АТС]
2021-12-22 11:40:00| *** Для таблицы av-trip-atp-ats обнаружены НОВЫЕ записи в кол-ве: 1
2021-12-22 11:40:00| new atp-> 2896; 1221; БЕРКУТ; 390; Zhon Tong ГН: В 251 НХ-26; 2; 53; 1; 
2021-12-22 11:40:00| !info! в таблице av_trip_atp_ats сейчас 1443 записей.
2021-12-22 11:40:00| - Из таблицы av-trip-atp-ats УДАЛЕНО неактуальных записей в кол-ве: 1
2021-12-22 11:40:01| +++ В таблицу [ПЕРЕВОЗЧИК + АТС] УСПЕШНО добавлено новых записей в кол-ве: 1
2021-12-22 11:40:02| :info: в таблице av_trip_atp_ats сейчас 1443 записей.
2021-12-22 11:40:02| | Обновление таблицы av-trip-dog-lic данных по рейсам [ДОГОВОРА И ЛИЦЕНЗИИ + ПЕРЕВОЗЧИК]
2021-12-22 11:40:03| _НЕ обнаружено новых данных в таблице [ДОГОВОРА И ЛИЦЕНЗИИ + ПЕРЕВОЗЧИК]
2021-12-22 11:40:03| :info: в таблице av_trip_dog_lic сейчас 750 записей.
2021-12-22 11:40:03| ********* Успешно завершена запись журнала на Центральный сервер  *************
2021-12-22 11:40:03| *******************************************************************************
2021-12-22 11:40:03| --------------/*\ Синхронизация ЗАВЕРШЕНА !  /*\---------------
2021-12-22 11:40:03| -----------------\*/______________________\*/------------------
2021-12-22 11:42:06| ! В Н И М А Н И Е ! Выключена автоматическая синхронизация данных по расписанию !
2021-12-22 15:02:05| ! ! Синхронизация по расписанию ВКЛЮЧЕНА ! !
2021-12-22 15:02:09| --------------\*/ Синхронизация НАЧАЛО (ручной режим) \*/---------------
2021-12-22 15:02:09| ******************************< 29 >***********************************
2021-12-22 15:02:09| Обновляется сервер All Virtuals [1170] ip:172.27.1.5
2021-12-22 15:02:09| проверка необходимости в обновлении сервера
2021-12-22 15:02:09| +Определение доступности Центрального сервера
2021-12-22 15:02:09| Проверка сервера на блокировку
2021-12-22 15:02:09| Блокируем сервер 1170
2021-12-22 15:02:09| =============================sync_data========================================
2021-12-22 15:02:09| - Успешно получен список синхронизируемых справочников.
2021-12-22 15:02:10| Таблица №9 из 57 | av_shedule - записей добавлено: 19
2021-12-22 15:02:10| Таблица №18 из 57 | av_shedule_price - записей добавлено: 8
2021-12-22 15:02:10| Таблица №20 из 57 | av_shedule_sezon - записей добавлено: 13
2021-12-22 15:02:11| :::::::::::::: УДАЛЕНИЕ НЕАКТУАЛЬНЫХ ЗАПИСЕЙ В ТАБЛИЦАХ :::::::::::::::::::::
2021-12-22 15:02:11| *** НЕАКТУАЛЬНЫХ ЗАПИСЕЙ НЕ ОБНАРУЖЕНО для таблицы av_arm_menu
2021-12-22 15:02:11| *** НЕАКТУАЛЬНЫХ ЗАПИСЕЙ НЕ ОБНАРУЖЕНО для таблицы av_arm_options
2021-12-22 15:02:11| *** НЕАКТУАЛЬНЫХ ЗАПИСЕЙ НЕ ОБНАРУЖЕНО для таблицы av_group
2021-12-22 15:02:11| *** НЕАКТУАЛЬНЫХ ЗАПИСЕЙ НЕ ОБНАРУЖЕНО для таблицы av_pdp_dest_point
2021-12-22 15:02:11| *** НЕАКТУАЛЬНЫХ ЗАПИСЕЙ НЕ ОБНАРУЖЕНО для таблицы av_route
2021-12-22 15:02:11| *** НЕАКТУАЛЬНЫХ ЗАПИСЕЙ НЕ ОБНАРУЖЕНО для таблицы av_servers
2021-12-22 15:02:11| *** НЕАКТУАЛЬНЫХ ЗАПИСЕЙ НЕ ОБНАРУЖЕНО для таблицы av_servers_access
2021-12-22 15:02:11| *** НЕАКТУАЛЬНЫХ ЗАПИСЕЙ НЕ ОБНАРУЖЕНО для таблицы av_servers_denyuser
2021-12-22 15:02:11| --- 17 НЕАКТУАЛЬНЫХ ЗАПИСЕЙ УДАЛЕНО из таблицы av_shedule
2021-12-22 15:02:11| *** НЕАКТУАЛЬНЫХ ЗАПИСЕЙ НЕ ОБНАРУЖЕНО для таблицы av_shedule_atp
2021-12-22 15:02:12| *** НЕАКТУАЛЬНЫХ ЗАПИСЕЙ НЕ ОБНАРУЖЕНО для таблицы av_shedule_ats
2021-12-22 15:02:12| *** НЕАКТУАЛЬНЫХ ЗАПИСЕЙ НЕ ОБНАРУЖЕНО для таблицы av_shedule_bron
2021-12-22 15:02:12| *** НЕАКТУАЛЬНЫХ ЗАПИСЕЙ НЕ ОБНАРУЖЕНО для таблицы av_shedule_denyuser
2021-12-22 15:02:12| *** НЕАКТУАЛЬНЫХ ЗАПИСЕЙ НЕ ОБНАРУЖЕНО для таблицы av_shedule_fio
2021-12-22 15:02:12| *** НЕАКТУАЛЬНЫХ ЗАПИСЕЙ НЕ ОБНАРУЖЕНО для таблицы av_shedule_hard_bron
2021-12-22 15:02:12| *** НЕАКТУАЛЬНЫХ ЗАПИСЕЙ НЕ ОБНАРУЖЕНО для таблицы av_shedule_invisible
2021-12-22 15:02:12| *** НЕАКТУАЛЬНЫХ ЗАПИСЕЙ НЕ ОБНАРУЖЕНО для таблицы av_shedule_lgot
2021-12-22 15:02:12| --- 9 НЕАКТУАЛЬНЫХ ЗАПИСЕЙ УДАЛЕНО из таблицы av_shedule_price
2021-12-22 15:02:12| *** НЕАКТУАЛЬНЫХ ЗАПИСЕЙ НЕ ОБНАРУЖЕНО для таблицы av_shedule_remote_sale_permition
2021-12-22 15:02:12| --- 6 НЕАКТУАЛЬНЫХ ЗАПИСЕЙ УДАЛЕНО из таблицы av_shedule_sezon
2021-12-22 15:02:12| *** НЕАКТУАЛЬНЫХ ЗАПИСЕЙ НЕ ОБНАРУЖЕНО для таблицы av_shedule_sostav
2021-12-22 15:02:13| *** НЕАКТУАЛЬНЫХ ЗАПИСЕЙ НЕ ОБНАРУЖЕНО для таблицы av_shedule_tarif
2021-12-22 15:02:13| *** НЕАКТУАЛЬНЫХ ЗАПИСЕЙ НЕ ОБНАРУЖЕНО для таблицы av_shedule_tel
2021-12-22 15:02:13| *** НЕАКТУАЛЬНЫХ ЗАПИСЕЙ НЕ ОБНАРУЖЕНО для таблицы av_shedule_uslugi
2021-12-22 15:02:13| *** НЕАКТУАЛЬНЫХ ЗАПИСЕЙ НЕ ОБНАРУЖЕНО для таблицы av_shedule_voin_deny
2021-12-22 15:02:13| *** НЕАКТУАЛЬНЫХ ЗАПИСЕЙ НЕ ОБНАРУЖЕНО для таблицы av_spr_arenda
2021-12-22 15:02:13| *** НЕАКТУАЛЬНЫХ ЗАПИСЕЙ НЕ ОБНАРУЖЕНО для таблицы av_spr_ats
2021-12-22 15:02:13| *** НЕАКТУАЛЬНЫХ ЗАПИСЕЙ НЕ ОБНАРУЖЕНО для таблицы av_spr_kontragent
2021-12-22 15:02:13| *** НЕАКТУАЛЬНЫХ ЗАПИСЕЙ НЕ ОБНАРУЖЕНО для таблицы av_spr_kontr_ats
2021-12-22 15:02:14| *** НЕАКТУАЛЬНЫХ ЗАПИСЕЙ НЕ ОБНАРУЖЕНО для таблицы av_spr_kontr_dog
2021-12-22 15:02:14| *** НЕАКТУАЛЬНЫХ ЗАПИСЕЙ НЕ ОБНАРУЖЕНО для таблицы av_spr_kontr_fio
2021-12-22 15:02:14| *** НЕАКТУАЛЬНЫХ ЗАПИСЕЙ НЕ ОБНАРУЖЕНО для таблицы av_spr_kontr_license
2021-12-22 15:02:14| *** НЕАКТУАЛЬНЫХ ЗАПИСЕЙ НЕ ОБНАРУЖЕНО для таблицы av_spr_kontr_viddog
2021-12-22 15:02:14| *** НЕАКТУАЛЬНЫХ ЗАПИСЕЙ НЕ ОБНАРУЖЕНО для таблицы av_spr_lgot
2021-12-22 15:02:14| *** НЕАКТУАЛЬНЫХ ЗАПИСЕЙ НЕ ОБНАРУЖЕНО для таблицы av_spr_locality
2021-12-22 15:02:14| *** НЕАКТУАЛЬНЫХ ЗАПИСЕЙ НЕ ОБНАРУЖЕНО для таблицы av_spr_night
2021-12-22 15:02:14| *** НЕАКТУАЛЬНЫХ ЗАПИСЕЙ НЕ ОБНАРУЖЕНО для таблицы av_spr_path
2021-12-22 15:02:14| *** НЕАКТУАЛЬНЫХ ЗАПИСЕЙ НЕ ОБНАРУЖЕНО для таблицы av_spr_point
2021-12-22 15:02:14| *** НЕАКТУАЛЬНЫХ ЗАПИСЕЙ НЕ ОБНАРУЖЕНО для таблицы av_spr_point_group
2021-12-22 15:02:14| *** НЕАКТУАЛЬНЫХ ЗАПИСЕЙ НЕ ОБНАРУЖЕНО для таблицы av_spr_taxi
2021-12-22 15:02:14| *** НЕАКТУАЛЬНЫХ ЗАПИСЕЙ НЕ ОБНАРУЖЕНО для таблицы av_spr_uslugi
2021-12-22 15:02:14| *** НЕАКТУАЛЬНЫХ ЗАПИСЕЙ НЕ ОБНАРУЖЕНО для таблицы av_tarif
2021-12-22 15:02:14| *** НЕАКТУАЛЬНЫХ ЗАПИСЕЙ НЕ ОБНАРУЖЕНО для таблицы av_tarif_bagag
2021-12-22 15:02:14| *** НЕАКТУАЛЬНЫХ ЗАПИСЕЙ НЕ ОБНАРУЖЕНО для таблицы av_tarif_lgot
2021-12-22 15:02:14| *** НЕАКТУАЛЬНЫХ ЗАПИСЕЙ НЕ ОБНАРУЖЕНО для таблицы av_tarif_local
2021-12-22 15:02:14| *** НЕАКТУАЛЬНЫХ ЗАПИСЕЙ НЕ ОБНАРУЖЕНО для таблицы av_tarif_predv
2021-12-22 15:02:14| *** НЕАКТУАЛЬНЫХ ЗАПИСЕЙ НЕ ОБНАРУЖЕНО для таблицы av_tarif_uslugi
2021-12-22 15:02:14| *** НЕАКТУАЛЬНЫХ ЗАПИСЕЙ НЕ ОБНАРУЖЕНО для таблицы av_tick_addition
2021-12-22 15:02:14| *** НЕАКТУАЛЬНЫХ ЗАПИСЕЙ НЕ ОБНАРУЖЕНО для таблицы av_tick_shablon
2021-12-22 15:02:14| *** НЕАКТУАЛЬНЫХ ЗАПИСЕЙ НЕ ОБНАРУЖЕНО для таблицы av_tick_vars
2021-12-22 15:02:14| *** НЕАКТУАЛЬНЫХ ЗАПИСЕЙ НЕ ОБНАРУЖЕНО для таблицы av_users
2021-12-22 15:02:14| *** НЕАКТУАЛЬНЫХ ЗАПИСЕЙ НЕ ОБНАРУЖЕНО для таблицы av_users_arm
2021-12-22 15:02:14| *** НЕАКТУАЛЬНЫХ ЗАПИСЕЙ НЕ ОБНАРУЖЕНО для таблицы av_users_arm_options
2021-12-22 15:02:14| *** НЕАКТУАЛЬНЫХ ЗАПИСЕЙ НЕ ОБНАРУЖЕНО для таблицы av_users_group
2021-12-22 15:02:14| *** НЕАКТУАЛЬНЫХ ЗАПИСЕЙ НЕ ОБНАРУЖЕНО для таблицы av_users_menu_perm
2021-12-22 15:02:14| *** НЕАКТУАЛЬНЫХ ЗАПИСЕЙ НЕ ОБНАРУЖЕНО для таблицы av_users_podr
2021-12-22 15:02:14| *** НЕАКТУАЛЬНЫХ ЗАПИСЕЙ НЕ ОБНАРУЖЕНО для таблицы av_users_servers
2021-12-22 15:02:14| =============================Sync_local_virt====================================
2021-12-22 15:02:14| +-+-+ Определение доступности виртуальных серверов -+-+-
2021-12-22 15:02:14| -*- Заполнение таблицы av_trip данными
2021-12-22 15:02:16| +++ Таблица av_trip УСПЕШНО обновлена для 1 Виртуальных серверов!
2021-12-22 15:02:16| - Создание av-trip-atp-ats данные по рейсам [ПЕРЕВОЗЧИК + АТС]
2021-12-22 15:02:16| - Из таблицы av-trip-atp-ats УДАЛЕНО неактуальных записей в кол-ве: 4
2021-12-22 15:02:17| +++ В таблицу av_trip_atp_ats [ПЕРЕВОЗЧИК + АТС] УСПЕШНО добавлено записей: 4
2021-12-22 15:02:17| new atp-> 
2021-12-22 15:02:17| new atp-> 
2021-12-22 15:02:17| new atp-> 
2021-12-22 15:02:17| new atp-> 
2021-12-22 15:02:17| :info: в таблице av-trip-atp-ats сейчас 2832 записей.
2021-12-22 15:02:17| - Обновление av-trip-dog-lic данных по рейсам [ДОГОВОР И ЛИЦЕНЗИЯ + ПЕРЕВОЗЧИК]
2021-12-22 15:02:17| _НЕ обнаружено новых данных в таблице [ДОГОВОРА И ЛИЦЕНЗИИ + ПЕРЕВОЗЧИК]
2021-12-22 15:02:17| :info: в таблице av-trip-dog_lic сейчас 1036 записей.
2021-12-22 15:02:17| ********* Успешно завершена запись журнала на Центральный сервер  *************
2021-12-22 15:02:17| *******************************************************************************
2021-12-22 15:02:17| --------------/*\ Синхронизация ЗАВЕРШЕНА !  /*\---------------
2021-12-22 15:02:17| -----------------\*/______________________\*/------------------
2021-12-22 15:03:08|  \-таймер авто обновления-/ 
