0.1.1.0
2021-12-28 10:34:15| ! ! Синхронизация по расписанию ВКЛЮЧЕНА ! !
2021-12-28 10:34:33| --------------\*/ Синхронизация НАЧАЛО (ручной режим) \*/---------------
2021-12-28 10:34:33| ******************************< 26 >***********************************
2021-12-28 10:34:33| Обновляется сервер Ставрополь АВ [815] ip:172.27.1.5
2021-12-28 10:34:33| проверка необходимости в обновлении сервера
2021-12-28 10:34:34| +Определение доступности Центрального сервера
2021-12-28 10:34:34| Проверка сервера на блокировку
2021-12-28 10:34:34| Блокируем сервер 815
2021-12-28 10:34:34| =============================sync_data========================================
2021-12-28 10:34:34| - Успешно получен список синхронизируемых справочников.
2021-12-28 10:34:34| Таблица №9 из 57 | av_shedule - записей добавлено: 13
2021-12-28 10:34:34| Таблица №18 из 57 | av_shedule_price - записей добавлено: 33
2021-12-28 10:34:34| Таблица №20 из 57 | av_shedule_sezon - записей добавлено: 2
2021-12-28 10:34:34| Таблица №21 из 57 | av_shedule_sostav - записей добавлено: 31
2021-12-28 10:34:34| Таблица №22 из 57 | av_shedule_tarif - записей добавлено: 15
2021-12-28 10:34:34| Таблица №27 из 57 | av_spr_ats - записей добавлено: 3
2021-12-28 10:34:35| :::::::::::::: УДАЛЕНИЕ НЕАКТУАЛЬНЫХ ЗАПИСЕЙ В ТАБЛИЦАХ :::::::::::::::::::::
2021-12-28 10:34:35| *** НЕАКТУАЛЬНЫХ ЗАПИСЕЙ НЕ ОБНАРУЖЕНО для таблицы av_arm_menu
2021-12-28 10:34:35| *** НЕАКТУАЛЬНЫХ ЗАПИСЕЙ НЕ ОБНАРУЖЕНО для таблицы av_arm_options
2021-12-28 10:34:35| *** НЕАКТУАЛЬНЫХ ЗАПИСЕЙ НЕ ОБНАРУЖЕНО для таблицы av_group
2021-12-28 10:34:35| *** НЕАКТУАЛЬНЫХ ЗАПИСЕЙ НЕ ОБНАРУЖЕНО для таблицы av_pdp_dest_point
2021-12-28 10:34:35| *** НЕАКТУАЛЬНЫХ ЗАПИСЕЙ НЕ ОБНАРУЖЕНО для таблицы av_route
2021-12-28 10:34:35| *** НЕАКТУАЛЬНЫХ ЗАПИСЕЙ НЕ ОБНАРУЖЕНО для таблицы av_servers
2021-12-28 10:34:35| *** НЕАКТУАЛЬНЫХ ЗАПИСЕЙ НЕ ОБНАРУЖЕНО для таблицы av_servers_access
2021-12-28 10:34:35| *** НЕАКТУАЛЬНЫХ ЗАПИСЕЙ НЕ ОБНАРУЖЕНО для таблицы av_servers_denyuser
2021-12-28 10:34:35| --- 12 НЕАКТУАЛЬНЫХ ЗАПИСЕЙ УДАЛЕНО из таблицы av_shedule
2021-12-28 10:34:35| *** НЕАКТУАЛЬНЫХ ЗАПИСЕЙ НЕ ОБНАРУЖЕНО для таблицы av_shedule_atp
2021-12-28 10:34:36| *** НЕАКТУАЛЬНЫХ ЗАПИСЕЙ НЕ ОБНАРУЖЕНО для таблицы av_shedule_ats
2021-12-28 10:34:36| *** НЕАКТУАЛЬНЫХ ЗАПИСЕЙ НЕ ОБНАРУЖЕНО для таблицы av_shedule_bron
2021-12-28 10:34:36| *** НЕАКТУАЛЬНЫХ ЗАПИСЕЙ НЕ ОБНАРУЖЕНО для таблицы av_shedule_denyuser
2021-12-28 10:34:36| *** НЕАКТУАЛЬНЫХ ЗАПИСЕЙ НЕ ОБНАРУЖЕНО для таблицы av_shedule_fio
2021-12-28 10:34:36| *** НЕАКТУАЛЬНЫХ ЗАПИСЕЙ НЕ ОБНАРУЖЕНО для таблицы av_shedule_hard_bron
2021-12-28 10:34:36| *** НЕАКТУАЛЬНЫХ ЗАПИСЕЙ НЕ ОБНАРУЖЕНО для таблицы av_shedule_invisible
2021-12-28 10:34:36| *** НЕАКТУАЛЬНЫХ ЗАПИСЕЙ НЕ ОБНАРУЖЕНО для таблицы av_shedule_lgot
2021-12-28 10:34:36| --- 10 НЕАКТУАЛЬНЫХ ЗАПИСЕЙ УДАЛЕНО из таблицы av_shedule_price
2021-12-28 10:34:36| *** НЕАКТУАЛЬНЫХ ЗАПИСЕЙ НЕ ОБНАРУЖЕНО для таблицы av_shedule_remote_sale_permition
2021-12-28 10:34:36| --- 2 НЕАКТУАЛЬНЫХ ЗАПИСЕЙ УДАЛЕНО из таблицы av_shedule_sezon
2021-12-28 10:34:36| --- 15 НЕАКТУАЛЬНЫХ ЗАПИСЕЙ УДАЛЕНО из таблицы av_shedule_sostav
2021-12-28 10:34:37| --- 15 НЕАКТУАЛЬНЫХ ЗАПИСЕЙ УДАЛЕНО из таблицы av_shedule_tarif
2021-12-28 10:34:37| *** НЕАКТУАЛЬНЫХ ЗАПИСЕЙ НЕ ОБНАРУЖЕНО для таблицы av_shedule_tel
2021-12-28 10:34:37| *** НЕАКТУАЛЬНЫХ ЗАПИСЕЙ НЕ ОБНАРУЖЕНО для таблицы av_shedule_uslugi
2021-12-28 10:34:37| *** НЕАКТУАЛЬНЫХ ЗАПИСЕЙ НЕ ОБНАРУЖЕНО для таблицы av_shedule_voin_deny
2021-12-28 10:34:37| *** НЕАКТУАЛЬНЫХ ЗАПИСЕЙ НЕ ОБНАРУЖЕНО для таблицы av_spr_arenda
2021-12-28 10:34:37| *** НЕАКТУАЛЬНЫХ ЗАПИСЕЙ НЕ ОБНАРУЖЕНО для таблицы av_spr_ats
2021-12-28 10:34:38| *** НЕАКТУАЛЬНЫХ ЗАПИСЕЙ НЕ ОБНАРУЖЕНО для таблицы av_spr_kontragent
2021-12-28 10:34:38| *** НЕАКТУАЛЬНЫХ ЗАПИСЕЙ НЕ ОБНАРУЖЕНО для таблицы av_spr_kontr_ats
2021-12-28 10:34:38| *** НЕАКТУАЛЬНЫХ ЗАПИСЕЙ НЕ ОБНАРУЖЕНО для таблицы av_spr_kontr_dog
2021-12-28 10:34:38| *** НЕАКТУАЛЬНЫХ ЗАПИСЕЙ НЕ ОБНАРУЖЕНО для таблицы av_spr_kontr_fio
2021-12-28 10:34:38| *** НЕАКТУАЛЬНЫХ ЗАПИСЕЙ НЕ ОБНАРУЖЕНО для таблицы av_spr_kontr_license
2021-12-28 10:34:38| *** НЕАКТУАЛЬНЫХ ЗАПИСЕЙ НЕ ОБНАРУЖЕНО для таблицы av_spr_kontr_viddog
2021-12-28 10:34:38| *** НЕАКТУАЛЬНЫХ ЗАПИСЕЙ НЕ ОБНАРУЖЕНО для таблицы av_spr_lgot
2021-12-28 10:34:38| *** НЕАКТУАЛЬНЫХ ЗАПИСЕЙ НЕ ОБНАРУЖЕНО для таблицы av_spr_locality
2021-12-28 10:34:38| *** НЕАКТУАЛЬНЫХ ЗАПИСЕЙ НЕ ОБНАРУЖЕНО для таблицы av_spr_night
2021-12-28 10:34:38| *** НЕАКТУАЛЬНЫХ ЗАПИСЕЙ НЕ ОБНАРУЖЕНО для таблицы av_spr_path
2021-12-28 10:34:38| *** НЕАКТУАЛЬНЫХ ЗАПИСЕЙ НЕ ОБНАРУЖЕНО для таблицы av_spr_point
2021-12-28 10:34:38| *** НЕАКТУАЛЬНЫХ ЗАПИСЕЙ НЕ ОБНАРУЖЕНО для таблицы av_spr_point_group
2021-12-28 10:34:38| *** НЕАКТУАЛЬНЫХ ЗАПИСЕЙ НЕ ОБНАРУЖЕНО для таблицы av_spr_taxi
2021-12-28 10:34:38| *** НЕАКТУАЛЬНЫХ ЗАПИСЕЙ НЕ ОБНАРУЖЕНО для таблицы av_spr_uslugi
2021-12-28 10:34:38| *** НЕАКТУАЛЬНЫХ ЗАПИСЕЙ НЕ ОБНАРУЖЕНО для таблицы av_tarif
2021-12-28 10:34:38| *** НЕАКТУАЛЬНЫХ ЗАПИСЕЙ НЕ ОБНАРУЖЕНО для таблицы av_tarif_bagag
2021-12-28 10:34:38| *** НЕАКТУАЛЬНЫХ ЗАПИСЕЙ НЕ ОБНАРУЖЕНО для таблицы av_tarif_lgot
2021-12-28 10:34:38| *** НЕАКТУАЛЬНЫХ ЗАПИСЕЙ НЕ ОБНАРУЖЕНО для таблицы av_tarif_local
2021-12-28 10:34:38| *** НЕАКТУАЛЬНЫХ ЗАПИСЕЙ НЕ ОБНАРУЖЕНО для таблицы av_tarif_predv
2021-12-28 10:34:38| *** НЕАКТУАЛЬНЫХ ЗАПИСЕЙ НЕ ОБНАРУЖЕНО для таблицы av_tarif_uslugi
2021-12-28 10:34:38| *** НЕАКТУАЛЬНЫХ ЗАПИСЕЙ НЕ ОБНАРУЖЕНО для таблицы av_tick_addition
2021-12-28 10:34:38| *** НЕАКТУАЛЬНЫХ ЗАПИСЕЙ НЕ ОБНАРУЖЕНО для таблицы av_tick_shablon
2021-12-28 10:34:38| *** НЕАКТУАЛЬНЫХ ЗАПИСЕЙ НЕ ОБНАРУЖЕНО для таблицы av_tick_vars
2021-12-28 10:34:38| *** НЕАКТУАЛЬНЫХ ЗАПИСЕЙ НЕ ОБНАРУЖЕНО для таблицы av_users
2021-12-28 10:34:38| *** НЕАКТУАЛЬНЫХ ЗАПИСЕЙ НЕ ОБНАРУЖЕНО для таблицы av_users_arm
2021-12-28 10:34:38| *** НЕАКТУАЛЬНЫХ ЗАПИСЕЙ НЕ ОБНАРУЖЕНО для таблицы av_users_arm_options
2021-12-28 10:34:38| *** НЕАКТУАЛЬНЫХ ЗАПИСЕЙ НЕ ОБНАРУЖЕНО для таблицы av_users_group
2021-12-28 10:34:38| *** НЕАКТУАЛЬНЫХ ЗАПИСЕЙ НЕ ОБНАРУЖЕНО для таблицы av_users_menu_perm
2021-12-28 10:34:38| *** НЕАКТУАЛЬНЫХ ЗАПИСЕЙ НЕ ОБНАРУЖЕНО для таблицы av_users_podr
2021-12-28 10:34:38| *** НЕАКТУАЛЬНЫХ ЗАПИСЕЙ НЕ ОБНАРУЖЕНО для таблицы av_users_servers
2021-12-28 10:34:38| =============================Sync_local_real====================================
2021-12-28 10:34:38| +-+-+ Определение доступности Локального сервера [815] -+-+-
2021-12-28 10:34:38| -*- Заполнение таблицы av_trip локальных отрезков расписаний данными...
2021-12-28 10:34:40| _НЕ обнаружено новых данных в таблице локальных отрезков расписаний
2021-12-28 10:34:40| | Обновление таблицы av_trip_atp_ats [ПЕРЕВОЗЧИК + АТС]
2021-12-28 10:34:40| _НЕ обнаружено новых данных в таблице [ПЕРЕВОЗЧИК + АТС]
2021-12-28 10:34:40| :info: в таблице av_trip_atp_ats сейчас 1444 записей.
2021-12-28 10:34:40| | Обновление таблицы av-trip-dog-lic данных по рейсам [ДОГОВОРА И ЛИЦЕНЗИИ + ПЕРЕВОЗЧИК]
2021-12-28 10:34:41| _НЕ обнаружено новых данных в таблице [ДОГОВОРА И ЛИЦЕНЗИИ + ПЕРЕВОЗЧИК]
2021-12-28 10:34:41| :info: в таблице av_trip_dog_lic сейчас 750 записей.
2021-12-28 10:34:41| ********* Успешно завершена запись журнала на Центральный сервер  *************
2021-12-28 10:34:41| *******************************************************************************
2021-12-28 10:34:41| --------------/*\ Синхронизация ЗАВЕРШЕНА !  /*\---------------
2021-12-28 10:34:41| -----------------\*/______________________\*/------------------
2021-12-28 13:32:37| ! ! Синхронизация по расписанию ВКЛЮЧЕНА ! !
2021-12-28 13:32:41| --------------\*/ Синхронизация НАЧАЛО (ручной режим) \*/---------------
2021-12-28 13:32:41| ******************************< 26 >***********************************
2021-12-28 13:32:41| Обновляется сервер Ставрополь АВ [815] ip:172.27.1.5
2021-12-28 13:32:41| проверка необходимости в обновлении сервера
2021-12-28 13:32:41| +Определение доступности Центрального сервера
2021-12-28 13:32:41| Проверка сервера на блокировку
2021-12-28 13:32:41| Блокируем сервер 815
2021-12-28 13:32:41| =============================sync_data========================================
2021-12-28 13:32:41| - Успешно получен список синхронизируемых справочников.
2021-12-28 13:32:41| Таблица №9 из 57 | av_shedule - записей добавлено: 35
2021-12-28 13:32:41| Таблица №10 из 57 | av_shedule_atp - записей добавлено: 2
2021-12-28 13:32:41| Таблица №11 из 57 | av_shedule_ats - записей добавлено: 30
2021-12-28 13:32:41| Таблица №12 из 57 | av_shedule_bron - записей добавлено: 5
2021-12-28 13:32:41| Таблица №14 из 57 | av_shedule_fio - записей добавлено: 1
2021-12-28 13:32:42| Таблица №18 из 57 | av_shedule_price - записей добавлено: 83
2021-12-28 13:32:42| Таблица №20 из 57 | av_shedule_sezon - записей добавлено: 1
2021-12-28 13:32:42| Таблица №21 из 57 | av_shedule_sostav - записей добавлено: 42
2021-12-28 13:32:42| Таблица №22 из 57 | av_shedule_tarif - записей добавлено: 148
2021-12-28 13:32:43| :::::::::::::: УДАЛЕНИЕ НЕАКТУАЛЬНЫХ ЗАПИСЕЙ В ТАБЛИЦАХ :::::::::::::::::::::
2021-12-28 13:32:43| *** НЕАКТУАЛЬНЫХ ЗАПИСЕЙ НЕ ОБНАРУЖЕНО для таблицы av_arm_menu
2021-12-28 13:32:43| *** НЕАКТУАЛЬНЫХ ЗАПИСЕЙ НЕ ОБНАРУЖЕНО для таблицы av_arm_options
2021-12-28 13:32:43| *** НЕАКТУАЛЬНЫХ ЗАПИСЕЙ НЕ ОБНАРУЖЕНО для таблицы av_group
2021-12-28 13:32:43| *** НЕАКТУАЛЬНЫХ ЗАПИСЕЙ НЕ ОБНАРУЖЕНО для таблицы av_pdp_dest_point
2021-12-28 13:32:43| *** НЕАКТУАЛЬНЫХ ЗАПИСЕЙ НЕ ОБНАРУЖЕНО для таблицы av_route
2021-12-28 13:32:43| *** НЕАКТУАЛЬНЫХ ЗАПИСЕЙ НЕ ОБНАРУЖЕНО для таблицы av_servers
2021-12-28 13:32:43| *** НЕАКТУАЛЬНЫХ ЗАПИСЕЙ НЕ ОБНАРУЖЕНО для таблицы av_servers_access
2021-12-28 13:32:43| *** НЕАКТУАЛЬНЫХ ЗАПИСЕЙ НЕ ОБНАРУЖЕНО для таблицы av_servers_denyuser
2021-12-28 13:32:43| --- 32 НЕАКТУАЛЬНЫХ ЗАПИСЕЙ УДАЛЕНО из таблицы av_shedule
2021-12-28 13:32:43| *** НЕАКТУАЛЬНЫХ ЗАПИСЕЙ НЕ ОБНАРУЖЕНО для таблицы av_shedule_atp
2021-12-28 13:32:43| *** НЕАКТУАЛЬНЫХ ЗАПИСЕЙ НЕ ОБНАРУЖЕНО для таблицы av_shedule_ats
2021-12-28 13:32:43| --- 3 НЕАКТУАЛЬНЫХ ЗАПИСЕЙ УДАЛЕНО из таблицы av_shedule_bron
2021-12-28 13:32:43| *** НЕАКТУАЛЬНЫХ ЗАПИСЕЙ НЕ ОБНАРУЖЕНО для таблицы av_shedule_denyuser
2021-12-28 13:32:43| *** НЕАКТУАЛЬНЫХ ЗАПИСЕЙ НЕ ОБНАРУЖЕНО для таблицы av_shedule_fio
2021-12-28 13:32:44| *** НЕАКТУАЛЬНЫХ ЗАПИСЕЙ НЕ ОБНАРУЖЕНО для таблицы av_shedule_hard_bron
2021-12-28 13:32:44| *** НЕАКТУАЛЬНЫХ ЗАПИСЕЙ НЕ ОБНАРУЖЕНО для таблицы av_shedule_invisible
2021-12-28 13:32:44| *** НЕАКТУАЛЬНЫХ ЗАПИСЕЙ НЕ ОБНАРУЖЕНО для таблицы av_shedule_lgot
2021-12-28 13:32:44| --- 32 НЕАКТУАЛЬНЫХ ЗАПИСЕЙ УДАЛЕНО из таблицы av_shedule_price
2021-12-28 13:32:44| *** НЕАКТУАЛЬНЫХ ЗАПИСЕЙ НЕ ОБНАРУЖЕНО для таблицы av_shedule_remote_sale_permition
2021-12-28 13:32:44| *** НЕАКТУАЛЬНЫХ ЗАПИСЕЙ НЕ ОБНАРУЖЕНО для таблицы av_shedule_sezon
2021-12-28 13:32:44| *** НЕАКТУАЛЬНЫХ ЗАПИСЕЙ НЕ ОБНАРУЖЕНО для таблицы av_shedule_sostav
2021-12-28 13:32:44| --- 74 НЕАКТУАЛЬНЫХ ЗАПИСЕЙ УДАЛЕНО из таблицы av_shedule_tarif
2021-12-28 13:32:44| *** НЕАКТУАЛЬНЫХ ЗАПИСЕЙ НЕ ОБНАРУЖЕНО для таблицы av_shedule_tel
2021-12-28 13:32:44| *** НЕАКТУАЛЬНЫХ ЗАПИСЕЙ НЕ ОБНАРУЖЕНО для таблицы av_shedule_uslugi
2021-12-28 13:32:44| *** НЕАКТУАЛЬНЫХ ЗАПИСЕЙ НЕ ОБНАРУЖЕНО для таблицы av_shedule_voin_deny
2021-12-28 13:32:44| *** НЕАКТУАЛЬНЫХ ЗАПИСЕЙ НЕ ОБНАРУЖЕНО для таблицы av_spr_arenda
2021-12-28 13:32:45| *** НЕАКТУАЛЬНЫХ ЗАПИСЕЙ НЕ ОБНАРУЖЕНО для таблицы av_spr_ats
2021-12-28 13:32:45| *** НЕАКТУАЛЬНЫХ ЗАПИСЕЙ НЕ ОБНАРУЖЕНО для таблицы av_spr_kontragent
2021-12-28 13:32:45| *** НЕАКТУАЛЬНЫХ ЗАПИСЕЙ НЕ ОБНАРУЖЕНО для таблицы av_spr_kontr_ats
2021-12-28 13:32:45| *** НЕАКТУАЛЬНЫХ ЗАПИСЕЙ НЕ ОБНАРУЖЕНО для таблицы av_spr_kontr_dog
2021-12-28 13:32:45| *** НЕАКТУАЛЬНЫХ ЗАПИСЕЙ НЕ ОБНАРУЖЕНО для таблицы av_spr_kontr_fio
2021-12-28 13:32:45| *** НЕАКТУАЛЬНЫХ ЗАПИСЕЙ НЕ ОБНАРУЖЕНО для таблицы av_spr_kontr_license
2021-12-28 13:32:45| *** НЕАКТУАЛЬНЫХ ЗАПИСЕЙ НЕ ОБНАРУЖЕНО для таблицы av_spr_kontr_viddog
2021-12-28 13:32:45| *** НЕАКТУАЛЬНЫХ ЗАПИСЕЙ НЕ ОБНАРУЖЕНО для таблицы av_spr_lgot
2021-12-28 13:32:45| *** НЕАКТУАЛЬНЫХ ЗАПИСЕЙ НЕ ОБНАРУЖЕНО для таблицы av_spr_locality
2021-12-28 13:32:46| *** НЕАКТУАЛЬНЫХ ЗАПИСЕЙ НЕ ОБНАРУЖЕНО для таблицы av_spr_night
2021-12-28 13:32:46| *** НЕАКТУАЛЬНЫХ ЗАПИСЕЙ НЕ ОБНАРУЖЕНО для таблицы av_spr_path
2021-12-28 13:32:46| *** НЕАКТУАЛЬНЫХ ЗАПИСЕЙ НЕ ОБНАРУЖЕНО для таблицы av_spr_point
2021-12-28 13:32:46| *** НЕАКТУАЛЬНЫХ ЗАПИСЕЙ НЕ ОБНАРУЖЕНО для таблицы av_spr_point_group
2021-12-28 13:32:46| *** НЕАКТУАЛЬНЫХ ЗАПИСЕЙ НЕ ОБНАРУЖЕНО для таблицы av_spr_taxi
2021-12-28 13:32:46| *** НЕАКТУАЛЬНЫХ ЗАПИСЕЙ НЕ ОБНАРУЖЕНО для таблицы av_spr_uslugi
2021-12-28 13:32:46| *** НЕАКТУАЛЬНЫХ ЗАПИСЕЙ НЕ ОБНАРУЖЕНО для таблицы av_tarif
2021-12-28 13:32:46| *** НЕАКТУАЛЬНЫХ ЗАПИСЕЙ НЕ ОБНАРУЖЕНО для таблицы av_tarif_bagag
2021-12-28 13:32:46| *** НЕАКТУАЛЬНЫХ ЗАПИСЕЙ НЕ ОБНАРУЖЕНО для таблицы av_tarif_lgot
2021-12-28 13:32:46| *** НЕАКТУАЛЬНЫХ ЗАПИСЕЙ НЕ ОБНАРУЖЕНО для таблицы av_tarif_local
2021-12-28 13:32:46| *** НЕАКТУАЛЬНЫХ ЗАПИСЕЙ НЕ ОБНАРУЖЕНО для таблицы av_tarif_predv
2021-12-28 13:32:46| *** НЕАКТУАЛЬНЫХ ЗАПИСЕЙ НЕ ОБНАРУЖЕНО для таблицы av_tarif_uslugi
2021-12-28 13:32:46| *** НЕАКТУАЛЬНЫХ ЗАПИСЕЙ НЕ ОБНАРУЖЕНО для таблицы av_tick_addition
2021-12-28 13:32:46| *** НЕАКТУАЛЬНЫХ ЗАПИСЕЙ НЕ ОБНАРУЖЕНО для таблицы av_tick_shablon
2021-12-28 13:32:46| *** НЕАКТУАЛЬНЫХ ЗАПИСЕЙ НЕ ОБНАРУЖЕНО для таблицы av_tick_vars
2021-12-28 13:32:46| *** НЕАКТУАЛЬНЫХ ЗАПИСЕЙ НЕ ОБНАРУЖЕНО для таблицы av_users
2021-12-28 13:32:46| *** НЕАКТУАЛЬНЫХ ЗАПИСЕЙ НЕ ОБНАРУЖЕНО для таблицы av_users_arm
2021-12-28 13:32:46| *** НЕАКТУАЛЬНЫХ ЗАПИСЕЙ НЕ ОБНАРУЖЕНО для таблицы av_users_arm_options
2021-12-28 13:32:46| *** НЕАКТУАЛЬНЫХ ЗАПИСЕЙ НЕ ОБНАРУЖЕНО для таблицы av_users_group
2021-12-28 13:32:46| *** НЕАКТУАЛЬНЫХ ЗАПИСЕЙ НЕ ОБНАРУЖЕНО для таблицы av_users_menu_perm
2021-12-28 13:32:46| *** НЕАКТУАЛЬНЫХ ЗАПИСЕЙ НЕ ОБНАРУЖЕНО для таблицы av_users_podr
2021-12-28 13:32:46| *** НЕАКТУАЛЬНЫХ ЗАПИСЕЙ НЕ ОБНАРУЖЕНО для таблицы av_users_servers
2021-12-28 13:32:46| =============================Sync_local_real====================================
2021-12-28 13:32:46| +-+-+ Определение доступности Локального сервера [815] -+-+-
2021-12-28 13:32:46| -*- Заполнение таблицы av_trip локальных отрезков расписаний данными...
2021-12-28 13:32:47| +++ Таблица av_trip УСПЕШНО обновлена! Добавлено записей: 1046
2021-12-28 13:32:47| | Обновление таблицы av_trip_atp_ats [ПЕРЕВОЗЧИК + АТС]
2021-12-28 13:32:47| *** Для таблицы av-trip-atp-ats обнаружены НОВЫЕ записи в кол-ве: 1
2021-12-28 13:32:47| new atp-> 2960; 4891; Пыльнов И.А.; 6111; Неман ГН: К 777 ВН 26; 2; 28; 1; 
2021-12-28 13:32:47| !info! в таблице av_trip_atp_ats сейчас 1444 записей.
2021-12-28 13:32:47| _НЕАКТУАЛЬНЫХ записей в таблице не обнаружено 
2021-12-28 13:32:49| +++ В таблицу [ПЕРЕВОЗЧИК + АТС] УСПЕШНО добавлено новых записей в кол-ве: 1
2021-12-28 13:32:49| :info: в таблице av_trip_atp_ats сейчас 1445 записей.
2021-12-28 13:32:49| | Обновление таблицы av-trip-dog-lic данных по рейсам [ДОГОВОРА И ЛИЦЕНЗИИ + ПЕРЕВОЗЧИК]
2021-12-28 13:32:50| _НЕ обнаружено новых данных в таблице [ДОГОВОРА И ЛИЦЕНЗИИ + ПЕРЕВОЗЧИК]
2021-12-28 13:32:50| :info: в таблице av_trip_dog_lic сейчас 750 записей.
2021-12-28 13:32:50| ********* Успешно завершена запись журнала на Центральный сервер  *************
2021-12-28 13:32:50| *******************************************************************************
2021-12-28 13:32:50| --------------/*\ Синхронизация ЗАВЕРШЕНА !  /*\---------------
2021-12-28 13:32:50| -----------------\*/______________________\*/------------------
2021-12-28 13:35:57|  \-таймер авто обновления-/ 
2021-12-28 13:39:17|  \-таймер авто обновления-/ 
2021-12-28 13:42:37|  \-таймер авто обновления-/ 
2021-12-28 13:45:57|  \-таймер авто обновления-/ 
2021-12-28 13:49:17|  \-таймер авто обновления-/ 
2021-12-28 13:52:37|  \-таймер авто обновления-/ 
2021-12-28 13:53:11| --------------\*/ Синхронизация НАЧАЛО (ручной режим) \*/---------------
2021-12-28 13:53:11| ******************************< 26 >***********************************
2021-12-28 13:53:11| Обновляется сервер Ставрополь АВ [815] ip:172.27.1.5
2021-12-28 13:53:11| проверка необходимости в обновлении сервера
2021-12-28 13:53:11| +Определение доступности Центрального сервера
2021-12-28 13:53:11| Проверка сервера на блокировку
2021-12-28 13:53:11| Блокируем сервер 815
2021-12-28 13:53:11| =============================sync_data========================================
2021-12-28 13:53:11| - Успешно получен список синхронизируемых справочников.
2021-12-28 13:53:11| Таблица №9 из 57 | av_shedule - записей добавлено: 7
2021-12-28 13:53:11| Таблица №10 из 57 | av_shedule_atp - записей добавлено: 9
2021-12-28 13:53:12| Таблица №11 из 57 | av_shedule_ats - записей добавлено: 315
2021-12-28 13:53:12| Таблица №18 из 57 | av_shedule_price - записей добавлено: 3
2021-12-28 13:53:12| Таблица №20 из 57 | av_shedule_sezon - записей добавлено: 21
2021-12-28 13:53:12| Таблица №22 из 57 | av_shedule_tarif - записей добавлено: 325
2021-12-28 13:53:13| :::::::::::::: УДАЛЕНИЕ НЕАКТУАЛЬНЫХ ЗАПИСЕЙ В ТАБЛИЦАХ :::::::::::::::::::::
2021-12-28 13:53:13| *** НЕАКТУАЛЬНЫХ ЗАПИСЕЙ НЕ ОБНАРУЖЕНО для таблицы av_arm_menu
2021-12-28 13:53:13| *** НЕАКТУАЛЬНЫХ ЗАПИСЕЙ НЕ ОБНАРУЖЕНО для таблицы av_arm_options
2021-12-28 13:53:13| *** НЕАКТУАЛЬНЫХ ЗАПИСЕЙ НЕ ОБНАРУЖЕНО для таблицы av_group
2021-12-28 13:53:13| *** НЕАКТУАЛЬНЫХ ЗАПИСЕЙ НЕ ОБНАРУЖЕНО для таблицы av_pdp_dest_point
2021-12-28 13:53:13| *** НЕАКТУАЛЬНЫХ ЗАПИСЕЙ НЕ ОБНАРУЖЕНО для таблицы av_route
2021-12-28 13:53:13| *** НЕАКТУАЛЬНЫХ ЗАПИСЕЙ НЕ ОБНАРУЖЕНО для таблицы av_servers
2021-12-28 13:53:13| *** НЕАКТУАЛЬНЫХ ЗАПИСЕЙ НЕ ОБНАРУЖЕНО для таблицы av_servers_access
2021-12-28 13:53:13| *** НЕАКТУАЛЬНЫХ ЗАПИСЕЙ НЕ ОБНАРУЖЕНО для таблицы av_servers_denyuser
2021-12-28 13:53:14| --- 7 НЕАКТУАЛЬНЫХ ЗАПИСЕЙ УДАЛЕНО из таблицы av_shedule
2021-12-28 13:53:14| --- 8 НЕАКТУАЛЬНЫХ ЗАПИСЕЙ УДАЛЕНО из таблицы av_shedule_atp
2021-12-28 13:53:14| --- 318 НЕАКТУАЛЬНЫХ ЗАПИСЕЙ УДАЛЕНО из таблицы av_shedule_ats
2021-12-28 13:53:14| *** НЕАКТУАЛЬНЫХ ЗАПИСЕЙ НЕ ОБНАРУЖЕНО для таблицы av_shedule_bron
2021-12-28 13:53:14| *** НЕАКТУАЛЬНЫХ ЗАПИСЕЙ НЕ ОБНАРУЖЕНО для таблицы av_shedule_denyuser
2021-12-28 13:53:14| *** НЕАКТУАЛЬНЫХ ЗАПИСЕЙ НЕ ОБНАРУЖЕНО для таблицы av_shedule_fio
2021-12-28 13:53:14| *** НЕАКТУАЛЬНЫХ ЗАПИСЕЙ НЕ ОБНАРУЖЕНО для таблицы av_shedule_hard_bron
2021-12-28 13:53:14| *** НЕАКТУАЛЬНЫХ ЗАПИСЕЙ НЕ ОБНАРУЖЕНО для таблицы av_shedule_invisible
2021-12-28 13:53:14| *** НЕАКТУАЛЬНЫХ ЗАПИСЕЙ НЕ ОБНАРУЖЕНО для таблицы av_shedule_lgot
2021-12-28 13:53:14| *** НЕАКТУАЛЬНЫХ ЗАПИСЕЙ НЕ ОБНАРУЖЕНО для таблицы av_shedule_price
2021-12-28 13:53:14| *** НЕАКТУАЛЬНЫХ ЗАПИСЕЙ НЕ ОБНАРУЖЕНО для таблицы av_shedule_remote_sale_permition
2021-12-28 13:53:14| --- 18 НЕАКТУАЛЬНЫХ ЗАПИСЕЙ УДАЛЕНО из таблицы av_shedule_sezon
2021-12-28 13:53:15| *** НЕАКТУАЛЬНЫХ ЗАПИСЕЙ НЕ ОБНАРУЖЕНО для таблицы av_shedule_sostav
2021-12-28 13:53:15| --- 200 НЕАКТУАЛЬНЫХ ЗАПИСЕЙ УДАЛЕНО из таблицы av_shedule_tarif
2021-12-28 13:53:15| *** НЕАКТУАЛЬНЫХ ЗАПИСЕЙ НЕ ОБНАРУЖЕНО для таблицы av_shedule_tel
2021-12-28 13:53:15| *** НЕАКТУАЛЬНЫХ ЗАПИСЕЙ НЕ ОБНАРУЖЕНО для таблицы av_shedule_uslugi
2021-12-28 13:53:15| *** НЕАКТУАЛЬНЫХ ЗАПИСЕЙ НЕ ОБНАРУЖЕНО для таблицы av_shedule_voin_deny
2021-12-28 13:53:15| *** НЕАКТУАЛЬНЫХ ЗАПИСЕЙ НЕ ОБНАРУЖЕНО для таблицы av_spr_arenda
2021-12-28 13:53:15| *** НЕАКТУАЛЬНЫХ ЗАПИСЕЙ НЕ ОБНАРУЖЕНО для таблицы av_spr_ats
2021-12-28 13:53:16| *** НЕАКТУАЛЬНЫХ ЗАПИСЕЙ НЕ ОБНАРУЖЕНО для таблицы av_spr_kontragent
2021-12-28 13:53:16| *** НЕАКТУАЛЬНЫХ ЗАПИСЕЙ НЕ ОБНАРУЖЕНО для таблицы av_spr_kontr_ats
2021-12-28 13:53:16| *** НЕАКТУАЛЬНЫХ ЗАПИСЕЙ НЕ ОБНАРУЖЕНО для таблицы av_spr_kontr_dog
2021-12-28 13:53:16| *** НЕАКТУАЛЬНЫХ ЗАПИСЕЙ НЕ ОБНАРУЖЕНО для таблицы av_spr_kontr_fio
2021-12-28 13:53:16| *** НЕАКТУАЛЬНЫХ ЗАПИСЕЙ НЕ ОБНАРУЖЕНО для таблицы av_spr_kontr_license
2021-12-28 13:53:16| *** НЕАКТУАЛЬНЫХ ЗАПИСЕЙ НЕ ОБНАРУЖЕНО для таблицы av_spr_kontr_viddog
2021-12-28 13:53:16| *** НЕАКТУАЛЬНЫХ ЗАПИСЕЙ НЕ ОБНАРУЖЕНО для таблицы av_spr_lgot
2021-12-28 13:53:16| *** НЕАКТУАЛЬНЫХ ЗАПИСЕЙ НЕ ОБНАРУЖЕНО для таблицы av_spr_locality
2021-12-28 13:53:16| *** НЕАКТУАЛЬНЫХ ЗАПИСЕЙ НЕ ОБНАРУЖЕНО для таблицы av_spr_night
2021-12-28 13:53:16| *** НЕАКТУАЛЬНЫХ ЗАПИСЕЙ НЕ ОБНАРУЖЕНО для таблицы av_spr_path
2021-12-28 13:53:16| *** НЕАКТУАЛЬНЫХ ЗАПИСЕЙ НЕ ОБНАРУЖЕНО для таблицы av_spr_point
2021-12-28 13:53:16| *** НЕАКТУАЛЬНЫХ ЗАПИСЕЙ НЕ ОБНАРУЖЕНО для таблицы av_spr_point_group
2021-12-28 13:53:16| *** НЕАКТУАЛЬНЫХ ЗАПИСЕЙ НЕ ОБНАРУЖЕНО для таблицы av_spr_taxi
2021-12-28 13:53:16| *** НЕАКТУАЛЬНЫХ ЗАПИСЕЙ НЕ ОБНАРУЖЕНО для таблицы av_spr_uslugi
2021-12-28 13:53:16| *** НЕАКТУАЛЬНЫХ ЗАПИСЕЙ НЕ ОБНАРУЖЕНО для таблицы av_tarif
2021-12-28 13:53:16| *** НЕАКТУАЛЬНЫХ ЗАПИСЕЙ НЕ ОБНАРУЖЕНО для таблицы av_tarif_bagag
2021-12-28 13:53:16| *** НЕАКТУАЛЬНЫХ ЗАПИСЕЙ НЕ ОБНАРУЖЕНО для таблицы av_tarif_lgot
2021-12-28 13:53:16| *** НЕАКТУАЛЬНЫХ ЗАПИСЕЙ НЕ ОБНАРУЖЕНО для таблицы av_tarif_local
2021-12-28 13:53:16| *** НЕАКТУАЛЬНЫХ ЗАПИСЕЙ НЕ ОБНАРУЖЕНО для таблицы av_tarif_predv
2021-12-28 13:53:16| *** НЕАКТУАЛЬНЫХ ЗАПИСЕЙ НЕ ОБНАРУЖЕНО для таблицы av_tarif_uslugi
2021-12-28 13:53:16| *** НЕАКТУАЛЬНЫХ ЗАПИСЕЙ НЕ ОБНАРУЖЕНО для таблицы av_tick_addition
2021-12-28 13:53:17| *** НЕАКТУАЛЬНЫХ ЗАПИСЕЙ НЕ ОБНАРУЖЕНО для таблицы av_tick_shablon
2021-12-28 13:53:17| *** НЕАКТУАЛЬНЫХ ЗАПИСЕЙ НЕ ОБНАРУЖЕНО для таблицы av_tick_vars
2021-12-28 13:53:17| *** НЕАКТУАЛЬНЫХ ЗАПИСЕЙ НЕ ОБНАРУЖЕНО для таблицы av_users
2021-12-28 13:53:17| *** НЕАКТУАЛЬНЫХ ЗАПИСЕЙ НЕ ОБНАРУЖЕНО для таблицы av_users_arm
2021-12-28 13:53:17| *** НЕАКТУАЛЬНЫХ ЗАПИСЕЙ НЕ ОБНАРУЖЕНО для таблицы av_users_arm_options
2021-12-28 13:53:17| *** НЕАКТУАЛЬНЫХ ЗАПИСЕЙ НЕ ОБНАРУЖЕНО для таблицы av_users_group
2021-12-28 13:53:17| *** НЕАКТУАЛЬНЫХ ЗАПИСЕЙ НЕ ОБНАРУЖЕНО для таблицы av_users_menu_perm
2021-12-28 13:53:17| *** НЕАКТУАЛЬНЫХ ЗАПИСЕЙ НЕ ОБНАРУЖЕНО для таблицы av_users_podr
2021-12-28 13:53:17| *** НЕАКТУАЛЬНЫХ ЗАПИСЕЙ НЕ ОБНАРУЖЕНО для таблицы av_users_servers
2021-12-28 13:53:17| =============================Sync_local_real====================================
2021-12-28 13:53:17| +-+-+ Определение доступности Локального сервера [815] -+-+-
2021-12-28 13:53:17| -*- Заполнение таблицы av_trip локальных отрезков расписаний данными...
2021-12-28 13:53:18| _НЕ обнаружено новых данных в таблице локальных отрезков расписаний
2021-12-28 13:53:18| | Обновление таблицы av_trip_atp_ats [ПЕРЕВОЗЧИК + АТС]
2021-12-28 13:53:19| *** Для таблицы av-trip-atp-ats обнаружены НОВЫЕ записи в кол-ве: 1
2021-12-28 13:53:19| new atp-> 2960; 4891; Пыльнов И.А.; 6111; Неман ГН: К 777 ВН 26; 2; 28; 1; 
2021-12-28 13:53:19| !info! в таблице av_trip_atp_ats сейчас 1445 записей.
2021-12-28 13:53:19| - Из таблицы av-trip-atp-ats УДАЛЕНО неактуальных записей в кол-ве: 1
2021-12-28 13:53:20| +++ В таблицу [ПЕРЕВОЗЧИК + АТС] УСПЕШНО добавлено новых записей в кол-ве: 1
2021-12-28 13:53:20| :info: в таблице av_trip_atp_ats сейчас 1445 записей.
2021-12-28 13:53:20| | Обновление таблицы av-trip-dog-lic данных по рейсам [ДОГОВОРА И ЛИЦЕНЗИИ + ПЕРЕВОЗЧИК]
2021-12-28 13:53:21| _НЕ обнаружено новых данных в таблице [ДОГОВОРА И ЛИЦЕНЗИИ + ПЕРЕВОЗЧИК]
2021-12-28 13:53:21| :info: в таблице av_trip_dog_lic сейчас 750 записей.
2021-12-28 13:53:21| ********* Успешно завершена запись журнала на Центральный сервер  *************
2021-12-28 13:53:21| *******************************************************************************
2021-12-28 13:53:21| --------------/*\ Синхронизация ЗАВЕРШЕНА !  /*\---------------
2021-12-28 13:53:21| -----------------\*/______________________\*/------------------
2021-12-28 13:55:57|  \-таймер авто обновления-/ 
2021-12-28 13:59:17|  \-таймер авто обновления-/ 
2021-12-28 14:02:37|  \-таймер авто обновления-/ 
2021-12-28 14:05:57|  \-таймер авто обновления-/ 
2021-12-28 14:09:17|  \-таймер авто обновления-/ 
2021-12-28 14:12:37|  \-таймер авто обновления-/ 
