0.1.1.0
2021-12-23 10:26:09| ! ! Синхронизация по расписанию ВКЛЮЧЕНА ! !
2021-12-23 10:28:15| --------------\*/ Синхронизация НАЧАЛО (ручной режим) \*/---------------
2021-12-23 10:28:15| ******************************< 27 >***********************************
2021-12-23 10:28:15| Обновляется сервер Ставрополь АС 1 [816] ip:172.27.4.5
2021-12-23 10:28:15| проверка необходимости в обновлении сервера
2021-12-23 10:28:15| +Определение доступности Центрального сервера
2021-12-23 10:28:15| Проверка сервера на блокировку
2021-12-23 10:28:15| Блокируем сервер 816
2021-12-23 10:28:15| =============================sync_data========================================
2021-12-23 10:28:15| - Успешно получен список синхронизируемых справочников.
2021-12-23 10:28:16| Таблица №9 из 57 | av_shedule - записей добавлено: 3
2021-12-23 10:28:17| Таблица №18 из 57 | av_shedule_price - записей добавлено: 10
2021-12-23 10:28:17| Таблица №21 из 57 | av_shedule_sostav - записей добавлено: 9
2021-12-23 10:28:21| :::::::::::::: УДАЛЕНИЕ НЕАКТУАЛЬНЫХ ЗАПИСЕЙ В ТАБЛИЦАХ :::::::::::::::::::::
2021-12-23 10:28:22| *** НЕАКТУАЛЬНЫХ ЗАПИСЕЙ НЕ ОБНАРУЖЕНО для таблицы av_arm_menu
2021-12-23 10:28:22| *** НЕАКТУАЛЬНЫХ ЗАПИСЕЙ НЕ ОБНАРУЖЕНО для таблицы av_arm_options
2021-12-23 10:28:22| *** НЕАКТУАЛЬНЫХ ЗАПИСЕЙ НЕ ОБНАРУЖЕНО для таблицы av_group
2021-12-23 10:28:23| *** НЕАКТУАЛЬНЫХ ЗАПИСЕЙ НЕ ОБНАРУЖЕНО для таблицы av_pdp_dest_point
2021-12-23 10:28:23| *** НЕАКТУАЛЬНЫХ ЗАПИСЕЙ НЕ ОБНАРУЖЕНО для таблицы av_route
2021-12-23 10:28:23| *** НЕАКТУАЛЬНЫХ ЗАПИСЕЙ НЕ ОБНАРУЖЕНО для таблицы av_servers
2021-12-23 10:28:23| *** НЕАКТУАЛЬНЫХ ЗАПИСЕЙ НЕ ОБНАРУЖЕНО для таблицы av_servers_access
2021-12-23 10:28:24| *** НЕАКТУАЛЬНЫХ ЗАПИСЕЙ НЕ ОБНАРУЖЕНО для таблицы av_servers_denyuser
2021-12-23 10:28:24| --- 2 НЕАКТУАЛЬНЫХ ЗАПИСЕЙ УДАЛЕНО из таблицы av_shedule
2021-12-23 10:28:24| *** НЕАКТУАЛЬНЫХ ЗАПИСЕЙ НЕ ОБНАРУЖЕНО для таблицы av_shedule_atp
2021-12-23 10:28:24| *** НЕАКТУАЛЬНЫХ ЗАПИСЕЙ НЕ ОБНАРУЖЕНО для таблицы av_shedule_ats
2021-12-23 10:28:25| *** НЕАКТУАЛЬНЫХ ЗАПИСЕЙ НЕ ОБНАРУЖЕНО для таблицы av_shedule_bron
2021-12-23 10:28:25| *** НЕАКТУАЛЬНЫХ ЗАПИСЕЙ НЕ ОБНАРУЖЕНО для таблицы av_shedule_denyuser
2021-12-23 10:28:25| *** НЕАКТУАЛЬНЫХ ЗАПИСЕЙ НЕ ОБНАРУЖЕНО для таблицы av_shedule_fio
2021-12-23 10:28:25| *** НЕАКТУАЛЬНЫХ ЗАПИСЕЙ НЕ ОБНАРУЖЕНО для таблицы av_shedule_hard_bron
2021-12-23 10:28:26| *** НЕАКТУАЛЬНЫХ ЗАПИСЕЙ НЕ ОБНАРУЖЕНО для таблицы av_shedule_invisible
2021-12-23 10:28:26| *** НЕАКТУАЛЬНЫХ ЗАПИСЕЙ НЕ ОБНАРУЖЕНО для таблицы av_shedule_lgot
2021-12-23 10:28:26| --- 3 НЕАКТУАЛЬНЫХ ЗАПИСЕЙ УДАЛЕНО из таблицы av_shedule_price
2021-12-23 10:28:26| *** НЕАКТУАЛЬНЫХ ЗАПИСЕЙ НЕ ОБНАРУЖЕНО для таблицы av_shedule_remote_sale_permition
2021-12-23 10:28:26| *** НЕАКТУАЛЬНЫХ ЗАПИСЕЙ НЕ ОБНАРУЖЕНО для таблицы av_shedule_sezon
2021-12-23 10:28:27| --- 4 НЕАКТУАЛЬНЫХ ЗАПИСЕЙ УДАЛЕНО из таблицы av_shedule_sostav
2021-12-23 10:28:28| *** НЕАКТУАЛЬНЫХ ЗАПИСЕЙ НЕ ОБНАРУЖЕНО для таблицы av_shedule_tarif
2021-12-23 10:28:28| *** НЕАКТУАЛЬНЫХ ЗАПИСЕЙ НЕ ОБНАРУЖЕНО для таблицы av_shedule_tel
2021-12-23 10:28:28| *** НЕАКТУАЛЬНЫХ ЗАПИСЕЙ НЕ ОБНАРУЖЕНО для таблицы av_shedule_uslugi
2021-12-23 10:28:28| *** НЕАКТУАЛЬНЫХ ЗАПИСЕЙ НЕ ОБНАРУЖЕНО для таблицы av_shedule_voin_deny
2021-12-23 10:28:29| *** НЕАКТУАЛЬНЫХ ЗАПИСЕЙ НЕ ОБНАРУЖЕНО для таблицы av_spr_arenda
2021-12-23 10:28:29| *** НЕАКТУАЛЬНЫХ ЗАПИСЕЙ НЕ ОБНАРУЖЕНО для таблицы av_spr_ats
2021-12-23 10:28:30| *** НЕАКТУАЛЬНЫХ ЗАПИСЕЙ НЕ ОБНАРУЖЕНО для таблицы av_spr_kontragent
2021-12-23 10:28:30| *** НЕАКТУАЛЬНЫХ ЗАПИСЕЙ НЕ ОБНАРУЖЕНО для таблицы av_spr_kontr_ats
2021-12-23 10:28:30| *** НЕАКТУАЛЬНЫХ ЗАПИСЕЙ НЕ ОБНАРУЖЕНО для таблицы av_spr_kontr_dog
2021-12-23 10:28:30| *** НЕАКТУАЛЬНЫХ ЗАПИСЕЙ НЕ ОБНАРУЖЕНО для таблицы av_spr_kontr_fio
2021-12-23 10:28:31| *** НЕАКТУАЛЬНЫХ ЗАПИСЕЙ НЕ ОБНАРУЖЕНО для таблицы av_spr_kontr_license
2021-12-23 10:28:31| *** НЕАКТУАЛЬНЫХ ЗАПИСЕЙ НЕ ОБНАРУЖЕНО для таблицы av_spr_kontr_viddog
2021-12-23 10:28:31| *** НЕАКТУАЛЬНЫХ ЗАПИСЕЙ НЕ ОБНАРУЖЕНО для таблицы av_spr_lgot
2021-12-23 10:28:31| *** НЕАКТУАЛЬНЫХ ЗАПИСЕЙ НЕ ОБНАРУЖЕНО для таблицы av_spr_locality
2021-12-23 10:28:31| *** НЕАКТУАЛЬНЫХ ЗАПИСЕЙ НЕ ОБНАРУЖЕНО для таблицы av_spr_night
2021-12-23 10:28:32| *** НЕАКТУАЛЬНЫХ ЗАПИСЕЙ НЕ ОБНАРУЖЕНО для таблицы av_spr_path
2021-12-23 10:28:32| *** НЕАКТУАЛЬНЫХ ЗАПИСЕЙ НЕ ОБНАРУЖЕНО для таблицы av_spr_point
2021-12-23 10:28:32| *** НЕАКТУАЛЬНЫХ ЗАПИСЕЙ НЕ ОБНАРУЖЕНО для таблицы av_spr_point_group
2021-12-23 10:28:32| *** НЕАКТУАЛЬНЫХ ЗАПИСЕЙ НЕ ОБНАРУЖЕНО для таблицы av_spr_taxi
2021-12-23 10:28:33| *** НЕАКТУАЛЬНЫХ ЗАПИСЕЙ НЕ ОБНАРУЖЕНО для таблицы av_spr_uslugi
2021-12-23 10:28:33| *** НЕАКТУАЛЬНЫХ ЗАПИСЕЙ НЕ ОБНАРУЖЕНО для таблицы av_tarif
2021-12-23 10:28:33| *** НЕАКТУАЛЬНЫХ ЗАПИСЕЙ НЕ ОБНАРУЖЕНО для таблицы av_tarif_bagag
2021-12-23 10:28:33| *** НЕАКТУАЛЬНЫХ ЗАПИСЕЙ НЕ ОБНАРУЖЕНО для таблицы av_tarif_lgot
2021-12-23 10:28:33| *** НЕАКТУАЛЬНЫХ ЗАПИСЕЙ НЕ ОБНАРУЖЕНО для таблицы av_tarif_local
2021-12-23 10:28:34| *** НЕАКТУАЛЬНЫХ ЗАПИСЕЙ НЕ ОБНАРУЖЕНО для таблицы av_tarif_predv
2021-12-23 10:28:34| *** НЕАКТУАЛЬНЫХ ЗАПИСЕЙ НЕ ОБНАРУЖЕНО для таблицы av_tarif_uslugi
2021-12-23 10:28:34| *** НЕАКТУАЛЬНЫХ ЗАПИСЕЙ НЕ ОБНАРУЖЕНО для таблицы av_tick_addition
2021-12-23 10:28:34| *** НЕАКТУАЛЬНЫХ ЗАПИСЕЙ НЕ ОБНАРУЖЕНО для таблицы av_tick_shablon
2021-12-23 10:28:35| *** НЕАКТУАЛЬНЫХ ЗАПИСЕЙ НЕ ОБНАРУЖЕНО для таблицы av_tick_vars
2021-12-23 10:28:35| *** НЕАКТУАЛЬНЫХ ЗАПИСЕЙ НЕ ОБНАРУЖЕНО для таблицы av_users
2021-12-23 10:28:35| *** НЕАКТУАЛЬНЫХ ЗАПИСЕЙ НЕ ОБНАРУЖЕНО для таблицы av_users_arm
2021-12-23 10:28:35| *** НЕАКТУАЛЬНЫХ ЗАПИСЕЙ НЕ ОБНАРУЖЕНО для таблицы av_users_arm_options
2021-12-23 10:28:36| *** НЕАКТУАЛЬНЫХ ЗАПИСЕЙ НЕ ОБНАРУЖЕНО для таблицы av_users_group
2021-12-23 10:28:36| *** НЕАКТУАЛЬНЫХ ЗАПИСЕЙ НЕ ОБНАРУЖЕНО для таблицы av_users_menu_perm
2021-12-23 10:28:36| *** НЕАКТУАЛЬНЫХ ЗАПИСЕЙ НЕ ОБНАРУЖЕНО для таблицы av_users_podr
2021-12-23 10:28:36| *** НЕАКТУАЛЬНЫХ ЗАПИСЕЙ НЕ ОБНАРУЖЕНО для таблицы av_users_servers
2021-12-23 10:28:36| =============================Sync_local_real====================================
2021-12-23 10:28:36| +-+-+ Определение доступности Локального сервера [816] -+-+-
2021-12-23 10:28:37| -*- Заполнение таблицы av_trip локальных отрезков расписаний данными...
2021-12-23 10:28:37| +++ Таблица av_trip УСПЕШНО обновлена! Добавлено записей: 358
2021-12-23 10:28:37| | Обновление таблицы av_trip_atp_ats [ПЕРЕВОЗЧИК + АТС]
2021-12-23 10:28:37| _НЕ обнаружено новых данных в таблице [ПЕРЕВОЗЧИК + АТС]
2021-12-23 10:28:37| :info: в таблице av_trip_atp_ats сейчас 310 записей.
2021-12-23 10:28:37| | Обновление таблицы av-trip-dog-lic данных по рейсам [ДОГОВОРА И ЛИЦЕНЗИИ + ПЕРЕВОЗЧИК]
2021-12-23 10:28:37| _НЕ обнаружено новых данных в таблице [ДОГОВОРА И ЛИЦЕНЗИИ + ПЕРЕВОЗЧИК]
2021-12-23 10:28:38| :info: в таблице av_trip_dog_lic сейчас 275 записей.
2021-12-23 10:28:38| ********* Успешно завершена запись журнала на Центральный сервер  *************
2021-12-23 10:28:38| *******************************************************************************
2021-12-23 10:28:38| --------------/*\ Синхронизация ЗАВЕРШЕНА !  /*\---------------
2021-12-23 10:28:38| -----------------\*/______________________\*/------------------
2021-12-23 10:29:29|  \-таймер авто обновления-/ 
2021-12-23 16:08:19| ! ! Синхронизация по расписанию ВКЛЮЧЕНА ! !
2021-12-23 16:08:36| --------------\*/ Синхронизация НАЧАЛО (ручной режим) \*/---------------
2021-12-23 16:08:36| ******************************< 27 >***********************************
2021-12-23 16:08:36| Обновляется сервер Ставрополь АС 1 [816] ip:172.27.4.5
2021-12-23 16:08:36| проверка необходимости в обновлении сервера
2021-12-23 16:08:36| +Определение доступности Центрального сервера
2021-12-23 16:08:36| Проверка сервера на блокировку
2021-12-23 16:08:36| Блокируем сервер 816
2021-12-23 16:08:36| =============================sync_data========================================
2021-12-23 16:08:36| - Успешно получен список синхронизируемых справочников.
2021-12-23 16:08:38| Таблица №9 из 57 | av_shedule - записей добавлено: 18
2021-12-23 16:08:39| Таблица №18 из 57 | av_shedule_price - записей добавлено: 12
2021-12-23 16:08:39| Таблица №20 из 57 | av_shedule_sezon - записей добавлено: 2
2021-12-23 16:08:40| Таблица №22 из 57 | av_shedule_tarif - записей добавлено: 130
2021-12-23 16:08:44| Таблица №51 из 57 | av_users - записей добавлено: 2
2021-12-23 16:08:44| Таблица №54 из 57 | av_users_group - записей добавлено: 10
2021-12-23 16:08:44| Таблица №57 из 57 | av_users_servers - записей добавлено: 2
2021-12-23 16:08:45| :::::::::::::: УДАЛЕНИЕ НЕАКТУАЛЬНЫХ ЗАПИСЕЙ В ТАБЛИЦАХ :::::::::::::::::::::
2021-12-23 16:08:45| *** НЕАКТУАЛЬНЫХ ЗАПИСЕЙ НЕ ОБНАРУЖЕНО для таблицы av_arm_menu
2021-12-23 16:08:45| *** НЕАКТУАЛЬНЫХ ЗАПИСЕЙ НЕ ОБНАРУЖЕНО для таблицы av_arm_options
2021-12-23 16:08:45| *** НЕАКТУАЛЬНЫХ ЗАПИСЕЙ НЕ ОБНАРУЖЕНО для таблицы av_group
2021-12-23 16:08:46| *** НЕАКТУАЛЬНЫХ ЗАПИСЕЙ НЕ ОБНАРУЖЕНО для таблицы av_pdp_dest_point
2021-12-23 16:08:46| *** НЕАКТУАЛЬНЫХ ЗАПИСЕЙ НЕ ОБНАРУЖЕНО для таблицы av_route
2021-12-23 16:08:46| *** НЕАКТУАЛЬНЫХ ЗАПИСЕЙ НЕ ОБНАРУЖЕНО для таблицы av_servers
2021-12-23 16:08:46| *** НЕАКТУАЛЬНЫХ ЗАПИСЕЙ НЕ ОБНАРУЖЕНО для таблицы av_servers_access
2021-12-23 16:08:46| *** НЕАКТУАЛЬНЫХ ЗАПИСЕЙ НЕ ОБНАРУЖЕНО для таблицы av_servers_denyuser
2021-12-23 16:08:47| --- 18 НЕАКТУАЛЬНЫХ ЗАПИСЕЙ УДАЛЕНО из таблицы av_shedule
2021-12-23 16:08:47| *** НЕАКТУАЛЬНЫХ ЗАПИСЕЙ НЕ ОБНАРУЖЕНО для таблицы av_shedule_atp
2021-12-23 16:08:47| *** НЕАКТУАЛЬНЫХ ЗАПИСЕЙ НЕ ОБНАРУЖЕНО для таблицы av_shedule_ats
2021-12-23 16:08:48| *** НЕАКТУАЛЬНЫХ ЗАПИСЕЙ НЕ ОБНАРУЖЕНО для таблицы av_shedule_bron
2021-12-23 16:08:48| *** НЕАКТУАЛЬНЫХ ЗАПИСЕЙ НЕ ОБНАРУЖЕНО для таблицы av_shedule_denyuser
2021-12-23 16:08:48| *** НЕАКТУАЛЬНЫХ ЗАПИСЕЙ НЕ ОБНАРУЖЕНО для таблицы av_shedule_fio
2021-12-23 16:08:48| *** НЕАКТУАЛЬНЫХ ЗАПИСЕЙ НЕ ОБНАРУЖЕНО для таблицы av_shedule_hard_bron
2021-12-23 16:08:49| *** НЕАКТУАЛЬНЫХ ЗАПИСЕЙ НЕ ОБНАРУЖЕНО для таблицы av_shedule_invisible
2021-12-23 16:08:49| *** НЕАКТУАЛЬНЫХ ЗАПИСЕЙ НЕ ОБНАРУЖЕНО для таблицы av_shedule_lgot
2021-12-23 16:08:49| --- 11 НЕАКТУАЛЬНЫХ ЗАПИСЕЙ УДАЛЕНО из таблицы av_shedule_price
2021-12-23 16:08:49| *** НЕАКТУАЛЬНЫХ ЗАПИСЕЙ НЕ ОБНАРУЖЕНО для таблицы av_shedule_remote_sale_permition
2021-12-23 16:08:49| --- 2 НЕАКТУАЛЬНЫХ ЗАПИСЕЙ УДАЛЕНО из таблицы av_shedule_sezon
2021-12-23 16:08:50| *** НЕАКТУАЛЬНЫХ ЗАПИСЕЙ НЕ ОБНАРУЖЕНО для таблицы av_shedule_sostav
2021-12-23 16:08:51| --- 99 НЕАКТУАЛЬНЫХ ЗАПИСЕЙ УДАЛЕНО из таблицы av_shedule_tarif
2021-12-23 16:08:51| *** НЕАКТУАЛЬНЫХ ЗАПИСЕЙ НЕ ОБНАРУЖЕНО для таблицы av_shedule_tel
2021-12-23 16:08:51| *** НЕАКТУАЛЬНЫХ ЗАПИСЕЙ НЕ ОБНАРУЖЕНО для таблицы av_shedule_uslugi
2021-12-23 16:08:51| *** НЕАКТУАЛЬНЫХ ЗАПИСЕЙ НЕ ОБНАРУЖЕНО для таблицы av_shedule_voin_deny
2021-12-23 16:08:52| *** НЕАКТУАЛЬНЫХ ЗАПИСЕЙ НЕ ОБНАРУЖЕНО для таблицы av_spr_arenda
2021-12-23 16:08:52| *** НЕАКТУАЛЬНЫХ ЗАПИСЕЙ НЕ ОБНАРУЖЕНО для таблицы av_spr_ats
2021-12-23 16:08:53| *** НЕАКТУАЛЬНЫХ ЗАПИСЕЙ НЕ ОБНАРУЖЕНО для таблицы av_spr_kontragent
2021-12-23 16:08:53| *** НЕАКТУАЛЬНЫХ ЗАПИСЕЙ НЕ ОБНАРУЖЕНО для таблицы av_spr_kontr_ats
2021-12-23 16:08:53| *** НЕАКТУАЛЬНЫХ ЗАПИСЕЙ НЕ ОБНАРУЖЕНО для таблицы av_spr_kontr_dog
2021-12-23 16:08:53| *** НЕАКТУАЛЬНЫХ ЗАПИСЕЙ НЕ ОБНАРУЖЕНО для таблицы av_spr_kontr_fio
2021-12-23 16:08:54| *** НЕАКТУАЛЬНЫХ ЗАПИСЕЙ НЕ ОБНАРУЖЕНО для таблицы av_spr_kontr_license
2021-12-23 16:08:54| *** НЕАКТУАЛЬНЫХ ЗАПИСЕЙ НЕ ОБНАРУЖЕНО для таблицы av_spr_kontr_viddog
2021-12-23 16:08:54| *** НЕАКТУАЛЬНЫХ ЗАПИСЕЙ НЕ ОБНАРУЖЕНО для таблицы av_spr_lgot
2021-12-23 16:08:54| *** НЕАКТУАЛЬНЫХ ЗАПИСЕЙ НЕ ОБНАРУЖЕНО для таблицы av_spr_locality
2021-12-23 16:08:54| *** НЕАКТУАЛЬНЫХ ЗАПИСЕЙ НЕ ОБНАРУЖЕНО для таблицы av_spr_night
2021-12-23 16:08:55| *** НЕАКТУАЛЬНЫХ ЗАПИСЕЙ НЕ ОБНАРУЖЕНО для таблицы av_spr_path
2021-12-23 16:08:55| *** НЕАКТУАЛЬНЫХ ЗАПИСЕЙ НЕ ОБНАРУЖЕНО для таблицы av_spr_point
2021-12-23 16:08:55| *** НЕАКТУАЛЬНЫХ ЗАПИСЕЙ НЕ ОБНАРУЖЕНО для таблицы av_spr_point_group
2021-12-23 16:08:55| *** НЕАКТУАЛЬНЫХ ЗАПИСЕЙ НЕ ОБНАРУЖЕНО для таблицы av_spr_taxi
2021-12-23 16:08:55| *** НЕАКТУАЛЬНЫХ ЗАПИСЕЙ НЕ ОБНАРУЖЕНО для таблицы av_spr_uslugi
2021-12-23 16:08:56| *** НЕАКТУАЛЬНЫХ ЗАПИСЕЙ НЕ ОБНАРУЖЕНО для таблицы av_tarif
2021-12-23 16:08:56| *** НЕАКТУАЛЬНЫХ ЗАПИСЕЙ НЕ ОБНАРУЖЕНО для таблицы av_tarif_bagag
2021-12-23 16:08:56| *** НЕАКТУАЛЬНЫХ ЗАПИСЕЙ НЕ ОБНАРУЖЕНО для таблицы av_tarif_lgot
2021-12-23 16:08:56| *** НЕАКТУАЛЬНЫХ ЗАПИСЕЙ НЕ ОБНАРУЖЕНО для таблицы av_tarif_local
2021-12-23 16:08:57| *** НЕАКТУАЛЬНЫХ ЗАПИСЕЙ НЕ ОБНАРУЖЕНО для таблицы av_tarif_predv
2021-12-23 16:08:57| *** НЕАКТУАЛЬНЫХ ЗАПИСЕЙ НЕ ОБНАРУЖЕНО для таблицы av_tarif_uslugi
2021-12-23 16:08:57| *** НЕАКТУАЛЬНЫХ ЗАПИСЕЙ НЕ ОБНАРУЖЕНО для таблицы av_tick_addition
2021-12-23 16:08:57| *** НЕАКТУАЛЬНЫХ ЗАПИСЕЙ НЕ ОБНАРУЖЕНО для таблицы av_tick_shablon
2021-12-23 16:08:58| *** НЕАКТУАЛЬНЫХ ЗАПИСЕЙ НЕ ОБНАРУЖЕНО для таблицы av_tick_vars
2021-12-23 16:08:58| *** НЕАКТУАЛЬНЫХ ЗАПИСЕЙ НЕ ОБНАРУЖЕНО для таблицы av_users
2021-12-23 16:08:58| *** НЕАКТУАЛЬНЫХ ЗАПИСЕЙ НЕ ОБНАРУЖЕНО для таблицы av_users_arm
2021-12-23 16:08:58| *** НЕАКТУАЛЬНЫХ ЗАПИСЕЙ НЕ ОБНАРУЖЕНО для таблицы av_users_arm_options
2021-12-23 16:08:58| --- 10 НЕАКТУАЛЬНЫХ ЗАПИСЕЙ УДАЛЕНО из таблицы av_users_group
2021-12-23 16:08:59| *** НЕАКТУАЛЬНЫХ ЗАПИСЕЙ НЕ ОБНАРУЖЕНО для таблицы av_users_menu_perm
2021-12-23 16:08:59| *** НЕАКТУАЛЬНЫХ ЗАПИСЕЙ НЕ ОБНАРУЖЕНО для таблицы av_users_podr
2021-12-23 16:08:59| --- 2 НЕАКТУАЛЬНЫХ ЗАПИСЕЙ УДАЛЕНО из таблицы av_users_servers
2021-12-23 16:08:59| =============================Sync_local_real====================================
2021-12-23 16:08:59| +-+-+ Определение доступности Локального сервера [816] -+-+-
2021-12-23 16:08:59| -*- Заполнение таблицы av_trip локальных отрезков расписаний данными...
2021-12-23 16:09:00| +++ Таблица av_trip УСПЕШНО обновлена! Добавлено записей: 358
2021-12-23 16:09:00| | Обновление таблицы av_trip_atp_ats [ПЕРЕВОЗЧИК + АТС]
2021-12-23 16:09:00| _НЕ обнаружено новых данных в таблице [ПЕРЕВОЗЧИК + АТС]
2021-12-23 16:09:00| :info: в таблице av_trip_atp_ats сейчас 310 записей.
2021-12-23 16:09:00| | Обновление таблицы av-trip-dog-lic данных по рейсам [ДОГОВОРА И ЛИЦЕНЗИИ + ПЕРЕВОЗЧИК]
2021-12-23 16:09:00| _НЕ обнаружено новых данных в таблице [ДОГОВОРА И ЛИЦЕНЗИИ + ПЕРЕВОЗЧИК]
2021-12-23 16:09:00| :info: в таблице av_trip_dog_lic сейчас 275 записей.
2021-12-23 16:09:00| ********* Успешно завершена запись журнала на Центральный сервер  *************
2021-12-23 16:09:00| *******************************************************************************
2021-12-23 16:09:00| --------------/*\ Синхронизация ЗАВЕРШЕНА !  /*\---------------
2021-12-23 16:09:00| -----------------\*/______________________\*/------------------
2021-12-23 16:09:50| ! В Н И М А Н И Е ! Выключена автоматическая синхронизация данных по расписанию !
