0.1.1.0
2021-12-30 09:11:02| ! ! Синхронизация по расписанию ВКЛЮЧЕНА ! !
2021-12-30 09:11:07| --------------\*/ Синхронизация НАЧАЛО (ручной режим) \*/---------------
2021-12-30 09:11:07| ******************************< 17 >***********************************
2021-12-30 09:11:07| Обновляется сервер Невинномысск АС [67] ip:172.27.11.5
2021-12-30 09:11:07| проверка необходимости в обновлении сервера
2021-12-30 09:11:07| +Определение доступности Центрального сервера
2021-12-30 09:11:07| Проверка сервера на блокировку
2021-12-30 09:11:07| Блокируем сервер 67
2021-12-30 09:11:07| =============================sync_data========================================
2021-12-30 09:11:07| - Успешно получен список синхронизируемых справочников.
2021-12-30 09:11:09| Таблица №9 из 57 | av_shedule - записей добавлено: 12
2021-12-30 09:11:09| Таблица №10 из 57 | av_shedule_atp - записей добавлено: 4
2021-12-30 09:11:10| Таблица №11 из 57 | av_shedule_ats - записей добавлено: 70
2021-12-30 09:11:10| Таблица №18 из 57 | av_shedule_price - записей добавлено: 37
2021-12-30 09:11:11| Таблица №21 из 57 | av_shedule_sostav - записей добавлено: 12
2021-12-30 09:11:15| :::::::::::::: УДАЛЕНИЕ НЕАКТУАЛЬНЫХ ЗАПИСЕЙ В ТАБЛИЦАХ :::::::::::::::::::::
2021-12-30 09:11:16| *** НЕАКТУАЛЬНЫХ ЗАПИСЕЙ НЕ ОБНАРУЖЕНО для таблицы av_arm_menu
2021-12-30 09:11:16| *** НЕАКТУАЛЬНЫХ ЗАПИСЕЙ НЕ ОБНАРУЖЕНО для таблицы av_arm_options
2021-12-30 09:11:16| *** НЕАКТУАЛЬНЫХ ЗАПИСЕЙ НЕ ОБНАРУЖЕНО для таблицы av_group
2021-12-30 09:11:17| *** НЕАКТУАЛЬНЫХ ЗАПИСЕЙ НЕ ОБНАРУЖЕНО для таблицы av_pdp_dest_point
2021-12-30 09:11:17| *** НЕАКТУАЛЬНЫХ ЗАПИСЕЙ НЕ ОБНАРУЖЕНО для таблицы av_route
2021-12-30 09:11:17| *** НЕАКТУАЛЬНЫХ ЗАПИСЕЙ НЕ ОБНАРУЖЕНО для таблицы av_servers
2021-12-30 09:11:17| *** НЕАКТУАЛЬНЫХ ЗАПИСЕЙ НЕ ОБНАРУЖЕНО для таблицы av_servers_access
2021-12-30 09:11:18| *** НЕАКТУАЛЬНЫХ ЗАПИСЕЙ НЕ ОБНАРУЖЕНО для таблицы av_servers_denyuser
2021-12-30 09:11:18| --- 11 НЕАКТУАЛЬНЫХ ЗАПИСЕЙ УДАЛЕНО из таблицы av_shedule
2021-12-30 09:11:18| --- 4 НЕАКТУАЛЬНЫХ ЗАПИСЕЙ УДАЛЕНО из таблицы av_shedule_atp
2021-12-30 09:11:19| --- 70 НЕАКТУАЛЬНЫХ ЗАПИСЕЙ УДАЛЕНО из таблицы av_shedule_ats
2021-12-30 09:11:20| *** НЕАКТУАЛЬНЫХ ЗАПИСЕЙ НЕ ОБНАРУЖЕНО для таблицы av_shedule_bron
2021-12-30 09:11:20| *** НЕАКТУАЛЬНЫХ ЗАПИСЕЙ НЕ ОБНАРУЖЕНО для таблицы av_shedule_denyuser
2021-12-30 09:11:20| *** НЕАКТУАЛЬНЫХ ЗАПИСЕЙ НЕ ОБНАРУЖЕНО для таблицы av_shedule_fio
2021-12-30 09:11:20| *** НЕАКТУАЛЬНЫХ ЗАПИСЕЙ НЕ ОБНАРУЖЕНО для таблицы av_shedule_hard_bron
2021-12-30 09:11:21| *** НЕАКТУАЛЬНЫХ ЗАПИСЕЙ НЕ ОБНАРУЖЕНО для таблицы av_shedule_invisible
2021-12-30 09:11:21| *** НЕАКТУАЛЬНЫХ ЗАПИСЕЙ НЕ ОБНАРУЖЕНО для таблицы av_shedule_lgot
2021-12-30 09:11:21| --- 28 НЕАКТУАЛЬНЫХ ЗАПИСЕЙ УДАЛЕНО из таблицы av_shedule_price
2021-12-30 09:11:21| *** НЕАКТУАЛЬНЫХ ЗАПИСЕЙ НЕ ОБНАРУЖЕНО для таблицы av_shedule_remote_sale_permition
2021-12-30 09:11:22| *** НЕАКТУАЛЬНЫХ ЗАПИСЕЙ НЕ ОБНАРУЖЕНО для таблицы av_shedule_sezon
2021-12-30 09:11:22| --- 7 НЕАКТУАЛЬНЫХ ЗАПИСЕЙ УДАЛЕНО из таблицы av_shedule_sostav
2021-12-30 09:11:23| *** НЕАКТУАЛЬНЫХ ЗАПИСЕЙ НЕ ОБНАРУЖЕНО для таблицы av_shedule_tarif
2021-12-30 09:11:23| *** НЕАКТУАЛЬНЫХ ЗАПИСЕЙ НЕ ОБНАРУЖЕНО для таблицы av_shedule_tel
2021-12-30 09:11:23| *** НЕАКТУАЛЬНЫХ ЗАПИСЕЙ НЕ ОБНАРУЖЕНО для таблицы av_shedule_uslugi
2021-12-30 09:11:24| *** НЕАКТУАЛЬНЫХ ЗАПИСЕЙ НЕ ОБНАРУЖЕНО для таблицы av_shedule_voin_deny
2021-12-30 09:11:24| *** НЕАКТУАЛЬНЫХ ЗАПИСЕЙ НЕ ОБНАРУЖЕНО для таблицы av_spr_arenda
2021-12-30 09:11:24| *** НЕАКТУАЛЬНЫХ ЗАПИСЕЙ НЕ ОБНАРУЖЕНО для таблицы av_spr_ats
2021-12-30 09:11:26| *** НЕАКТУАЛЬНЫХ ЗАПИСЕЙ НЕ ОБНАРУЖЕНО для таблицы av_spr_kontragent
2021-12-30 09:11:26| *** НЕАКТУАЛЬНЫХ ЗАПИСЕЙ НЕ ОБНАРУЖЕНО для таблицы av_spr_kontr_ats
2021-12-30 09:11:26| *** НЕАКТУАЛЬНЫХ ЗАПИСЕЙ НЕ ОБНАРУЖЕНО для таблицы av_spr_kontr_dog
2021-12-30 09:11:26| *** НЕАКТУАЛЬНЫХ ЗАПИСЕЙ НЕ ОБНАРУЖЕНО для таблицы av_spr_kontr_fio
2021-12-30 09:11:27| *** НЕАКТУАЛЬНЫХ ЗАПИСЕЙ НЕ ОБНАРУЖЕНО для таблицы av_spr_kontr_license
2021-12-30 09:11:27| *** НЕАКТУАЛЬНЫХ ЗАПИСЕЙ НЕ ОБНАРУЖЕНО для таблицы av_spr_kontr_viddog
2021-12-30 09:11:27| *** НЕАКТУАЛЬНЫХ ЗАПИСЕЙ НЕ ОБНАРУЖЕНО для таблицы av_spr_lgot
2021-12-30 09:11:27| *** НЕАКТУАЛЬНЫХ ЗАПИСЕЙ НЕ ОБНАРУЖЕНО для таблицы av_spr_locality
2021-12-30 09:11:28| *** НЕАКТУАЛЬНЫХ ЗАПИСЕЙ НЕ ОБНАРУЖЕНО для таблицы av_spr_night
2021-12-30 09:11:28| *** НЕАКТУАЛЬНЫХ ЗАПИСЕЙ НЕ ОБНАРУЖЕНО для таблицы av_spr_path
2021-12-30 09:11:28| *** НЕАКТУАЛЬНЫХ ЗАПИСЕЙ НЕ ОБНАРУЖЕНО для таблицы av_spr_point
2021-12-30 09:11:29| *** НЕАКТУАЛЬНЫХ ЗАПИСЕЙ НЕ ОБНАРУЖЕНО для таблицы av_spr_point_group
2021-12-30 09:11:29| *** НЕАКТУАЛЬНЫХ ЗАПИСЕЙ НЕ ОБНАРУЖЕНО для таблицы av_spr_taxi
2021-12-30 09:11:29| *** НЕАКТУАЛЬНЫХ ЗАПИСЕЙ НЕ ОБНАРУЖЕНО для таблицы av_spr_uslugi
2021-12-30 09:11:29| *** НЕАКТУАЛЬНЫХ ЗАПИСЕЙ НЕ ОБНАРУЖЕНО для таблицы av_tarif
2021-12-30 09:11:30| *** НЕАКТУАЛЬНЫХ ЗАПИСЕЙ НЕ ОБНАРУЖЕНО для таблицы av_tarif_bagag
2021-12-30 09:11:30| *** НЕАКТУАЛЬНЫХ ЗАПИСЕЙ НЕ ОБНАРУЖЕНО для таблицы av_tarif_lgot
2021-12-30 09:11:30| *** НЕАКТУАЛЬНЫХ ЗАПИСЕЙ НЕ ОБНАРУЖЕНО для таблицы av_tarif_local
2021-12-30 09:11:30| *** НЕАКТУАЛЬНЫХ ЗАПИСЕЙ НЕ ОБНАРУЖЕНО для таблицы av_tarif_predv
2021-12-30 09:11:31| *** НЕАКТУАЛЬНЫХ ЗАПИСЕЙ НЕ ОБНАРУЖЕНО для таблицы av_tarif_uslugi
2021-12-30 09:11:31| *** НЕАКТУАЛЬНЫХ ЗАПИСЕЙ НЕ ОБНАРУЖЕНО для таблицы av_tick_addition
2021-12-30 09:11:31| *** НЕАКТУАЛЬНЫХ ЗАПИСЕЙ НЕ ОБНАРУЖЕНО для таблицы av_tick_shablon
2021-12-30 09:11:31| *** НЕАКТУАЛЬНЫХ ЗАПИСЕЙ НЕ ОБНАРУЖЕНО для таблицы av_tick_vars
2021-12-30 09:11:32| *** НЕАКТУАЛЬНЫХ ЗАПИСЕЙ НЕ ОБНАРУЖЕНО для таблицы av_users
2021-12-30 09:11:32| *** НЕАКТУАЛЬНЫХ ЗАПИСЕЙ НЕ ОБНАРУЖЕНО для таблицы av_users_arm
2021-12-30 09:11:32| *** НЕАКТУАЛЬНЫХ ЗАПИСЕЙ НЕ ОБНАРУЖЕНО для таблицы av_users_arm_options
2021-12-30 09:11:33| *** НЕАКТУАЛЬНЫХ ЗАПИСЕЙ НЕ ОБНАРУЖЕНО для таблицы av_users_group
2021-12-30 09:11:33| *** НЕАКТУАЛЬНЫХ ЗАПИСЕЙ НЕ ОБНАРУЖЕНО для таблицы av_users_menu_perm
2021-12-30 09:11:33| *** НЕАКТУАЛЬНЫХ ЗАПИСЕЙ НЕ ОБНАРУЖЕНО для таблицы av_users_podr
2021-12-30 09:11:33| *** НЕАКТУАЛЬНЫХ ЗАПИСЕЙ НЕ ОБНАРУЖЕНО для таблицы av_users_servers
2021-12-30 09:11:34| =============================Sync_local_real====================================
2021-12-30 09:11:34| +-+-+ Определение доступности Локального сервера [67] -+-+-
2021-12-30 09:11:34| -*- Заполнение таблицы av_trip локальных отрезков расписаний данными...
2021-12-30 09:11:35| +++ Таблица av_trip УСПЕШНО обновлена! Добавлено записей: 633
2021-12-30 09:11:35| | Обновление таблицы av_trip_atp_ats [ПЕРЕВОЗЧИК + АТС]
2021-12-30 09:11:36| _НЕ обнаружено новых данных в таблице [ПЕРЕВОЗЧИК + АТС]
2021-12-30 09:11:36| :info: в таблице av_trip_atp_ats сейчас 595 записей.
2021-12-30 09:11:36| | Обновление таблицы av-trip-dog-lic данных по рейсам [ДОГОВОРА И ЛИЦЕНЗИИ + ПЕРЕВОЗЧИК]
2021-12-30 09:11:37| _НЕ обнаружено новых данных в таблице [ДОГОВОРА И ЛИЦЕНЗИИ + ПЕРЕВОЗЧИК]
2021-12-30 09:11:37| :info: в таблице av_trip_dog_lic сейчас 530 записей.
2021-12-30 09:11:37| ********* Успешно завершена запись журнала на Центральный сервер  *************
2021-12-30 09:11:37| *******************************************************************************
2021-12-30 09:11:37| --------------/*\ Синхронизация ЗАВЕРШЕНА !  /*\---------------
2021-12-30 09:11:37| -----------------\*/______________________\*/------------------
2021-12-30 09:14:22|  \-таймер авто обновления-/ 
2021-12-30 11:32:20| ! ! Синхронизация по расписанию ВКЛЮЧЕНА ! !
2021-12-30 11:32:27| --------------\*/ Синхронизация НАЧАЛО (ручной режим) \*/---------------
2021-12-30 11:32:27| ******************************< 26 >***********************************
2021-12-30 11:32:27| Обновляется сервер Ставрополь АВ [815] ip:172.27.1.5
2021-12-30 11:32:27| проверка необходимости в обновлении сервера
2021-12-30 11:32:28| +Определение доступности Центрального сервера
2021-12-30 11:32:28| Проверка сервера на блокировку
2021-12-30 11:32:28| Блокируем сервер 815
2021-12-30 11:32:28| =============================sync_data========================================
2021-12-30 11:32:28| - Успешно получен список синхронизируемых справочников.
2021-12-30 11:32:28| Таблица №9 из 57 | av_shedule - записей добавлено: 35
2021-12-30 11:32:28| Таблица №10 из 57 | av_shedule_atp - записей добавлено: 10
2021-12-30 11:32:28| Таблица №11 из 57 | av_shedule_ats - записей добавлено: 130
2021-12-30 11:32:28| Таблица №18 из 57 | av_shedule_price - записей добавлено: 111
2021-12-30 11:32:28| Таблица №20 из 57 | av_shedule_sezon - записей добавлено: 3
2021-12-30 11:32:28| Таблица №21 из 57 | av_shedule_sostav - записей добавлено: 17
2021-12-30 11:32:28| Таблица №22 из 57 | av_shedule_tarif - записей добавлено: 134
2021-12-30 11:32:29| Таблица №51 из 57 | av_users - записей добавлено: 2
2021-12-30 11:32:29| Таблица №52 из 57 | av_users_arm - записей добавлено: 2
2021-12-30 11:32:29| Таблица №53 из 57 | av_users_arm_options - записей добавлено: 3
2021-12-30 11:32:29| Таблица №54 из 57 | av_users_group - записей добавлено: 5
2021-12-30 11:32:29| Таблица №55 из 57 | av_users_menu_perm - записей добавлено: 46
2021-12-30 11:32:29| Таблица №57 из 57 | av_users_servers - записей добавлено: 2
2021-12-30 11:32:29| :::::::::::::: УДАЛЕНИЕ НЕАКТУАЛЬНЫХ ЗАПИСЕЙ В ТАБЛИЦАХ :::::::::::::::::::::
2021-12-30 11:32:30| *** НЕАКТУАЛЬНЫХ ЗАПИСЕЙ НЕ ОБНАРУЖЕНО для таблицы av_arm_menu
2021-12-30 11:32:30| *** НЕАКТУАЛЬНЫХ ЗАПИСЕЙ НЕ ОБНАРУЖЕНО для таблицы av_arm_options
2021-12-30 11:32:30| *** НЕАКТУАЛЬНЫХ ЗАПИСЕЙ НЕ ОБНАРУЖЕНО для таблицы av_group
2021-12-30 11:32:30| *** НЕАКТУАЛЬНЫХ ЗАПИСЕЙ НЕ ОБНАРУЖЕНО для таблицы av_pdp_dest_point
2021-12-30 11:32:30| *** НЕАКТУАЛЬНЫХ ЗАПИСЕЙ НЕ ОБНАРУЖЕНО для таблицы av_route
2021-12-30 11:32:30| *** НЕАКТУАЛЬНЫХ ЗАПИСЕЙ НЕ ОБНАРУЖЕНО для таблицы av_servers
2021-12-30 11:32:30| *** НЕАКТУАЛЬНЫХ ЗАПИСЕЙ НЕ ОБНАРУЖЕНО для таблицы av_servers_access
2021-12-30 11:32:30| *** НЕАКТУАЛЬНЫХ ЗАПИСЕЙ НЕ ОБНАРУЖЕНО для таблицы av_servers_denyuser
2021-12-30 11:32:30| --- 34 НЕАКТУАЛЬНЫХ ЗАПИСЕЙ УДАЛЕНО из таблицы av_shedule
2021-12-30 11:32:30| --- 9 НЕАКТУАЛЬНЫХ ЗАПИСЕЙ УДАЛЕНО из таблицы av_shedule_atp
2021-12-30 11:32:30| --- 130 НЕАКТУАЛЬНЫХ ЗАПИСЕЙ УДАЛЕНО из таблицы av_shedule_ats
2021-12-30 11:32:30| *** НЕАКТУАЛЬНЫХ ЗАПИСЕЙ НЕ ОБНАРУЖЕНО для таблицы av_shedule_bron
2021-12-30 11:32:30| *** НЕАКТУАЛЬНЫХ ЗАПИСЕЙ НЕ ОБНАРУЖЕНО для таблицы av_shedule_denyuser
2021-12-30 11:32:30| *** НЕАКТУАЛЬНЫХ ЗАПИСЕЙ НЕ ОБНАРУЖЕНО для таблицы av_shedule_fio
2021-12-30 11:32:30| *** НЕАКТУАЛЬНЫХ ЗАПИСЕЙ НЕ ОБНАРУЖЕНО для таблицы av_shedule_hard_bron
2021-12-30 11:32:30| *** НЕАКТУАЛЬНЫХ ЗАПИСЕЙ НЕ ОБНАРУЖЕНО для таблицы av_shedule_invisible
2021-12-30 11:32:30| *** НЕАКТУАЛЬНЫХ ЗАПИСЕЙ НЕ ОБНАРУЖЕНО для таблицы av_shedule_lgot
2021-12-30 11:32:30| --- 66 НЕАКТУАЛЬНЫХ ЗАПИСЕЙ УДАЛЕНО из таблицы av_shedule_price
2021-12-30 11:32:30| *** НЕАКТУАЛЬНЫХ ЗАПИСЕЙ НЕ ОБНАРУЖЕНО для таблицы av_shedule_remote_sale_permition
2021-12-30 11:32:30| --- 3 НЕАКТУАЛЬНЫХ ЗАПИСЕЙ УДАЛЕНО из таблицы av_shedule_sezon
2021-12-30 11:32:31| --- 9 НЕАКТУАЛЬНЫХ ЗАПИСЕЙ УДАЛЕНО из таблицы av_shedule_sostav
2021-12-30 11:32:31| --- 97 НЕАКТУАЛЬНЫХ ЗАПИСЕЙ УДАЛЕНО из таблицы av_shedule_tarif
2021-12-30 11:32:31| *** НЕАКТУАЛЬНЫХ ЗАПИСЕЙ НЕ ОБНАРУЖЕНО для таблицы av_shedule_tel
2021-12-30 11:32:31| *** НЕАКТУАЛЬНЫХ ЗАПИСЕЙ НЕ ОБНАРУЖЕНО для таблицы av_shedule_uslugi
2021-12-30 11:32:31| *** НЕАКТУАЛЬНЫХ ЗАПИСЕЙ НЕ ОБНАРУЖЕНО для таблицы av_shedule_voin_deny
2021-12-30 11:32:31| *** НЕАКТУАЛЬНЫХ ЗАПИСЕЙ НЕ ОБНАРУЖЕНО для таблицы av_spr_arenda
2021-12-30 11:32:31| *** НЕАКТУАЛЬНЫХ ЗАПИСЕЙ НЕ ОБНАРУЖЕНО для таблицы av_spr_ats
2021-12-30 11:32:32| *** НЕАКТУАЛЬНЫХ ЗАПИСЕЙ НЕ ОБНАРУЖЕНО для таблицы av_spr_kontragent
2021-12-30 11:32:32| *** НЕАКТУАЛЬНЫХ ЗАПИСЕЙ НЕ ОБНАРУЖЕНО для таблицы av_spr_kontr_ats
2021-12-30 11:32:32| *** НЕАКТУАЛЬНЫХ ЗАПИСЕЙ НЕ ОБНАРУЖЕНО для таблицы av_spr_kontr_dog
2021-12-30 11:32:32| *** НЕАКТУАЛЬНЫХ ЗАПИСЕЙ НЕ ОБНАРУЖЕНО для таблицы av_spr_kontr_fio
2021-12-30 11:32:32| *** НЕАКТУАЛЬНЫХ ЗАПИСЕЙ НЕ ОБНАРУЖЕНО для таблицы av_spr_kontr_license
2021-12-30 11:32:32| *** НЕАКТУАЛЬНЫХ ЗАПИСЕЙ НЕ ОБНАРУЖЕНО для таблицы av_spr_kontr_viddog
2021-12-30 11:32:32| *** НЕАКТУАЛЬНЫХ ЗАПИСЕЙ НЕ ОБНАРУЖЕНО для таблицы av_spr_lgot
2021-12-30 11:32:32| *** НЕАКТУАЛЬНЫХ ЗАПИСЕЙ НЕ ОБНАРУЖЕНО для таблицы av_spr_locality
2021-12-30 11:32:32| *** НЕАКТУАЛЬНЫХ ЗАПИСЕЙ НЕ ОБНАРУЖЕНО для таблицы av_spr_night
2021-12-30 11:32:32| *** НЕАКТУАЛЬНЫХ ЗАПИСЕЙ НЕ ОБНАРУЖЕНО для таблицы av_spr_path
2021-12-30 11:32:32| *** НЕАКТУАЛЬНЫХ ЗАПИСЕЙ НЕ ОБНАРУЖЕНО для таблицы av_spr_point
2021-12-30 11:32:32| *** НЕАКТУАЛЬНЫХ ЗАПИСЕЙ НЕ ОБНАРУЖЕНО для таблицы av_spr_point_group
2021-12-30 11:32:32| *** НЕАКТУАЛЬНЫХ ЗАПИСЕЙ НЕ ОБНАРУЖЕНО для таблицы av_spr_taxi
2021-12-30 11:32:32| *** НЕАКТУАЛЬНЫХ ЗАПИСЕЙ НЕ ОБНАРУЖЕНО для таблицы av_spr_uslugi
2021-12-30 11:32:32| *** НЕАКТУАЛЬНЫХ ЗАПИСЕЙ НЕ ОБНАРУЖЕНО для таблицы av_tarif
2021-12-30 11:32:32| *** НЕАКТУАЛЬНЫХ ЗАПИСЕЙ НЕ ОБНАРУЖЕНО для таблицы av_tarif_bagag
2021-12-30 11:32:32| *** НЕАКТУАЛЬНЫХ ЗАПИСЕЙ НЕ ОБНАРУЖЕНО для таблицы av_tarif_lgot
2021-12-30 11:32:32| *** НЕАКТУАЛЬНЫХ ЗАПИСЕЙ НЕ ОБНАРУЖЕНО для таблицы av_tarif_local
2021-12-30 11:32:32| *** НЕАКТУАЛЬНЫХ ЗАПИСЕЙ НЕ ОБНАРУЖЕНО для таблицы av_tarif_predv
2021-12-30 11:32:32| *** НЕАКТУАЛЬНЫХ ЗАПИСЕЙ НЕ ОБНАРУЖЕНО для таблицы av_tarif_uslugi
2021-12-30 11:32:32| *** НЕАКТУАЛЬНЫХ ЗАПИСЕЙ НЕ ОБНАРУЖЕНО для таблицы av_tick_addition
2021-12-30 11:32:32| *** НЕАКТУАЛЬНЫХ ЗАПИСЕЙ НЕ ОБНАРУЖЕНО для таблицы av_tick_shablon
2021-12-30 11:32:32| *** НЕАКТУАЛЬНЫХ ЗАПИСЕЙ НЕ ОБНАРУЖЕНО для таблицы av_tick_vars
2021-12-30 11:32:32| *** НЕАКТУАЛЬНЫХ ЗАПИСЕЙ НЕ ОБНАРУЖЕНО для таблицы av_users
2021-12-30 11:32:32| *** НЕАКТУАЛЬНЫХ ЗАПИСЕЙ НЕ ОБНАРУЖЕНО для таблицы av_users_arm
2021-12-30 11:32:33| *** НЕАКТУАЛЬНЫХ ЗАПИСЕЙ НЕ ОБНАРУЖЕНО для таблицы av_users_arm_options
2021-12-30 11:32:33| *** НЕАКТУАЛЬНЫХ ЗАПИСЕЙ НЕ ОБНАРУЖЕНО для таблицы av_users_group
2021-12-30 11:32:33| *** НЕАКТУАЛЬНЫХ ЗАПИСЕЙ НЕ ОБНАРУЖЕНО для таблицы av_users_menu_perm
2021-12-30 11:32:33| *** НЕАКТУАЛЬНЫХ ЗАПИСЕЙ НЕ ОБНАРУЖЕНО для таблицы av_users_podr
2021-12-30 11:32:33| *** НЕАКТУАЛЬНЫХ ЗАПИСЕЙ НЕ ОБНАРУЖЕНО для таблицы av_users_servers
2021-12-30 11:32:33| =============================Sync_local_real====================================
2021-12-30 11:32:33| +-+-+ Определение доступности Локального сервера [815] -+-+-
2021-12-30 11:32:33| -*- Заполнение таблицы av_trip локальных отрезков расписаний данными...
2021-12-30 11:32:34| _НЕ обнаружено новых данных в таблице локальных отрезков расписаний
2021-12-30 11:32:34| | Обновление таблицы av_trip_atp_ats [ПЕРЕВОЗЧИК + АТС]
2021-12-30 11:32:34| _НЕ обнаружено новых данных в таблице [ПЕРЕВОЗЧИК + АТС]
2021-12-30 11:32:34| :info: в таблице av_trip_atp_ats сейчас 1446 записей.
2021-12-30 11:32:34| | Обновление таблицы av-trip-dog-lic данных по рейсам [ДОГОВОРА И ЛИЦЕНЗИИ + ПЕРЕВОЗЧИК]
2021-12-30 11:32:36| _НЕ обнаружено новых данных в таблице [ДОГОВОРА И ЛИЦЕНЗИИ + ПЕРЕВОЗЧИК]
2021-12-30 11:32:36| :info: в таблице av_trip_dog_lic сейчас 750 записей.
2021-12-30 11:32:36| ********* Успешно завершена запись журнала на Центральный сервер  *************
2021-12-30 11:32:36| *******************************************************************************
2021-12-30 11:32:36| ******************************< 27 >***********************************
2021-12-30 11:32:36| Обновляется сервер Ставрополь АС 1 [816] ip:172.27.4.5
2021-12-30 11:32:36| проверка необходимости в обновлении сервера
2021-12-30 11:32:36| +Определение доступности Центрального сервера
2021-12-30 11:32:36| Проверка сервера на блокировку
2021-12-30 11:32:36| Блокируем сервер 816
2021-12-30 11:32:36| =============================sync_data========================================
2021-12-30 11:32:36| - Успешно получен список синхронизируемых справочников.
2021-12-30 11:32:37| Таблица №9 из 57 | av_shedule - записей добавлено: 22
2021-12-30 11:32:37| Таблица №10 из 57 | av_shedule_atp - записей добавлено: 6
2021-12-30 11:32:38| Таблица №11 из 57 | av_shedule_ats - записей добавлено: 60
2021-12-30 11:32:39| Таблица №18 из 57 | av_shedule_price - записей добавлено: 70
2021-12-30 11:32:39| Таблица №20 из 57 | av_shedule_sezon - записей добавлено: 3
2021-12-30 11:32:40| Таблица №22 из 57 | av_shedule_tarif - записей добавлено: 134
2021-12-30 11:32:43| :::::::::::::: УДАЛЕНИЕ НЕАКТУАЛЬНЫХ ЗАПИСЕЙ В ТАБЛИЦАХ :::::::::::::::::::::
2021-12-30 11:32:44| *** НЕАКТУАЛЬНЫХ ЗАПИСЕЙ НЕ ОБНАРУЖЕНО для таблицы av_arm_menu
2021-12-30 11:32:44| *** НЕАКТУАЛЬНЫХ ЗАПИСЕЙ НЕ ОБНАРУЖЕНО для таблицы av_arm_options
2021-12-30 11:32:44| *** НЕАКТУАЛЬНЫХ ЗАПИСЕЙ НЕ ОБНАРУЖЕНО для таблицы av_group
2021-12-30 11:32:44| *** НЕАКТУАЛЬНЫХ ЗАПИСЕЙ НЕ ОБНАРУЖЕНО для таблицы av_pdp_dest_point
2021-12-30 11:32:45| *** НЕАКТУАЛЬНЫХ ЗАПИСЕЙ НЕ ОБНАРУЖЕНО для таблицы av_route
2021-12-30 11:32:45| *** НЕАКТУАЛЬНЫХ ЗАПИСЕЙ НЕ ОБНАРУЖЕНО для таблицы av_servers
2021-12-30 11:32:45| *** НЕАКТУАЛЬНЫХ ЗАПИСЕЙ НЕ ОБНАРУЖЕНО для таблицы av_servers_access
2021-12-30 11:32:45| *** НЕАКТУАЛЬНЫХ ЗАПИСЕЙ НЕ ОБНАРУЖЕНО для таблицы av_servers_denyuser
2021-12-30 11:32:45| --- 22 НЕАКТУАЛЬНЫХ ЗАПИСЕЙ УДАЛЕНО из таблицы av_shedule
2021-12-30 11:32:46| --- 5 НЕАКТУАЛЬНЫХ ЗАПИСЕЙ УДАЛЕНО из таблицы av_shedule_atp
2021-12-30 11:32:46| --- 60 НЕАКТУАЛЬНЫХ ЗАПИСЕЙ УДАЛЕНО из таблицы av_shedule_ats
2021-12-30 11:32:47| *** НЕАКТУАЛЬНЫХ ЗАПИСЕЙ НЕ ОБНАРУЖЕНО для таблицы av_shedule_bron
2021-12-30 11:32:47| *** НЕАКТУАЛЬНЫХ ЗАПИСЕЙ НЕ ОБНАРУЖЕНО для таблицы av_shedule_denyuser
2021-12-30 11:32:47| *** НЕАКТУАЛЬНЫХ ЗАПИСЕЙ НЕ ОБНАРУЖЕНО для таблицы av_shedule_fio
2021-12-30 11:32:47| *** НЕАКТУАЛЬНЫХ ЗАПИСЕЙ НЕ ОБНАРУЖЕНО для таблицы av_shedule_hard_bron
2021-12-30 11:32:47| *** НЕАКТУАЛЬНЫХ ЗАПИСЕЙ НЕ ОБНАРУЖЕНО для таблицы av_shedule_invisible
2021-12-30 11:32:48| *** НЕАКТУАЛЬНЫХ ЗАПИСЕЙ НЕ ОБНАРУЖЕНО для таблицы av_shedule_lgot
2021-12-30 11:32:48| --- 38 НЕАКТУАЛЬНЫХ ЗАПИСЕЙ УДАЛЕНО из таблицы av_shedule_price
2021-12-30 11:32:48| *** НЕАКТУАЛЬНЫХ ЗАПИСЕЙ НЕ ОБНАРУЖЕНО для таблицы av_shedule_remote_sale_permition
2021-12-30 11:32:48| --- 3 НЕАКТУАЛЬНЫХ ЗАПИСЕЙ УДАЛЕНО из таблицы av_shedule_sezon
2021-12-30 11:32:49| *** НЕАКТУАЛЬНЫХ ЗАПИСЕЙ НЕ ОБНАРУЖЕНО для таблицы av_shedule_sostav
2021-12-30 11:32:50| --- 97 НЕАКТУАЛЬНЫХ ЗАПИСЕЙ УДАЛЕНО из таблицы av_shedule_tarif
2021-12-30 11:32:50| *** НЕАКТУАЛЬНЫХ ЗАПИСЕЙ НЕ ОБНАРУЖЕНО для таблицы av_shedule_tel
2021-12-30 11:32:50| *** НЕАКТУАЛЬНЫХ ЗАПИСЕЙ НЕ ОБНАРУЖЕНО для таблицы av_shedule_uslugi
2021-12-30 11:32:50| *** НЕАКТУАЛЬНЫХ ЗАПИСЕЙ НЕ ОБНАРУЖЕНО для таблицы av_shedule_voin_deny
2021-12-30 11:32:50| *** НЕАКТУАЛЬНЫХ ЗАПИСЕЙ НЕ ОБНАРУЖЕНО для таблицы av_spr_arenda
2021-12-30 11:32:51| *** НЕАКТУАЛЬНЫХ ЗАПИСЕЙ НЕ ОБНАРУЖЕНО для таблицы av_spr_ats
2021-12-30 11:32:51| *** НЕАКТУАЛЬНЫХ ЗАПИСЕЙ НЕ ОБНАРУЖЕНО для таблицы av_spr_kontragent
2021-12-30 11:32:51| *** НЕАКТУАЛЬНЫХ ЗАПИСЕЙ НЕ ОБНАРУЖЕНО для таблицы av_spr_kontr_ats
2021-12-30 11:32:52| *** НЕАКТУАЛЬНЫХ ЗАПИСЕЙ НЕ ОБНАРУЖЕНО для таблицы av_spr_kontr_dog
2021-12-30 11:32:52| *** НЕАКТУАЛЬНЫХ ЗАПИСЕЙ НЕ ОБНАРУЖЕНО для таблицы av_spr_kontr_fio
2021-12-30 11:32:52| *** НЕАКТУАЛЬНЫХ ЗАПИСЕЙ НЕ ОБНАРУЖЕНО для таблицы av_spr_kontr_license
2021-12-30 11:32:52| *** НЕАКТУАЛЬНЫХ ЗАПИСЕЙ НЕ ОБНАРУЖЕНО для таблицы av_spr_kontr_viddog
2021-12-30 11:32:53| *** НЕАКТУАЛЬНЫХ ЗАПИСЕЙ НЕ ОБНАРУЖЕНО для таблицы av_spr_lgot
2021-12-30 11:32:53| *** НЕАКТУАЛЬНЫХ ЗАПИСЕЙ НЕ ОБНАРУЖЕНО для таблицы av_spr_locality
2021-12-30 11:32:53| *** НЕАКТУАЛЬНЫХ ЗАПИСЕЙ НЕ ОБНАРУЖЕНО для таблицы av_spr_night
2021-12-30 11:32:53| *** НЕАКТУАЛЬНЫХ ЗАПИСЕЙ НЕ ОБНАРУЖЕНО для таблицы av_spr_path
2021-12-30 11:32:54| *** НЕАКТУАЛЬНЫХ ЗАПИСЕЙ НЕ ОБНАРУЖЕНО для таблицы av_spr_point
2021-12-30 11:32:54| *** НЕАКТУАЛЬНЫХ ЗАПИСЕЙ НЕ ОБНАРУЖЕНО для таблицы av_spr_point_group
2021-12-30 11:32:54| *** НЕАКТУАЛЬНЫХ ЗАПИСЕЙ НЕ ОБНАРУЖЕНО для таблицы av_spr_taxi
2021-12-30 11:32:54| *** НЕАКТУАЛЬНЫХ ЗАПИСЕЙ НЕ ОБНАРУЖЕНО для таблицы av_spr_uslugi
2021-12-30 11:32:54| *** НЕАКТУАЛЬНЫХ ЗАПИСЕЙ НЕ ОБНАРУЖЕНО для таблицы av_tarif
2021-12-30 11:32:55| *** НЕАКТУАЛЬНЫХ ЗАПИСЕЙ НЕ ОБНАРУЖЕНО для таблицы av_tarif_bagag
2021-12-30 11:32:55| *** НЕАКТУАЛЬНЫХ ЗАПИСЕЙ НЕ ОБНАРУЖЕНО для таблицы av_tarif_lgot
2021-12-30 11:32:55| *** НЕАКТУАЛЬНЫХ ЗАПИСЕЙ НЕ ОБНАРУЖЕНО для таблицы av_tarif_local
2021-12-30 11:32:55| *** НЕАКТУАЛЬНЫХ ЗАПИСЕЙ НЕ ОБНАРУЖЕНО для таблицы av_tarif_predv
2021-12-30 11:32:55| *** НЕАКТУАЛЬНЫХ ЗАПИСЕЙ НЕ ОБНАРУЖЕНО для таблицы av_tarif_uslugi
2021-12-30 11:32:56| *** НЕАКТУАЛЬНЫХ ЗАПИСЕЙ НЕ ОБНАРУЖЕНО для таблицы av_tick_addition
2021-12-30 11:32:56| *** НЕАКТУАЛЬНЫХ ЗАПИСЕЙ НЕ ОБНАРУЖЕНО для таблицы av_tick_shablon
2021-12-30 11:32:56| *** НЕАКТУАЛЬНЫХ ЗАПИСЕЙ НЕ ОБНАРУЖЕНО для таблицы av_tick_vars
2021-12-30 11:32:56| *** НЕАКТУАЛЬНЫХ ЗАПИСЕЙ НЕ ОБНАРУЖЕНО для таблицы av_users
2021-12-30 11:32:57| *** НЕАКТУАЛЬНЫХ ЗАПИСЕЙ НЕ ОБНАРУЖЕНО для таблицы av_users_arm
2021-12-30 11:32:57| *** НЕАКТУАЛЬНЫХ ЗАПИСЕЙ НЕ ОБНАРУЖЕНО для таблицы av_users_arm_options
2021-12-30 11:32:57| *** НЕАКТУАЛЬНЫХ ЗАПИСЕЙ НЕ ОБНАРУЖЕНО для таблицы av_users_group
2021-12-30 11:32:57| *** НЕАКТУАЛЬНЫХ ЗАПИСЕЙ НЕ ОБНАРУЖЕНО для таблицы av_users_menu_perm
2021-12-30 11:32:57| *** НЕАКТУАЛЬНЫХ ЗАПИСЕЙ НЕ ОБНАРУЖЕНО для таблицы av_users_podr
2021-12-30 11:32:58| *** НЕАКТУАЛЬНЫХ ЗАПИСЕЙ НЕ ОБНАРУЖЕНО для таблицы av_users_servers
2021-12-30 11:32:58| =============================Sync_local_real====================================
2021-12-30 11:32:58| +-+-+ Определение доступности Локального сервера [816] -+-+-
2021-12-30 11:32:58| -*- Заполнение таблицы av_trip локальных отрезков расписаний данными...
2021-12-30 11:32:58| _НЕ обнаружено новых данных в таблице локальных отрезков расписаний
2021-12-30 11:32:58| | Обновление таблицы av_trip_atp_ats [ПЕРЕВОЗЧИК + АТС]
2021-12-30 11:32:58| _НЕ обнаружено новых данных в таблице [ПЕРЕВОЗЧИК + АТС]
2021-12-30 11:32:59| :info: в таблице av_trip_atp_ats сейчас 312 записей.
2021-12-30 11:32:59| | Обновление таблицы av-trip-dog-lic данных по рейсам [ДОГОВОРА И ЛИЦЕНЗИИ + ПЕРЕВОЗЧИК]
2021-12-30 11:32:59| _НЕ обнаружено новых данных в таблице [ДОГОВОРА И ЛИЦЕНЗИИ + ПЕРЕВОЗЧИК]
2021-12-30 11:32:59| :info: в таблице av_trip_dog_lic сейчас 277 записей.
2021-12-30 11:32:59| ********* Успешно завершена запись журнала на Центральный сервер  *************
2021-12-30 11:32:59| *******************************************************************************
2021-12-30 11:32:59| --------------/*\ Синхронизация ЗАВЕРШЕНА !  /*\---------------
2021-12-30 11:32:59| -----------------\*/______________________\*/------------------
2021-12-30 11:35:37| ! ! Синхронизация по расписанию ВКЛЮЧЕНА ! !
2021-12-30 11:35:42| --------------\*/ Синхронизация НАЧАЛО (ручной режим) \*/---------------
2021-12-30 11:35:42| ******************************< 27 >***********************************
2021-12-30 11:35:42| Обновляется сервер Ставрополь АС 1 [816] ip:172.27.4.5
2021-12-30 11:35:42| проверка необходимости в обновлении сервера
2021-12-30 11:35:42| [816] сервер уже был обновлен за последние 5 минут !
2021-12-30 11:35:42| +Определение доступности Центрального сервера
2021-12-30 11:35:42| Проверка сервера на блокировку
2021-12-30 11:35:42| Блокируем сервер 816
2021-12-30 11:35:42| =============================sync_data========================================
2021-12-30 11:35:43| - Успешно получен список синхронизируемых справочников.
2021-12-30 11:35:43| Таблица №9 из 57 | av_shedule - записей добавлено: 2
2021-12-30 11:35:45| Таблица №22 из 57 | av_shedule_tarif - записей добавлено: 20
2021-12-30 11:35:48| :::::::::::::: УДАЛЕНИЕ НЕАКТУАЛЬНЫХ ЗАПИСЕЙ В ТАБЛИЦАХ :::::::::::::::::::::
2021-12-30 11:35:49| *** НЕАКТУАЛЬНЫХ ЗАПИСЕЙ НЕ ОБНАРУЖЕНО для таблицы av_arm_menu
2021-12-30 11:35:49| *** НЕАКТУАЛЬНЫХ ЗАПИСЕЙ НЕ ОБНАРУЖЕНО для таблицы av_arm_options
2021-12-30 11:35:49| *** НЕАКТУАЛЬНЫХ ЗАПИСЕЙ НЕ ОБНАРУЖЕНО для таблицы av_group
2021-12-30 11:35:49| *** НЕАКТУАЛЬНЫХ ЗАПИСЕЙ НЕ ОБНАРУЖЕНО для таблицы av_pdp_dest_point
2021-12-30 11:35:50| *** НЕАКТУАЛЬНЫХ ЗАПИСЕЙ НЕ ОБНАРУЖЕНО для таблицы av_route
2021-12-30 11:35:50| *** НЕАКТУАЛЬНЫХ ЗАПИСЕЙ НЕ ОБНАРУЖЕНО для таблицы av_servers
2021-12-30 11:35:50| *** НЕАКТУАЛЬНЫХ ЗАПИСЕЙ НЕ ОБНАРУЖЕНО для таблицы av_servers_access
2021-12-30 11:35:50| *** НЕАКТУАЛЬНЫХ ЗАПИСЕЙ НЕ ОБНАРУЖЕНО для таблицы av_servers_denyuser
2021-12-30 11:35:50| --- 2 НЕАКТУАЛЬНЫХ ЗАПИСЕЙ УДАЛЕНО из таблицы av_shedule
2021-12-30 11:35:51| *** НЕАКТУАЛЬНЫХ ЗАПИСЕЙ НЕ ОБНАРУЖЕНО для таблицы av_shedule_atp
2021-12-30 11:35:51| *** НЕАКТУАЛЬНЫХ ЗАПИСЕЙ НЕ ОБНАРУЖЕНО для таблицы av_shedule_ats
2021-12-30 11:35:51| *** НЕАКТУАЛЬНЫХ ЗАПИСЕЙ НЕ ОБНАРУЖЕНО для таблицы av_shedule_bron
2021-12-30 11:35:51| *** НЕАКТУАЛЬНЫХ ЗАПИСЕЙ НЕ ОБНАРУЖЕНО для таблицы av_shedule_denyuser
2021-12-30 11:35:52| *** НЕАКТУАЛЬНЫХ ЗАПИСЕЙ НЕ ОБНАРУЖЕНО для таблицы av_shedule_fio
2021-12-30 11:35:52| *** НЕАКТУАЛЬНЫХ ЗАПИСЕЙ НЕ ОБНАРУЖЕНО для таблицы av_shedule_hard_bron
2021-12-30 11:35:52| *** НЕАКТУАЛЬНЫХ ЗАПИСЕЙ НЕ ОБНАРУЖЕНО для таблицы av_shedule_invisible
2021-12-30 11:35:52| *** НЕАКТУАЛЬНЫХ ЗАПИСЕЙ НЕ ОБНАРУЖЕНО для таблицы av_shedule_lgot
2021-12-30 11:35:52| *** НЕАКТУАЛЬНЫХ ЗАПИСЕЙ НЕ ОБНАРУЖЕНО для таблицы av_shedule_price
2021-12-30 11:35:53| *** НЕАКТУАЛЬНЫХ ЗАПИСЕЙ НЕ ОБНАРУЖЕНО для таблицы av_shedule_remote_sale_permition
2021-12-30 11:35:53| *** НЕАКТУАЛЬНЫХ ЗАПИСЕЙ НЕ ОБНАРУЖЕНО для таблицы av_shedule_sezon
2021-12-30 11:35:53| *** НЕАКТУАЛЬНЫХ ЗАПИСЕЙ НЕ ОБНАРУЖЕНО для таблицы av_shedule_sostav
2021-12-30 11:35:54| --- 10 НЕАКТУАЛЬНЫХ ЗАПИСЕЙ УДАЛЕНО из таблицы av_shedule_tarif
2021-12-30 11:35:54| *** НЕАКТУАЛЬНЫХ ЗАПИСЕЙ НЕ ОБНАРУЖЕНО для таблицы av_shedule_tel
2021-12-30 11:35:55| *** НЕАКТУАЛЬНЫХ ЗАПИСЕЙ НЕ ОБНАРУЖЕНО для таблицы av_shedule_uslugi
2021-12-30 11:35:55| *** НЕАКТУАЛЬНЫХ ЗАПИСЕЙ НЕ ОБНАРУЖЕНО для таблицы av_shedule_voin_deny
2021-12-30 11:35:55| *** НЕАКТУАЛЬНЫХ ЗАПИСЕЙ НЕ ОБНАРУЖЕНО для таблицы av_spr_arenda
2021-12-30 11:35:55| *** НЕАКТУАЛЬНЫХ ЗАПИСЕЙ НЕ ОБНАРУЖЕНО для таблицы av_spr_ats
2021-12-30 11:35:56| *** НЕАКТУАЛЬНЫХ ЗАПИСЕЙ НЕ ОБНАРУЖЕНО для таблицы av_spr_kontragent
2021-12-30 11:35:56| *** НЕАКТУАЛЬНЫХ ЗАПИСЕЙ НЕ ОБНАРУЖЕНО для таблицы av_spr_kontr_ats
2021-12-30 11:35:57| *** НЕАКТУАЛЬНЫХ ЗАПИСЕЙ НЕ ОБНАРУЖЕНО для таблицы av_spr_kontr_dog
2021-12-30 11:35:57| *** НЕАКТУАЛЬНЫХ ЗАПИСЕЙ НЕ ОБНАРУЖЕНО для таблицы av_spr_kontr_fio
2021-12-30 11:35:57| *** НЕАКТУАЛЬНЫХ ЗАПИСЕЙ НЕ ОБНАРУЖЕНО для таблицы av_spr_kontr_license
2021-12-30 11:35:57| *** НЕАКТУАЛЬНЫХ ЗАПИСЕЙ НЕ ОБНАРУЖЕНО для таблицы av_spr_kontr_viddog
2021-12-30 11:35:57| *** НЕАКТУАЛЬНЫХ ЗАПИСЕЙ НЕ ОБНАРУЖЕНО для таблицы av_spr_lgot
2021-12-30 11:35:58| *** НЕАКТУАЛЬНЫХ ЗАПИСЕЙ НЕ ОБНАРУЖЕНО для таблицы av_spr_locality
2021-12-30 11:35:58| *** НЕАКТУАЛЬНЫХ ЗАПИСЕЙ НЕ ОБНАРУЖЕНО для таблицы av_spr_night
2021-12-30 11:35:58| *** НЕАКТУАЛЬНЫХ ЗАПИСЕЙ НЕ ОБНАРУЖЕНО для таблицы av_spr_path
2021-12-30 11:35:58| *** НЕАКТУАЛЬНЫХ ЗАПИСЕЙ НЕ ОБНАРУЖЕНО для таблицы av_spr_point
2021-12-30 11:35:58| *** НЕАКТУАЛЬНЫХ ЗАПИСЕЙ НЕ ОБНАРУЖЕНО для таблицы av_spr_point_group
2021-12-30 11:35:59| *** НЕАКТУАЛЬНЫХ ЗАПИСЕЙ НЕ ОБНАРУЖЕНО для таблицы av_spr_taxi
2021-12-30 11:35:59| *** НЕАКТУАЛЬНЫХ ЗАПИСЕЙ НЕ ОБНАРУЖЕНО для таблицы av_spr_uslugi
2021-12-30 11:35:59| *** НЕАКТУАЛЬНЫХ ЗАПИСЕЙ НЕ ОБНАРУЖЕНО для таблицы av_tarif
2021-12-30 11:35:59| *** НЕАКТУАЛЬНЫХ ЗАПИСЕЙ НЕ ОБНАРУЖЕНО для таблицы av_tarif_bagag
2021-12-30 11:35:59| *** НЕАКТУАЛЬНЫХ ЗАПИСЕЙ НЕ ОБНАРУЖЕНО для таблицы av_tarif_lgot
2021-12-30 11:36:00| *** НЕАКТУАЛЬНЫХ ЗАПИСЕЙ НЕ ОБНАРУЖЕНО для таблицы av_tarif_local
2021-12-30 11:36:00| *** НЕАКТУАЛЬНЫХ ЗАПИСЕЙ НЕ ОБНАРУЖЕНО для таблицы av_tarif_predv
2021-12-30 11:36:00| *** НЕАКТУАЛЬНЫХ ЗАПИСЕЙ НЕ ОБНАРУЖЕНО для таблицы av_tarif_uslugi
2021-12-30 11:36:00| *** НЕАКТУАЛЬНЫХ ЗАПИСЕЙ НЕ ОБНАРУЖЕНО для таблицы av_tick_addition
2021-12-30 11:36:01| *** НЕАКТУАЛЬНЫХ ЗАПИСЕЙ НЕ ОБНАРУЖЕНО для таблицы av_tick_shablon
2021-12-30 11:36:01| *** НЕАКТУАЛЬНЫХ ЗАПИСЕЙ НЕ ОБНАРУЖЕНО для таблицы av_tick_vars
2021-12-30 11:36:01| *** НЕАКТУАЛЬНЫХ ЗАПИСЕЙ НЕ ОБНАРУЖЕНО для таблицы av_users
2021-12-30 11:36:01| *** НЕАКТУАЛЬНЫХ ЗАПИСЕЙ НЕ ОБНАРУЖЕНО для таблицы av_users_arm
2021-12-30 11:36:01| *** НЕАКТУАЛЬНЫХ ЗАПИСЕЙ НЕ ОБНАРУЖЕНО для таблицы av_users_arm_options
2021-12-30 11:36:02| *** НЕАКТУАЛЬНЫХ ЗАПИСЕЙ НЕ ОБНАРУЖЕНО для таблицы av_users_group
2021-12-30 11:36:02| *** НЕАКТУАЛЬНЫХ ЗАПИСЕЙ НЕ ОБНАРУЖЕНО для таблицы av_users_menu_perm
2021-12-30 11:36:02| *** НЕАКТУАЛЬНЫХ ЗАПИСЕЙ НЕ ОБНАРУЖЕНО для таблицы av_users_podr
2021-12-30 11:36:02| *** НЕАКТУАЛЬНЫХ ЗАПИСЕЙ НЕ ОБНАРУЖЕНО для таблицы av_users_servers
2021-12-30 11:36:03| =============================Sync_local_real====================================
2021-12-30 11:36:03| +-+-+ Определение доступности Локального сервера [816] -+-+-
2021-12-30 11:36:03| -*- Заполнение таблицы av_trip локальных отрезков расписаний данными...
2021-12-30 11:36:03| _НЕ обнаружено новых данных в таблице локальных отрезков расписаний
2021-12-30 11:36:03| | Обновление таблицы av_trip_atp_ats [ПЕРЕВОЗЧИК + АТС]
2021-12-30 11:36:03| _НЕ обнаружено новых данных в таблице [ПЕРЕВОЗЧИК + АТС]
2021-12-30 11:36:03| :info: в таблице av_trip_atp_ats сейчас 312 записей.
2021-12-30 11:36:03| | Обновление таблицы av-trip-dog-lic данных по рейсам [ДОГОВОРА И ЛИЦЕНЗИИ + ПЕРЕВОЗЧИК]
2021-12-30 11:36:04| _НЕ обнаружено новых данных в таблице [ДОГОВОРА И ЛИЦЕНЗИИ + ПЕРЕВОЗЧИК]
2021-12-30 11:36:04| :info: в таблице av_trip_dog_lic сейчас 277 записей.
2021-12-30 11:36:04| ********* Успешно завершена запись журнала на Центральный сервер  *************
2021-12-30 11:36:04| *******************************************************************************
2021-12-30 11:36:04| --------------/*\ Синхронизация ЗАВЕРШЕНА !  /*\---------------
2021-12-30 11:36:04| -----------------\*/______________________\*/------------------
2021-12-30 11:38:57|  \-таймер авто обновления-/ 
2021-12-30 11:42:17|  \-таймер авто обновления-/ 
2021-12-30 11:45:37|  \-таймер авто обновления-/ 
2021-12-30 11:48:37| ! ! Синхронизация по расписанию ВКЛЮЧЕНА ! !
2021-12-30 11:48:57|  \-таймер авто обновления-/ 
2021-12-30 11:52:17|  \-таймер авто обновления-/ 
2021-12-30 11:55:37|  \-таймер авто обновления-/ 
2021-12-30 11:58:57|  \-таймер авто обновления-/ 
2021-12-30 12:02:17|  \-таймер авто обновления-/ 
2021-12-30 12:05:37|  \-таймер авто обновления-/ 
2021-12-30 12:08:57|  \-таймер авто обновления-/ 
2021-12-30 12:12:17|  \-таймер авто обновления-/ 
2021-12-30 12:15:37|  \-таймер авто обновления-/ 
2021-12-30 12:18:57|  \-таймер авто обновления-/ 
2021-12-30 12:22:17|  \-таймер авто обновления-/ 
2021-12-30 12:25:37|  \-таймер авто обновления-/ 
2021-12-30 12:28:57|  \-таймер авто обновления-/ 
2021-12-30 12:32:17|  \-таймер авто обновления-/ 
2021-12-30 12:35:37|  \-таймер авто обновления-/ 
2021-12-30 12:38:57|  \-таймер авто обновления-/ 
2021-12-30 12:42:17|  \-таймер авто обновления-/ 
2021-12-30 12:45:37|  \-таймер авто обновления-/ 
2021-12-30 12:48:57|  \-таймер авто обновления-/ 
2021-12-30 12:52:17|  \-таймер авто обновления-/ 
2021-12-30 12:55:37|  \-таймер авто обновления-/ 
2021-12-30 13:11:50| ! ! Синхронизация по расписанию ВКЛЮЧЕНА ! !
2021-12-30 13:11:56| --------------\*/ Синхронизация НАЧАЛО (ручной режим) \*/---------------
2021-12-30 13:11:56| ******************************< 26 >***********************************
2021-12-30 13:11:56| Обновляется сервер Ставрополь АВ [815] ip:172.27.1.5
2021-12-30 13:11:56| проверка необходимости в обновлении сервера
2021-12-30 13:11:56| +Определение доступности Центрального сервера
2021-12-30 13:11:56| Проверка сервера на блокировку
2021-12-30 13:11:56| Блокируем сервер 815
2021-12-30 13:11:56| =============================sync_data========================================
2021-12-30 13:11:56| - Успешно получен список синхронизируемых справочников.
2021-12-30 13:11:56| Таблица №9 из 57 | av_shedule - записей добавлено: 17
2021-12-30 13:11:57| Таблица №10 из 57 | av_shedule_atp - записей добавлено: 9
2021-12-30 13:11:57| Таблица №11 из 57 | av_shedule_ats - записей добавлено: 396
2021-12-30 13:11:57| Таблица №18 из 57 | av_shedule_price - записей добавлено: 22
2021-12-30 13:11:57| Таблица №22 из 57 | av_shedule_tarif - записей добавлено: 286
2021-12-30 13:11:58| Таблица №51 из 57 | av_users - записей добавлено: 1
2021-12-30 13:11:58| Таблица №52 из 57 | av_users_arm - записей добавлено: 2
2021-12-30 13:11:58| Таблица №53 из 57 | av_users_arm_options - записей добавлено: 19
2021-12-30 13:11:58| Таблица №54 из 57 | av_users_group - записей добавлено: 3
2021-12-30 13:11:58| Таблица №55 из 57 | av_users_menu_perm - записей добавлено: 49
2021-12-30 13:11:58| Таблица №57 из 57 | av_users_servers - записей добавлено: 1
2021-12-30 13:11:58| :::::::::::::: УДАЛЕНИЕ НЕАКТУАЛЬНЫХ ЗАПИСЕЙ В ТАБЛИЦАХ :::::::::::::::::::::
2021-12-30 13:11:58| *** НЕАКТУАЛЬНЫХ ЗАПИСЕЙ НЕ ОБНАРУЖЕНО для таблицы av_arm_menu
2021-12-30 13:11:58| *** НЕАКТУАЛЬНЫХ ЗАПИСЕЙ НЕ ОБНАРУЖЕНО для таблицы av_arm_options
2021-12-30 13:11:58| *** НЕАКТУАЛЬНЫХ ЗАПИСЕЙ НЕ ОБНАРУЖЕНО для таблицы av_group
2021-12-30 13:11:58| *** НЕАКТУАЛЬНЫХ ЗАПИСЕЙ НЕ ОБНАРУЖЕНО для таблицы av_pdp_dest_point
2021-12-30 13:11:58| *** НЕАКТУАЛЬНЫХ ЗАПИСЕЙ НЕ ОБНАРУЖЕНО для таблицы av_route
2021-12-30 13:11:58| *** НЕАКТУАЛЬНЫХ ЗАПИСЕЙ НЕ ОБНАРУЖЕНО для таблицы av_servers
2021-12-30 13:11:58| *** НЕАКТУАЛЬНЫХ ЗАПИСЕЙ НЕ ОБНАРУЖЕНО для таблицы av_servers_access
2021-12-30 13:11:58| *** НЕАКТУАЛЬНЫХ ЗАПИСЕЙ НЕ ОБНАРУЖЕНО для таблицы av_servers_denyuser
2021-12-30 13:11:59| --- 17 НЕАКТУАЛЬНЫХ ЗАПИСЕЙ УДАЛЕНО из таблицы av_shedule
2021-12-30 13:11:59| --- 9 НЕАКТУАЛЬНЫХ ЗАПИСЕЙ УДАЛЕНО из таблицы av_shedule_atp
2021-12-30 13:11:59| --- 395 НЕАКТУАЛЬНЫХ ЗАПИСЕЙ УДАЛЕНО из таблицы av_shedule_ats
2021-12-30 13:11:59| *** НЕАКТУАЛЬНЫХ ЗАПИСЕЙ НЕ ОБНАРУЖЕНО для таблицы av_shedule_bron
2021-12-30 13:11:59| *** НЕАКТУАЛЬНЫХ ЗАПИСЕЙ НЕ ОБНАРУЖЕНО для таблицы av_shedule_denyuser
2021-12-30 13:11:59| *** НЕАКТУАЛЬНЫХ ЗАПИСЕЙ НЕ ОБНАРУЖЕНО для таблицы av_shedule_fio
2021-12-30 13:11:59| *** НЕАКТУАЛЬНЫХ ЗАПИСЕЙ НЕ ОБНАРУЖЕНО для таблицы av_shedule_hard_bron
2021-12-30 13:11:59| *** НЕАКТУАЛЬНЫХ ЗАПИСЕЙ НЕ ОБНАРУЖЕНО для таблицы av_shedule_invisible
2021-12-30 13:11:59| *** НЕАКТУАЛЬНЫХ ЗАПИСЕЙ НЕ ОБНАРУЖЕНО для таблицы av_shedule_lgot
2021-12-30 13:11:59| *** НЕАКТУАЛЬНЫХ ЗАПИСЕЙ НЕ ОБНАРУЖЕНО для таблицы av_shedule_price
2021-12-30 13:11:59| *** НЕАКТУАЛЬНЫХ ЗАПИСЕЙ НЕ ОБНАРУЖЕНО для таблицы av_shedule_remote_sale_permition
2021-12-30 13:11:59| *** НЕАКТУАЛЬНЫХ ЗАПИСЕЙ НЕ ОБНАРУЖЕНО для таблицы av_shedule_sezon
2021-12-30 13:11:59| *** НЕАКТУАЛЬНЫХ ЗАПИСЕЙ НЕ ОБНАРУЖЕНО для таблицы av_shedule_sostav
2021-12-30 13:12:00| --- 173 НЕАКТУАЛЬНЫХ ЗАПИСЕЙ УДАЛЕНО из таблицы av_shedule_tarif
2021-12-30 13:12:00| *** НЕАКТУАЛЬНЫХ ЗАПИСЕЙ НЕ ОБНАРУЖЕНО для таблицы av_shedule_tel
2021-12-30 13:12:00| *** НЕАКТУАЛЬНЫХ ЗАПИСЕЙ НЕ ОБНАРУЖЕНО для таблицы av_shedule_uslugi
2021-12-30 13:12:00| *** НЕАКТУАЛЬНЫХ ЗАПИСЕЙ НЕ ОБНАРУЖЕНО для таблицы av_shedule_voin_deny
2021-12-30 13:12:00| *** НЕАКТУАЛЬНЫХ ЗАПИСЕЙ НЕ ОБНАРУЖЕНО для таблицы av_spr_arenda
2021-12-30 13:12:00| *** НЕАКТУАЛЬНЫХ ЗАПИСЕЙ НЕ ОБНАРУЖЕНО для таблицы av_spr_ats
2021-12-30 13:12:01| *** НЕАКТУАЛЬНЫХ ЗАПИСЕЙ НЕ ОБНАРУЖЕНО для таблицы av_spr_kontragent
2021-12-30 13:12:01| *** НЕАКТУАЛЬНЫХ ЗАПИСЕЙ НЕ ОБНАРУЖЕНО для таблицы av_spr_kontr_ats
2021-12-30 13:12:01| *** НЕАКТУАЛЬНЫХ ЗАПИСЕЙ НЕ ОБНАРУЖЕНО для таблицы av_spr_kontr_dog
2021-12-30 13:12:01| *** НЕАКТУАЛЬНЫХ ЗАПИСЕЙ НЕ ОБНАРУЖЕНО для таблицы av_spr_kontr_fio
2021-12-30 13:12:01| *** НЕАКТУАЛЬНЫХ ЗАПИСЕЙ НЕ ОБНАРУЖЕНО для таблицы av_spr_kontr_license
2021-12-30 13:12:01| *** НЕАКТУАЛЬНЫХ ЗАПИСЕЙ НЕ ОБНАРУЖЕНО для таблицы av_spr_kontr_viddog
2021-12-30 13:12:01| *** НЕАКТУАЛЬНЫХ ЗАПИСЕЙ НЕ ОБНАРУЖЕНО для таблицы av_spr_lgot
2021-12-30 13:12:01| *** НЕАКТУАЛЬНЫХ ЗАПИСЕЙ НЕ ОБНАРУЖЕНО для таблицы av_spr_locality
2021-12-30 13:12:01| *** НЕАКТУАЛЬНЫХ ЗАПИСЕЙ НЕ ОБНАРУЖЕНО для таблицы av_spr_night
2021-12-30 13:12:01| *** НЕАКТУАЛЬНЫХ ЗАПИСЕЙ НЕ ОБНАРУЖЕНО для таблицы av_spr_path
2021-12-30 13:12:01| *** НЕАКТУАЛЬНЫХ ЗАПИСЕЙ НЕ ОБНАРУЖЕНО для таблицы av_spr_point
2021-12-30 13:12:01| *** НЕАКТУАЛЬНЫХ ЗАПИСЕЙ НЕ ОБНАРУЖЕНО для таблицы av_spr_point_group
2021-12-30 13:12:01| *** НЕАКТУАЛЬНЫХ ЗАПИСЕЙ НЕ ОБНАРУЖЕНО для таблицы av_spr_taxi
2021-12-30 13:12:01| *** НЕАКТУАЛЬНЫХ ЗАПИСЕЙ НЕ ОБНАРУЖЕНО для таблицы av_spr_uslugi
2021-12-30 13:12:01| *** НЕАКТУАЛЬНЫХ ЗАПИСЕЙ НЕ ОБНАРУЖЕНО для таблицы av_tarif
2021-12-30 13:12:01| *** НЕАКТУАЛЬНЫХ ЗАПИСЕЙ НЕ ОБНАРУЖЕНО для таблицы av_tarif_bagag
2021-12-30 13:12:01| *** НЕАКТУАЛЬНЫХ ЗАПИСЕЙ НЕ ОБНАРУЖЕНО для таблицы av_tarif_lgot
2021-12-30 13:12:01| *** НЕАКТУАЛЬНЫХ ЗАПИСЕЙ НЕ ОБНАРУЖЕНО для таблицы av_tarif_local
2021-12-30 13:12:01| *** НЕАКТУАЛЬНЫХ ЗАПИСЕЙ НЕ ОБНАРУЖЕНО для таблицы av_tarif_predv
2021-12-30 13:12:01| *** НЕАКТУАЛЬНЫХ ЗАПИСЕЙ НЕ ОБНАРУЖЕНО для таблицы av_tarif_uslugi
2021-12-30 13:12:01| *** НЕАКТУАЛЬНЫХ ЗАПИСЕЙ НЕ ОБНАРУЖЕНО для таблицы av_tick_addition
2021-12-30 13:12:01| *** НЕАКТУАЛЬНЫХ ЗАПИСЕЙ НЕ ОБНАРУЖЕНО для таблицы av_tick_shablon
2021-12-30 13:12:01| *** НЕАКТУАЛЬНЫХ ЗАПИСЕЙ НЕ ОБНАРУЖЕНО для таблицы av_tick_vars
2021-12-30 13:12:01| *** НЕАКТУАЛЬНЫХ ЗАПИСЕЙ НЕ ОБНАРУЖЕНО для таблицы av_users
2021-12-30 13:12:01| *** НЕАКТУАЛЬНЫХ ЗАПИСЕЙ НЕ ОБНАРУЖЕНО для таблицы av_users_arm
2021-12-30 13:12:01| *** НЕАКТУАЛЬНЫХ ЗАПИСЕЙ НЕ ОБНАРУЖЕНО для таблицы av_users_arm_options
2021-12-30 13:12:01| *** НЕАКТУАЛЬНЫХ ЗАПИСЕЙ НЕ ОБНАРУЖЕНО для таблицы av_users_group
2021-12-30 13:12:01| *** НЕАКТУАЛЬНЫХ ЗАПИСЕЙ НЕ ОБНАРУЖЕНО для таблицы av_users_menu_perm
2021-12-30 13:12:01| *** НЕАКТУАЛЬНЫХ ЗАПИСЕЙ НЕ ОБНАРУЖЕНО для таблицы av_users_podr
2021-12-30 13:12:01| *** НЕАКТУАЛЬНЫХ ЗАПИСЕЙ НЕ ОБНАРУЖЕНО для таблицы av_users_servers
2021-12-30 13:12:01| =============================Sync_local_real====================================
2021-12-30 13:12:01| +-+-+ Определение доступности Локального сервера [815] -+-+-
2021-12-30 13:12:01| -*- Заполнение таблицы av_trip локальных отрезков расписаний данными...
2021-12-30 13:12:03| _НЕ обнаружено новых данных в таблице локальных отрезков расписаний
2021-12-30 13:12:03| | Обновление таблицы av_trip_atp_ats [ПЕРЕВОЗЧИК + АТС]
2021-12-30 13:12:03| _НЕ обнаружено новых данных в таблице [ПЕРЕВОЗЧИК + АТС]
2021-12-30 13:12:03| :info: в таблице av_trip_atp_ats сейчас 1446 записей.
2021-12-30 13:12:03| | Обновление таблицы av-trip-dog-lic данных по рейсам [ДОГОВОРА И ЛИЦЕНЗИИ + ПЕРЕВОЗЧИК]
2021-12-30 13:12:05| _НЕ обнаружено новых данных в таблице [ДОГОВОРА И ЛИЦЕНЗИИ + ПЕРЕВОЗЧИК]
2021-12-30 13:12:05| :info: в таблице av_trip_dog_lic сейчас 750 записей.
2021-12-30 13:12:05| ********* Успешно завершена запись журнала на Центральный сервер  *************
2021-12-30 13:12:05| *******************************************************************************
2021-12-30 13:12:05| --------------/*\ Синхронизация ЗАВЕРШЕНА !  /*\---------------
2021-12-30 13:12:05| -----------------\*/______________________\*/------------------
2021-12-30 13:15:10|  \-таймер авто обновления-/ 
2021-12-30 13:18:30|  \-таймер авто обновления-/ 
2021-12-30 13:21:26| ! ! Синхронизация по расписанию ВКЛЮЧЕНА ! !
2021-12-30 13:21:30| --------------\*/ Синхронизация НАЧАЛО (ручной режим) \*/---------------
2021-12-30 13:21:30| ******************************< 8 >***********************************
2021-12-30 13:21:30| Обновляется сервер Зеленокумск Ост. пункт [77] ip:172.27.2.5
2021-12-30 13:21:30| проверка необходимости в обновлении сервера
2021-12-30 13:21:31| +Определение доступности Центрального сервера
2021-12-30 13:21:31| Проверка сервера на блокировку
2021-12-30 13:21:31| Блокируем сервер 77
2021-12-30 13:21:31| =============================sync_data========================================
2021-12-30 13:21:31| - Успешно получен список синхронизируемых справочников.
2021-12-30 13:21:33| Таблица №9 из 57 | av_shedule - записей добавлено: 52
2021-12-30 13:21:33| Таблица №10 из 57 | av_shedule_atp - записей добавлено: 19
2021-12-30 13:21:35| Таблица №11 из 57 | av_shedule_ats - записей добавлено: 526
2021-12-30 13:21:36| Таблица №18 из 57 | av_shedule_price - записей добавлено: 133
2021-12-30 13:21:36| Таблица №20 из 57 | av_shedule_sezon - записей добавлено: 3
2021-12-30 13:21:36| Таблица №21 из 57 | av_shedule_sostav - записей добавлено: 17
2021-12-30 13:21:38| Таблица №22 из 57 | av_shedule_tarif - записей добавлено: 420
2021-12-30 13:21:41| Таблица №51 из 57 | av_users - записей добавлено: 3
2021-12-30 13:21:41| Таблица №52 из 57 | av_users_arm - записей добавлено: 4
2021-12-30 13:21:41| Таблица №53 из 57 | av_users_arm_options - записей добавлено: 22
2021-12-30 13:21:41| Таблица №54 из 57 | av_users_group - записей добавлено: 8
2021-12-30 13:21:42| Таблица №55 из 57 | av_users_menu_perm - записей добавлено: 95
2021-12-30 13:21:42| Таблица №57 из 57 | av_users_servers - записей добавлено: 3
2021-12-30 13:21:42| :::::::::::::: УДАЛЕНИЕ НЕАКТУАЛЬНЫХ ЗАПИСЕЙ В ТАБЛИЦАХ :::::::::::::::::::::
2021-12-30 13:21:42| *** НЕАКТУАЛЬНЫХ ЗАПИСЕЙ НЕ ОБНАРУЖЕНО для таблицы av_arm_menu
2021-12-30 13:21:42| *** НЕАКТУАЛЬНЫХ ЗАПИСЕЙ НЕ ОБНАРУЖЕНО для таблицы av_arm_options
2021-12-30 13:21:43| *** НЕАКТУАЛЬНЫХ ЗАПИСЕЙ НЕ ОБНАРУЖЕНО для таблицы av_group
2021-12-30 13:21:43| *** НЕАКТУАЛЬНЫХ ЗАПИСЕЙ НЕ ОБНАРУЖЕНО для таблицы av_pdp_dest_point
2021-12-30 13:21:43| *** НЕАКТУАЛЬНЫХ ЗАПИСЕЙ НЕ ОБНАРУЖЕНО для таблицы av_route
2021-12-30 13:21:43| *** НЕАКТУАЛЬНЫХ ЗАПИСЕЙ НЕ ОБНАРУЖЕНО для таблицы av_servers
2021-12-30 13:21:44| *** НЕАКТУАЛЬНЫХ ЗАПИСЕЙ НЕ ОБНАРУЖЕНО для таблицы av_servers_access
2021-12-30 13:21:44| *** НЕАКТУАЛЬНЫХ ЗАПИСЕЙ НЕ ОБНАРУЖЕНО для таблицы av_servers_denyuser
2021-12-30 13:21:44| --- 51 НЕАКТУАЛЬНЫХ ЗАПИСЕЙ УДАЛЕНО из таблицы av_shedule
2021-12-30 13:21:44| --- 18 НЕАКТУАЛЬНЫХ ЗАПИСЕЙ УДАЛЕНО из таблицы av_shedule_atp
2021-12-30 13:21:45| --- 525 НЕАКТУАЛЬНЫХ ЗАПИСЕЙ УДАЛЕНО из таблицы av_shedule_ats
2021-12-30 13:21:45| *** НЕАКТУАЛЬНЫХ ЗАПИСЕЙ НЕ ОБНАРУЖЕНО для таблицы av_shedule_bron
2021-12-30 13:21:45| *** НЕАКТУАЛЬНЫХ ЗАПИСЕЙ НЕ ОБНАРУЖЕНО для таблицы av_shedule_denyuser
2021-12-30 13:21:46| *** НЕАКТУАЛЬНЫХ ЗАПИСЕЙ НЕ ОБНАРУЖЕНО для таблицы av_shedule_fio
2021-12-30 13:21:46| *** НЕАКТУАЛЬНЫХ ЗАПИСЕЙ НЕ ОБНАРУЖЕНО для таблицы av_shedule_hard_bron
2021-12-30 13:21:46| *** НЕАКТУАЛЬНЫХ ЗАПИСЕЙ НЕ ОБНАРУЖЕНО для таблицы av_shedule_invisible
2021-12-30 13:21:46| *** НЕАКТУАЛЬНЫХ ЗАПИСЕЙ НЕ ОБНАРУЖЕНО для таблицы av_shedule_lgot
2021-12-30 13:21:47| --- 66 НЕАКТУАЛЬНЫХ ЗАПИСЕЙ УДАЛЕНО из таблицы av_shedule_price
2021-12-30 13:21:47| *** НЕАКТУАЛЬНЫХ ЗАПИСЕЙ НЕ ОБНАРУЖЕНО для таблицы av_shedule_remote_sale_permition
2021-12-30 13:21:47| --- 3 НЕАКТУАЛЬНЫХ ЗАПИСЕЙ УДАЛЕНО из таблицы av_shedule_sezon
2021-12-30 13:21:48| --- 9 НЕАКТУАЛЬНЫХ ЗАПИСЕЙ УДАЛЕНО из таблицы av_shedule_sostav
2021-12-30 13:21:48| --- 270 НЕАКТУАЛЬНЫХ ЗАПИСЕЙ УДАЛЕНО из таблицы av_shedule_tarif
2021-12-30 13:21:49| *** НЕАКТУАЛЬНЫХ ЗАПИСЕЙ НЕ ОБНАРУЖЕНО для таблицы av_shedule_tel
2021-12-30 13:21:49| *** НЕАКТУАЛЬНЫХ ЗАПИСЕЙ НЕ ОБНАРУЖЕНО для таблицы av_shedule_uslugi
2021-12-30 13:21:49| *** НЕАКТУАЛЬНЫХ ЗАПИСЕЙ НЕ ОБНАРУЖЕНО для таблицы av_shedule_voin_deny
2021-12-30 13:21:49| *** НЕАКТУАЛЬНЫХ ЗАПИСЕЙ НЕ ОБНАРУЖЕНО для таблицы av_spr_arenda
2021-12-30 13:21:50| *** НЕАКТУАЛЬНЫХ ЗАПИСЕЙ НЕ ОБНАРУЖЕНО для таблицы av_spr_ats
2021-12-30 13:21:50|  \-таймер авто обновления-/ 
2021-12-30 13:21:50| *** НЕАКТУАЛЬНЫХ ЗАПИСЕЙ НЕ ОБНАРУЖЕНО для таблицы av_spr_kontragent
2021-12-30 13:21:51| *** НЕАКТУАЛЬНЫХ ЗАПИСЕЙ НЕ ОБНАРУЖЕНО для таблицы av_spr_kontr_ats
2021-12-30 13:21:51| *** НЕАКТУАЛЬНЫХ ЗАПИСЕЙ НЕ ОБНАРУЖЕНО для таблицы av_spr_kontr_dog
2021-12-30 13:21:51| *** НЕАКТУАЛЬНЫХ ЗАПИСЕЙ НЕ ОБНАРУЖЕНО для таблицы av_spr_kontr_fio
2021-12-30 13:21:51| *** НЕАКТУАЛЬНЫХ ЗАПИСЕЙ НЕ ОБНАРУЖЕНО для таблицы av_spr_kontr_license
2021-12-30 13:21:52| *** НЕАКТУАЛЬНЫХ ЗАПИСЕЙ НЕ ОБНАРУЖЕНО для таблицы av_spr_kontr_viddog
2021-12-30 13:21:52| *** НЕАКТУАЛЬНЫХ ЗАПИСЕЙ НЕ ОБНАРУЖЕНО для таблицы av_spr_lgot
2021-12-30 13:21:52| *** НЕАКТУАЛЬНЫХ ЗАПИСЕЙ НЕ ОБНАРУЖЕНО для таблицы av_spr_locality
2021-12-30 13:21:52| *** НЕАКТУАЛЬНЫХ ЗАПИСЕЙ НЕ ОБНАРУЖЕНО для таблицы av_spr_night
2021-12-30 13:21:53| *** НЕАКТУАЛЬНЫХ ЗАПИСЕЙ НЕ ОБНАРУЖЕНО для таблицы av_spr_path
2021-12-30 13:21:53| *** НЕАКТУАЛЬНЫХ ЗАПИСЕЙ НЕ ОБНАРУЖЕНО для таблицы av_spr_point
2021-12-30 13:21:53| *** НЕАКТУАЛЬНЫХ ЗАПИСЕЙ НЕ ОБНАРУЖЕНО для таблицы av_spr_point_group
2021-12-30 13:21:53| *** НЕАКТУАЛЬНЫХ ЗАПИСЕЙ НЕ ОБНАРУЖЕНО для таблицы av_spr_taxi
2021-12-30 13:21:54| *** НЕАКТУАЛЬНЫХ ЗАПИСЕЙ НЕ ОБНАРУЖЕНО для таблицы av_spr_uslugi
2021-12-30 13:21:54| *** НЕАКТУАЛЬНЫХ ЗАПИСЕЙ НЕ ОБНАРУЖЕНО для таблицы av_tarif
2021-12-30 13:21:54| *** НЕАКТУАЛЬНЫХ ЗАПИСЕЙ НЕ ОБНАРУЖЕНО для таблицы av_tarif_bagag
2021-12-30 13:21:54| *** НЕАКТУАЛЬНЫХ ЗАПИСЕЙ НЕ ОБНАРУЖЕНО для таблицы av_tarif_lgot
2021-12-30 13:21:55| *** НЕАКТУАЛЬНЫХ ЗАПИСЕЙ НЕ ОБНАРУЖЕНО для таблицы av_tarif_local
2021-12-30 13:21:55| *** НЕАКТУАЛЬНЫХ ЗАПИСЕЙ НЕ ОБНАРУЖЕНО для таблицы av_tarif_predv
2021-12-30 13:21:55| *** НЕАКТУАЛЬНЫХ ЗАПИСЕЙ НЕ ОБНАРУЖЕНО для таблицы av_tarif_uslugi
2021-12-30 13:21:55| *** НЕАКТУАЛЬНЫХ ЗАПИСЕЙ НЕ ОБНАРУЖЕНО для таблицы av_tick_addition
2021-12-30 13:21:56| *** НЕАКТУАЛЬНЫХ ЗАПИСЕЙ НЕ ОБНАРУЖЕНО для таблицы av_tick_shablon
2021-12-30 13:21:56| *** НЕАКТУАЛЬНЫХ ЗАПИСЕЙ НЕ ОБНАРУЖЕНО для таблицы av_tick_vars
2021-12-30 13:21:56| *** НЕАКТУАЛЬНЫХ ЗАПИСЕЙ НЕ ОБНАРУЖЕНО для таблицы av_users
2021-12-30 13:21:56| *** НЕАКТУАЛЬНЫХ ЗАПИСЕЙ НЕ ОБНАРУЖЕНО для таблицы av_users_arm
2021-12-30 13:21:57| *** НЕАКТУАЛЬНЫХ ЗАПИСЕЙ НЕ ОБНАРУЖЕНО для таблицы av_users_arm_options
2021-12-30 13:21:57| *** НЕАКТУАЛЬНЫХ ЗАПИСЕЙ НЕ ОБНАРУЖЕНО для таблицы av_users_group
2021-12-30 13:21:57| *** НЕАКТУАЛЬНЫХ ЗАПИСЕЙ НЕ ОБНАРУЖЕНО для таблицы av_users_menu_perm
2021-12-30 13:21:57| *** НЕАКТУАЛЬНЫХ ЗАПИСЕЙ НЕ ОБНАРУЖЕНО для таблицы av_users_podr
2021-12-30 13:21:58| *** НЕАКТУАЛЬНЫХ ЗАПИСЕЙ НЕ ОБНАРУЖЕНО для таблицы av_users_servers
2021-12-30 13:21:58| =============================Sync_local_real====================================
2021-12-30 13:21:58| +-+-+ Определение доступности Локального сервера [77] -+-+-
2021-12-30 13:21:58| -*- Заполнение таблицы av_trip локальных отрезков расписаний данными...
2021-12-30 13:21:59| +++ Таблица av_trip УСПЕШНО обновлена! Добавлено записей: 276
2021-12-30 13:21:59| | Обновление таблицы av_trip_atp_ats [ПЕРЕВОЗЧИК + АТС]
2021-12-30 13:21:59| *** Для таблицы av-trip-atp-ats обнаружены НОВЫЕ записи в кол-ве: 1
2021-12-30 13:21:59| new atp-> 51; 226; Хвостикова В.М.; 143; ГАЗ-32212 ГН: А 227 ММ-126; 1; 12; 0; 
2021-12-30 13:21:59| !info! в таблице av_trip_atp_ats сейчас 265 записей.
2021-12-30 13:21:59| - Из таблицы av-trip-atp-ats УДАЛЕНО неактуальных записей в кол-ве: 1
2021-12-30 13:22:00| +++ В таблицу [ПЕРЕВОЗЧИК + АТС] УСПЕШНО добавлено новых записей в кол-ве: 1
2021-12-30 13:22:00| :info: в таблице av_trip_atp_ats сейчас 265 записей.
2021-12-30 13:22:00| | Обновление таблицы av-trip-dog-lic данных по рейсам [ДОГОВОРА И ЛИЦЕНЗИИ + ПЕРЕВОЗЧИК]
2021-12-30 13:22:01| _НЕ обнаружено новых данных в таблице [ДОГОВОРА И ЛИЦЕНЗИИ + ПЕРЕВОЗЧИК]
2021-12-30 13:22:01| :info: в таблице av_trip_dog_lic сейчас 305 записей.
2021-12-30 13:22:01| ********* Успешно завершена запись журнала на Центральный сервер  *************
2021-12-30 13:22:01| *******************************************************************************
2021-12-30 13:22:01| --------------/*\ Синхронизация ЗАВЕРШЕНА !  /*\---------------
2021-12-30 13:22:01| -----------------\*/______________________\*/------------------
2021-12-30 13:24:46|  \-таймер авто обновления-/ 
2021-12-30 13:25:10|  \-таймер авто обновления-/ 
2021-12-30 13:28:06|  \-таймер авто обновления-/ 
2021-12-30 13:28:30|  \-таймер авто обновления-/ 
2021-12-30 13:31:26|  \-таймер авто обновления-/ 
2021-12-30 13:31:50|  \-таймер авто обновления-/ 
